[2026-07-05 23:15:28] 监控池共842只股票
[2026-07-05 23:15:28] 已有68个交易日
[2026-07-05 23:15:28] 2025-07-01~2026-03-31共182个交易日
[2026-07-05 23:15:28] 需补182个交易日 (68个已有)
[2026-07-05 23:15:28] [1/182] 2025-07-01 开始...
[2026-07-05 23:16:19]   2025-07-01: 200/842 计算完成, 失败0
[2026-07-05 23:17:16]   2025-07-01: 400/842 计算完成, 失败0
[2026-07-05 23:17:58]   2025-07-01: 600/842 计算完成, 失败0
[2026-07-05 23:18:39]   2025-07-01: 800/842 计算完成, 失败0
[2026-07-05 23:19:39] 2025-07-01 完成! 250s, 写入842只, 失败0, 预计11:55完成
[2026-07-05 23:20:03] 2025-07-01 未来收益计算完成
[2026-07-05 23:20:03] [2/182] 2025-07-02 开始...
[2026-07-05 23:20:44]   2025-07-02: 200/842 计算完成, 失败0
[2026-07-05 23:21:25]   2025-07-02: 400/842 计算完成, 失败0
[2026-07-05 23:22:05]   2025-07-02: 600/842 计算完成, 失败0
[2026-07-05 23:22:46]   2025-07-02: 800/842 计算完成, 失败0
[2026-07-05 23:23:44] 2025-07-02 完成! 221s, 写入842只, 失败0, 预计11:10完成
[2026-07-05 23:24:07] 2025-07-02 未来收益计算完成
[2026-07-05 23:24:07] [3/182] 2025-07-03 开始...
[2026-07-05 23:24:48]   2025-07-03: 200/842 计算完成, 失败0
[2026-07-05 23:25:29]   2025-07-03: 400/842 计算完成, 失败0
[2026-07-05 23:26:09]   2025-07-03: 600/842 计算完成, 失败0
[2026-07-05 23:26:57]   2025-07-03: 800/842 计算完成, 失败0
[2026-07-05 23:28:20] 2025-07-03 完成! 253s, 写入842只, 失败0, 预计11:28完成
[2026-07-05 23:28:51] 2025-07-03 未来收益计算完成
[2026-07-05 23:28:51] [4/182] 2025-07-04 开始...
[2026-07-05 23:29:47]   2025-07-04: 200/842 计算完成, 失败0
[2026-07-05 23:30:28]   2025-07-04: 400/842 计算完成, 失败0
[2026-07-05 23:31:08]   2025-07-04: 600/842 计算完成, 失败0
[2026-07-05 23:31:49]   2025-07-04: 800/842 计算完成, 失败0
[2026-07-05 23:32:46] 2025-07-04 完成! 235s, 写入842只, 失败0, 预计11:24完成
[2026-07-05 23:33:09] 2025-07-04 未来收益计算完成
[2026-07-05 23:33:09] [5/182] 2025-07-07 开始...
[2026-07-05 23:33:51]   2025-07-07: 200/842 计算完成, 失败0
[2026-07-05 23:34:32]   2025-07-07: 400/842 计算完成, 失败0
[2026-07-05 23:35:13]   2025-07-07: 600/842 计算完成, 失败0
[2026-07-05 23:35:54]   2025-07-07: 800/842 计算完成, 失败0
[2026-07-05 23:36:52] 2025-07-07 完成! 222s, 写入842只, 失败0, 预计11:14完成
[2026-07-05 23:37:15] 2025-07-07 未来收益计算完成
[2026-07-05 23:37:15] [6/182] 2025-07-08 开始...
[2026-07-05 23:37:56]   2025-07-08: 200/842 计算完成, 失败0
[2026-07-05 23:38:37]   2025-07-08: 400/842 计算完成, 失败0
[2026-07-05 23:39:17]   2025-07-08: 600/842 计算完成, 失败0
[2026-07-05 23:39:57]   2025-07-08: 800/842 计算完成, 失败0
[2026-07-05 23:40:55] 2025-07-08 完成! 220s, 写入842只, 失败0, 预计11:06完成
[2026-07-05 23:41:19] 2025-07-08 未来收益计算完成
[2026-07-05 23:41:19] [7/182] 2025-07-09 开始...
[2026-07-05 23:42:04]   2025-07-09: 200/842 计算完成, 失败0
[2026-07-05 23:42:45]   2025-07-09: 400/842 计算完成, 失败0
[2026-07-05 23:43:24]   2025-07-09: 600/842 计算完成, 失败0
[2026-07-05 23:44:04]   2025-07-09: 800/842 计算完成, 失败0
[2026-07-05 23:45:02] 2025-07-09 完成! 222s, 写入842只, 失败0, 预计11:01完成
[2026-07-05 23:45:26] 2025-07-09 未来收益计算完成
[2026-07-05 23:45:26] [8/182] 2025-07-10 开始...
[2026-07-05 23:46:06]   2025-07-10: 200/842 计算完成, 失败0
[2026-07-05 23:46:48]   2025-07-10: 400/842 计算完成, 失败0
[2026-07-05 23:47:27]   2025-07-10: 600/842 计算完成, 失败0
[2026-07-05 23:48:08]   2025-07-10: 800/842 计算完成, 失败0
[2026-07-05 23:49:06] 2025-07-10 完成! 220s, 写入842只, 失败0, 预计10:57完成
[2026-07-05 23:49:33] 2025-07-10 未来收益计算完成
[2026-07-05 23:49:33] [9/182] 2025-07-11 开始...
[2026-07-05 23:50:14]   2025-07-11: 200/842 计算完成, 失败0
[2026-07-05 23:50:56]   2025-07-11: 400/842 计算完成, 失败0
[2026-07-05 23:51:42]   2025-07-11: 600/842 计算完成, 失败0
[2026-07-05 23:52:38]   2025-07-11: 800/842 计算完成, 失败0
[2026-07-05 23:53:56] 2025-07-11 完成! 263s, 写入842只, 失败0, 预计11:09完成
[2026-07-05 23:54:25] 2025-07-11 未来收益计算完成
[2026-07-05 23:54:25] [10/182] 2025-07-14 开始...
[2026-07-05 23:55:06]   2025-07-14: 200/842 计算完成, 失败0
[2026-07-05 23:55:48]   2025-07-14: 400/842 计算完成, 失败0
[2026-07-05 23:56:28]   2025-07-14: 600/842 计算完成, 失败0
[2026-07-05 23:57:08]   2025-07-14: 800/842 计算完成, 失败0
[2026-07-05 23:58:06] 2025-07-14 完成! 221s, 写入842只, 失败0, 预计11:05完成
[2026-07-05 23:58:30] 2025-07-14 未来收益计算完成
[2026-07-05 23:58:30] === 进度: 10/182, tide_score_signal=64854条 ===
[2026-07-05 23:58:30] [11/182] 2025-07-15 开始...
[2026-07-05 23:59:11]   2025-07-15: 200/842 计算完成, 失败0
[2026-07-05 23:59:52]   2025-07-15: 400/842 计算完成, 失败0
[2026-07-06 00:00:38]   2025-07-15: 600/842 计算完成, 失败0
[2026-07-06 00:01:19]   2025-07-15: 800/842 计算完成, 失败0
[2026-07-06 00:02:17] 2025-07-15 完成! 227s, 写入842只, 失败0, 预计11:04完成
[2026-07-06 00:02:47] 2025-07-15 未来收益计算完成
[2026-07-06 00:02:47] [12/182] 2025-07-16 开始...
[2026-07-06 00:03:50]   2025-07-16: 200/842 计算完成, 失败0
[2026-07-06 00:04:54]   2025-07-16: 400/842 计算完成, 失败0
[2026-07-06 00:05:36]   2025-07-16: 600/842 计算完成, 失败0
[2026-07-06 00:06:16]   2025-07-16: 800/842 计算完成, 失败0
[2026-07-06 00:07:16] 2025-07-16 完成! 269s, 写入842只, 失败0, 预计11:14完成
[2026-07-06 00:07:40] 2025-07-16 未来收益计算完成
[2026-07-06 00:07:40] [13/182] 2025-07-17 开始...
[2026-07-06 00:08:20]   2025-07-17: 200/842 计算完成, 失败0
[2026-07-06 00:09:01]   2025-07-17: 400/842 计算完成, 失败0
[2026-07-06 00:09:41]   2025-07-17: 600/842 计算完成, 失败0
[2026-07-06 00:10:21]   2025-07-17: 800/842 计算完成, 失败0
[2026-07-06 00:11:19] 2025-07-17 完成! 219s, 写入842只, 失败0, 预计11:10完成
[2026-07-06 00:11:45] 2025-07-17 未来收益计算完成
[2026-07-06 00:11:45] [14/182] 2025-07-18 开始...
[2026-07-06 00:12:27]   2025-07-18: 200/842 计算完成, 失败0
[2026-07-06 00:13:08]   2025-07-18: 400/842 计算完成, 失败0
[2026-07-06 00:13:48]   2025-07-18: 600/842 计算完成, 失败0
[2026-07-06 00:14:27]   2025-07-18: 800/842 计算完成, 失败0
[2026-07-06 00:15:25] 2025-07-18 完成! 220s, 写入842只, 失败0, 预计11:08完成
[2026-07-06 00:15:49] 2025-07-18 未来收益计算完成
[2026-07-06 00:15:49] [15/182] 2025-07-21 开始...
[2026-07-06 00:16:29]   2025-07-21: 200/842 计算完成, 失败0
[2026-07-06 00:17:10]   2025-07-21: 400/842 计算完成, 失败0
[2026-07-06 00:18:02]   2025-07-21: 600/842 计算完成, 失败0
[2026-07-06 00:18:44]   2025-07-21: 800/842 计算完成, 失败0
[2026-07-06 00:19:42] 2025-07-21 完成! 233s, 写入842只, 失败0, 预计11:08完成
[2026-07-06 00:20:06] 2025-07-21 未来收益计算完成
[2026-07-06 00:20:06] [16/182] 2025-07-22 开始...
[2026-07-06 00:20:46]   2025-07-22: 200/842 计算完成, 失败0
[2026-07-06 00:21:27]   2025-07-22: 400/842 计算完成, 失败0
[2026-07-06 00:22:07]   2025-07-22: 600/842 计算完成, 失败0
[2026-07-06 00:22:48]   2025-07-22: 800/842 计算完成, 失败0
[2026-07-06 00:23:47] 2025-07-22 完成! 221s, 写入842只, 失败0, 预计11:06完成
[2026-07-06 00:24:12] 2025-07-22 未来收益计算完成
[2026-07-06 00:24:12] [17/182] 2025-07-23 开始...
[2026-07-06 00:24:53]   2025-07-23: 200/842 计算完成, 失败0
[2026-07-06 00:25:33]   2025-07-23: 400/842 计算完成, 失败0
[2026-07-06 00:26:13]   2025-07-23: 600/842 计算完成, 失败0
[2026-07-06 00:26:53]   2025-07-23: 800/842 计算完成, 失败0
[2026-07-06 00:27:51] 2025-07-23 完成! 219s, 写入842只, 失败0, 预计11:04完成
[2026-07-06 00:28:16] 2025-07-23 未来收益计算完成
[2026-07-06 00:28:16] [18/182] 2025-07-24 开始...
[2026-07-06 00:28:57]   2025-07-24: 200/842 计算完成, 失败0
[2026-07-06 00:29:37]   2025-07-24: 400/842 计算完成, 失败0
[2026-07-06 00:30:17]   2025-07-24: 600/842 计算完成, 失败0
[2026-07-06 00:30:57]   2025-07-24: 800/842 计算完成, 失败0
[2026-07-06 00:31:55] 2025-07-24 完成! 219s, 写入842只, 失败0, 预计11:02完成
[2026-07-06 00:32:20] 2025-07-24 未来收益计算完成
[2026-07-06 00:32:20] [19/182] 2025-07-25 开始...
[2026-07-06 00:33:00]   2025-07-25: 200/842 计算完成, 失败0
[2026-07-06 00:33:41]   2025-07-25: 400/842 计算完成, 失败0
[2026-07-06 00:34:21]   2025-07-25: 600/842 计算完成, 失败0
[2026-07-06 00:35:01]   2025-07-25: 800/842 计算完成, 失败0
[2026-07-06 00:35:59] 2025-07-25 完成! 219s, 写入842只, 失败0, 预计11:01完成
[2026-07-06 00:36:24] 2025-07-25 未来收益计算完成
[2026-07-06 00:36:24] [20/182] 2025-07-28 开始...
[2026-07-06 00:37:04]   2025-07-28: 200/842 计算完成, 失败0
[2026-07-06 00:37:45]   2025-07-28: 400/842 计算完成, 失败0
[2026-07-06 00:38:24]   2025-07-28: 600/842 计算完成, 失败0
[2026-07-06 00:39:05]   2025-07-28: 800/842 计算完成, 失败0
[2026-07-06 00:40:03] 2025-07-28 完成! 220s, 写入842只, 失败0, 预计11:00完成
[2026-07-06 00:40:28] 2025-07-28 未来收益计算完成
[2026-07-06 00:40:28] === 进度: 20/182, tide_score_signal=73274条 ===
[2026-07-06 00:40:28] [21/182] 2025-07-29 开始...
[2026-07-06 00:41:09]   2025-07-29: 200/842 计算完成, 失败0
[2026-07-06 00:41:52]   2025-07-29: 400/842 计算完成, 失败0
[2026-07-06 00:42:31]   2025-07-29: 600/842 计算完成, 失败0
[2026-07-06 00:43:11]   2025-07-29: 800/842 计算完成, 失败0
[2026-07-06 00:44:09] 2025-07-29 完成! 221s, 写入842只, 失败0, 预计10:59完成
[2026-07-06 00:44:33] 2025-07-29 未来收益计算完成
[2026-07-06 00:44:33] [22/182] 2025-07-30 开始...
[2026-07-06 00:45:14]   2025-07-30: 200/842 计算完成, 失败0
[2026-07-06 00:45:55]   2025-07-30: 400/842 计算完成, 失败0
[2026-07-06 00:46:35]   2025-07-30: 600/842 计算完成, 失败0
[2026-07-06 00:47:15]   2025-07-30: 800/842 计算完成, 失败0
[2026-07-06 00:48:12] 2025-07-30 完成! 219s, 写入842只, 失败0, 预计10:58完成
[2026-07-06 00:48:42] 2025-07-30 未来收益计算完成
[2026-07-06 00:48:42] [23/182] 2025-07-31 开始...
[2026-07-06 00:49:24]   2025-07-31: 200/842 计算完成, 失败0
[2026-07-06 00:50:05]   2025-07-31: 400/842 计算完成, 失败0
[2026-07-06 00:50:45]   2025-07-31: 600/842 计算完成, 失败0
[2026-07-06 00:51:25]   2025-07-31: 800/842 计算完成, 失败0
[2026-07-06 00:52:22] 2025-07-31 完成! 220s, 写入842只, 失败0, 预计10:57完成
[2026-07-06 00:52:47] 2025-07-31 未来收益计算完成
[2026-07-06 00:52:47] [24/182] 2025-08-01 开始...
[2026-07-06 00:53:27]   2025-08-01: 200/842 计算完成, 失败0
[2026-07-06 00:54:08]   2025-08-01: 400/842 计算完成, 失败0
[2026-07-06 00:54:49]   2025-08-01: 600/842 计算完成, 失败0
[2026-07-06 00:55:29]   2025-08-01: 800/842 计算完成, 失败0
[2026-07-06 00:56:27] 2025-08-01 完成! 220s, 写入842只, 失败0, 预计10:56完成
[2026-07-06 00:56:52] 2025-08-01 未来收益计算完成
[2026-07-06 00:56:52] [25/182] 2025-08-04 开始...
[2026-07-06 00:57:32]   2025-08-04: 200/842 计算完成, 失败0
[2026-07-06 00:58:13]   2025-08-04: 400/842 计算完成, 失败0
[2026-07-06 00:58:53]   2025-08-04: 600/842 计算完成, 失败0
[2026-07-06 00:59:32]   2025-08-04: 800/842 计算完成, 失败0
[2026-07-06 01:00:30] 2025-08-04 完成! 218s, 写入842只, 失败0, 预计10:56完成
[2026-07-06 01:00:56] 2025-08-04 未来收益计算完成
[2026-07-06 01:00:56] [26/182] 2025-08-05 开始...
[2026-07-06 01:01:36]   2025-08-05: 200/842 计算完成, 失败0
[2026-07-06 01:02:17]   2025-08-05: 400/842 计算完成, 失败0
[2026-07-06 01:02:57]   2025-08-05: 600/842 计算完成, 失败0
[2026-07-06 01:03:37]   2025-08-05: 800/842 计算完成, 失败0
[2026-07-06 01:04:34] 2025-08-05 完成! 219s, 写入842只, 失败0, 预计10:55完成
[2026-07-06 01:04:59] 2025-08-05 未来收益计算完成
[2026-07-06 01:04:59] [27/182] 2025-08-06 开始...
[2026-07-06 01:05:40]   2025-08-06: 200/842 计算完成, 失败0
[2026-07-06 01:06:21]   2025-08-06: 400/842 计算完成, 失败0
[2026-07-06 01:07:00]   2025-08-06: 600/842 计算完成, 失败0
[2026-07-06 01:07:40]   2025-08-06: 800/842 计算完成, 失败0
[2026-07-06 01:08:38] 2025-08-06 完成! 218s, 写入842只, 失败0, 预计10:54完成
[2026-07-06 01:09:02] 2025-08-06 未来收益计算完成
[2026-07-06 01:09:03] [28/182] 2025-08-07 开始...
[2026-07-06 01:09:43]   2025-08-07: 200/842 计算完成, 失败0
[2026-07-06 01:10:24]   2025-08-07: 400/842 计算完成, 失败0
[2026-07-06 01:11:04]   2025-08-07: 600/842 计算完成, 失败0
[2026-07-06 01:11:46]   2025-08-07: 800/842 计算完成, 失败0
[2026-07-06 01:12:44] 2025-08-07 完成! 222s, 写入842只, 失败0, 预计10:54完成
[2026-07-06 01:13:09] 2025-08-07 未来收益计算完成
[2026-07-06 01:13:09] [29/182] 2025-08-08 开始...
[2026-07-06 01:13:50]   2025-08-08: 200/842 计算完成, 失败0
[2026-07-06 01:14:30]   2025-08-08: 400/842 计算完成, 失败0
[2026-07-06 01:15:10]   2025-08-08: 600/842 计算完成, 失败0
[2026-07-06 01:15:50]   2025-08-08: 800/842 计算完成, 失败0
[2026-07-06 01:16:48] 2025-08-08 完成! 219s, 写入842只, 失败0, 预计10:54完成
[2026-07-06 01:17:13] 2025-08-08 未来收益计算完成
[2026-07-06 01:17:13] [30/182] 2025-08-11 开始...
[2026-07-06 01:17:54]   2025-08-11: 200/842 计算完成, 失败0
[2026-07-06 01:18:34]   2025-08-11: 400/842 计算完成, 失败0
[2026-07-06 01:19:14]   2025-08-11: 600/842 计算完成, 失败0
[2026-07-06 01:19:54]   2025-08-11: 800/842 计算完成, 失败0
[2026-07-06 01:20:52] 2025-08-11 完成! 218s, 写入842只, 失败0, 预计10:53完成
[2026-07-06 01:21:17] 2025-08-11 未来收益计算完成
[2026-07-06 01:21:17] === 进度: 30/182, tide_score_signal=81694条 ===
[2026-07-06 01:21:17] [31/182] 2025-08-12 开始...
[2026-07-06 01:21:57]   2025-08-12: 200/842 计算完成, 失败0
[2026-07-06 01:22:38]   2025-08-12: 400/842 计算完成, 失败0
[2026-07-06 01:23:18]   2025-08-12: 600/842 计算完成, 失败0
[2026-07-06 01:23:58]   2025-08-12: 800/842 计算完成, 失败0
[2026-07-06 01:24:56] 2025-08-12 完成! 219s, 写入842只, 失败0, 预计10:53完成
[2026-07-06 01:25:21] 2025-08-12 未来收益计算完成
[2026-07-06 01:25:21] [32/182] 2025-08-13 开始...
[2026-07-06 01:26:02]   2025-08-13: 200/842 计算完成, 失败0
[2026-07-06 01:26:44]   2025-08-13: 400/842 计算完成, 失败0
[2026-07-06 01:27:23]   2025-08-13: 600/842 计算完成, 失败0
[2026-07-06 01:28:04]   2025-08-13: 800/842 计算完成, 失败0
[2026-07-06 01:29:01] 2025-08-13 完成! 220s, 写入842只, 失败0, 预计10:53完成
[2026-07-06 01:29:26] 2025-08-13 未来收益计算完成
[2026-07-06 01:29:26] [33/182] 2025-08-14 开始...
[2026-07-06 01:30:08]   2025-08-14: 200/842 计算完成, 失败0
[2026-07-06 01:30:48]   2025-08-14: 400/842 计算完成, 失败0
[2026-07-06 01:31:28]   2025-08-14: 600/842 计算完成, 失败0
[2026-07-06 01:32:08]   2025-08-14: 800/842 计算完成, 失败0
[2026-07-06 01:33:05] 2025-08-14 完成! 219s, 写入842只, 失败0, 预计10:53完成
[2026-07-06 01:33:30] 2025-08-14 未来收益计算完成
[2026-07-06 01:33:30] [34/182] 2025-08-15 开始...
[2026-07-06 01:34:12]   2025-08-15: 200/842 计算完成, 失败0
[2026-07-06 01:34:53]   2025-08-15: 400/842 计算完成, 失败0
[2026-07-06 01:35:32]   2025-08-15: 600/842 计算完成, 失败0
[2026-07-06 01:36:12]   2025-08-15: 800/842 计算完成, 失败0
[2026-07-06 01:37:09] 2025-08-15 完成! 219s, 写入842只, 失败0, 预计10:53完成
[2026-07-06 01:37:35] 2025-08-15 未来收益计算完成
[2026-07-06 01:37:35] [35/182] 2025-08-18 开始...
[2026-07-06 01:38:16]   2025-08-18: 200/842 计算完成, 失败0
[2026-07-06 01:38:57]   2025-08-18: 400/842 计算完成, 失败0
[2026-07-06 01:39:36]   2025-08-18: 600/842 计算完成, 失败0
[2026-07-06 01:40:16]   2025-08-18: 800/842 计算完成, 失败0
[2026-07-06 01:41:13] 2025-08-18 完成! 218s, 写入842只, 失败0, 预计10:52完成
[2026-07-06 01:41:40] 2025-08-18 未来收益计算完成
[2026-07-06 01:41:40] [36/182] 2025-08-19 开始...
[2026-07-06 01:42:25]   2025-08-19: 200/842 计算完成, 失败0
[2026-07-06 01:43:06]   2025-08-19: 400/842 计算完成, 失败0
[2026-07-06 01:43:46]   2025-08-19: 600/842 计算完成, 失败0
[2026-07-06 01:44:26]   2025-08-19: 800/842 计算完成, 失败0
[2026-07-06 01:45:23] 2025-08-19 完成! 223s, 写入842只, 失败0, 预计10:53完成
[2026-07-06 01:45:52] 2025-08-19 未来收益计算完成
[2026-07-06 01:45:52] [37/182] 2025-08-20 开始...
[2026-07-06 01:46:32]   2025-08-20: 200/842 计算完成, 失败0
[2026-07-06 01:47:13]   2025-08-20: 400/842 计算完成, 失败0
[2026-07-06 01:47:53]   2025-08-20: 600/842 计算完成, 失败0
[2026-07-06 01:48:32]   2025-08-20: 800/842 计算完成, 失败0
[2026-07-06 01:49:37] 2025-08-20 完成! 225s, 写入842只, 失败0, 预计10:53完成
[2026-07-06 01:50:04] 2025-08-20 未来收益计算完成
[2026-07-06 01:50:04] [38/182] 2025-08-21 开始...
[2026-07-06 01:50:44]   2025-08-21: 200/842 计算完成, 失败0
[2026-07-06 01:51:24]   2025-08-21: 400/842 计算完成, 失败0
[2026-07-06 01:52:04]   2025-08-21: 600/842 计算完成, 失败0
[2026-07-06 01:52:44]   2025-08-21: 800/842 计算完成, 失败0
[2026-07-06 01:53:42] 2025-08-21 完成! 218s, 写入842只, 失败0, 预计10:53完成
[2026-07-06 01:54:08] 2025-08-21 未来收益计算完成
[2026-07-06 01:54:08] [39/182] 2025-08-22 开始...
[2026-07-06 01:54:49]   2025-08-22: 200/842 计算完成, 失败0
[2026-07-06 01:55:29]   2025-08-22: 400/842 计算完成, 失败0
[2026-07-06 01:56:10]   2025-08-22: 600/842 计算完成, 失败0
[2026-07-06 01:56:50]   2025-08-22: 800/842 计算完成, 失败0
[2026-07-06 01:57:48] 2025-08-22 完成! 219s, 写入842只, 失败0, 预计10:53完成
[2026-07-06 01:58:14] 2025-08-22 未来收益计算完成
[2026-07-06 01:58:14] [40/182] 2025-08-25 开始...
[2026-07-06 01:58:55]   2025-08-25: 200/842 计算完成, 失败0
[2026-07-06 01:59:35]   2025-08-25: 400/842 计算完成, 失败0
[2026-07-06 02:00:18]   2025-08-25: 600/842 计算完成, 失败0
[2026-07-06 02:01:00]   2025-08-25: 800/842 计算完成, 失败0
[2026-07-06 02:01:58] 2025-08-25 完成! 224s, 写入842只, 失败0, 预计10:53完成
[2026-07-06 02:02:29] 2025-08-25 未来收益计算完成
[2026-07-06 02:02:29] === 进度: 40/182, tide_score_signal=90114条 ===
[2026-07-06 02:02:29] [41/182] 2025-08-26 开始...
[2026-07-06 02:03:09]   2025-08-26: 200/842 计算完成, 失败0
[2026-07-06 02:03:50]   2025-08-26: 400/842 计算完成, 失败0
[2026-07-06 02:04:30]   2025-08-26: 600/842 计算完成, 失败0
[2026-07-06 02:05:10]   2025-08-26: 800/842 计算完成, 失败0
[2026-07-06 02:06:08] 2025-08-26 完成! 219s, 写入842只, 失败0, 预计10:54完成
[2026-07-06 02:06:36] 2025-08-26 未来收益计算完成
[2026-07-06 02:06:36] [42/182] 2025-08-27 开始...
[2026-07-06 02:07:17]   2025-08-27: 200/842 计算完成, 失败0
[2026-07-06 02:07:58]   2025-08-27: 400/842 计算完成, 失败0
[2026-07-06 02:08:37]   2025-08-27: 600/842 计算完成, 失败0
[2026-07-06 02:09:18]   2025-08-27: 800/842 计算完成, 失败0
[2026-07-06 02:10:16] 2025-08-27 完成! 220s, 写入842只, 失败0, 预计10:54完成
[2026-07-06 02:10:44] 2025-08-27 未来收益计算完成
[2026-07-06 02:10:44] [43/182] 2025-08-28 开始...
[2026-07-06 02:11:24]   2025-08-28: 200/842 计算完成, 失败0
[2026-07-06 02:12:09]   2025-08-28: 400/842 计算完成, 失败0
[2026-07-06 02:12:49]   2025-08-28: 600/842 计算完成, 失败0
[2026-07-06 02:13:29]   2025-08-28: 800/842 计算完成, 失败0
[2026-07-06 02:14:28] 2025-08-28 完成! 224s, 写入842只, 失败0, 预计10:54完成
[2026-07-06 02:14:57] 2025-08-28 未来收益计算完成
[2026-07-06 02:14:57] [44/182] 2025-08-29 开始...
[2026-07-06 02:15:36]   2025-08-29: 200/842 计算完成, 失败0
[2026-07-06 02:16:17]   2025-08-29: 400/842 计算完成, 失败0
[2026-07-06 02:16:57]   2025-08-29: 600/842 计算完成, 失败0
[2026-07-06 02:17:37]   2025-08-29: 800/842 计算完成, 失败0
[2026-07-06 02:18:35] 2025-08-29 完成! 218s, 写入842只, 失败0, 预计10:54完成
[2026-07-06 02:19:03] 2025-08-29 未来收益计算完成
[2026-07-06 02:19:03] [45/182] 2025-09-01 开始...
[2026-07-06 02:19:44]   2025-09-01: 200/842 计算完成, 失败0
[2026-07-06 02:20:24]   2025-09-01: 400/842 计算完成, 失败0
[2026-07-06 02:21:04]   2025-09-01: 600/842 计算完成, 失败0
[2026-07-06 02:21:45]   2025-09-01: 800/842 计算完成, 失败0
[2026-07-06 02:22:42] 2025-09-01 完成! 219s, 写入842只, 失败0, 预计10:54完成
[2026-07-06 02:23:11] 2025-09-01 未来收益计算完成
[2026-07-06 02:23:11] [46/182] 2025-09-02 开始...
[2026-07-06 02:23:52]   2025-09-02: 200/842 计算完成, 失败0
[2026-07-06 02:24:32]   2025-09-02: 400/842 计算完成, 失败0
[2026-07-06 02:25:13]   2025-09-02: 600/842 计算完成, 失败0
[2026-07-06 02:25:53]   2025-09-02: 800/842 计算完成, 失败0
[2026-07-06 02:26:51] 2025-09-02 完成! 219s, 写入842只, 失败0, 预计10:54完成
[2026-07-06 02:27:19] 2025-09-02 未来收益计算完成
[2026-07-06 02:27:19] [47/182] 2025-09-03 开始...
[2026-07-06 02:28:00]   2025-09-03: 200/842 计算完成, 失败0
[2026-07-06 02:28:41]   2025-09-03: 400/842 计算完成, 失败0
[2026-07-06 02:29:21]   2025-09-03: 600/842 计算完成, 失败0
[2026-07-06 02:30:02]   2025-09-03: 800/842 计算完成, 失败0
[2026-07-06 02:31:00] 2025-09-03 完成! 221s, 写入842只, 失败0, 预计10:55完成
[2026-07-06 02:31:28] 2025-09-03 未来收益计算完成
[2026-07-06 02:31:28] [48/182] 2025-09-04 开始...
[2026-07-06 02:32:08]   2025-09-04: 200/842 计算完成, 失败0
[2026-07-06 02:32:49]   2025-09-04: 400/842 计算完成, 失败0
[2026-07-06 02:33:29]   2025-09-04: 600/842 计算完成, 失败0
[2026-07-06 02:34:09]   2025-09-04: 800/842 计算完成, 失败0
[2026-07-06 02:35:07] 2025-09-04 完成! 219s, 写入842只, 失败0, 预计10:55完成
[2026-07-06 02:35:34] 2025-09-04 未来收益计算完成
[2026-07-06 02:35:34] [49/182] 2025-09-05 开始...
[2026-07-06 02:36:15]   2025-09-05: 200/842 计算完成, 失败0
[2026-07-06 02:36:56]   2025-09-05: 400/842 计算完成, 失败0
[2026-07-06 02:37:35]   2025-09-05: 600/842 计算完成, 失败0
[2026-07-06 02:38:16]   2025-09-05: 800/842 计算完成, 失败0
[2026-07-06 02:39:13] 2025-09-05 完成! 219s, 写入842只, 失败0, 预计10:55完成
[2026-07-06 02:39:43] 2025-09-05 未来收益计算完成
[2026-07-06 02:39:43] [50/182] 2025-09-08 开始...
[2026-07-06 02:40:22]   2025-09-08: 200/842 计算完成, 失败0
[2026-07-06 02:41:03]   2025-09-08: 400/842 计算完成, 失败0
[2026-07-06 02:41:45]   2025-09-08: 600/842 计算完成, 失败0
[2026-07-06 02:42:27]   2025-09-08: 800/842 计算完成, 失败0
[2026-07-06 02:43:24] 2025-09-08 完成! 222s, 写入842只, 失败0, 预计10:55完成
[2026-07-06 02:43:54] 2025-09-08 未来收益计算完成
[2026-07-06 02:43:54] === 进度: 50/182, tide_score_signal=98534条 ===
[2026-07-06 02:43:54] [51/182] 2025-09-09 开始...
[2026-07-06 02:44:34]   2025-09-09: 200/842 计算完成, 失败0
[2026-07-06 02:45:15]   2025-09-09: 400/842 计算完成, 失败0
[2026-07-06 02:45:56]   2025-09-09: 600/842 计算完成, 失败0
[2026-07-06 02:46:35]   2025-09-09: 800/842 计算完成, 失败0
[2026-07-06 02:47:33] 2025-09-09 完成! 219s, 写入842只, 失败0, 预计10:55完成
[2026-07-06 02:48:02] 2025-09-09 未来收益计算完成
[2026-07-06 02:48:02] [52/182] 2025-09-10 开始...
[2026-07-06 02:48:43]   2025-09-10: 200/842 计算完成, 失败0
[2026-07-06 02:49:26]   2025-09-10: 400/842 计算完成, 失败0
[2026-07-06 02:50:11]   2025-09-10: 600/842 计算完成, 失败0
[2026-07-06 02:50:52]   2025-09-10: 800/842 计算完成, 失败0
[2026-07-06 02:51:49] 2025-09-10 完成! 228s, 写入842只, 失败0, 预计10:56完成
[2026-07-06 02:52:17] 2025-09-10 未来收益计算完成
[2026-07-06 02:52:17] [53/182] 2025-09-11 开始...
[2026-07-06 02:52:58]   2025-09-11: 200/842 计算完成, 失败0
[2026-07-06 02:53:39]   2025-09-11: 400/842 计算完成, 失败0
[2026-07-06 02:54:19]   2025-09-11: 600/842 计算完成, 失败0
[2026-07-06 02:54:59]   2025-09-11: 800/842 计算完成, 失败0
[2026-07-06 02:55:58] 2025-09-11 完成! 220s, 写入842只, 失败0, 预计10:56完成
[2026-07-06 02:56:26] 2025-09-11 未来收益计算完成
[2026-07-06 02:56:26] [54/182] 2025-09-12 开始...
[2026-07-06 02:57:06]   2025-09-12: 200/842 计算完成, 失败0
[2026-07-06 02:57:47]   2025-09-12: 400/842 计算完成, 失败0
[2026-07-06 02:58:27]   2025-09-12: 600/842 计算完成, 失败0
[2026-07-06 02:59:07]   2025-09-12: 800/842 计算完成, 失败0
[2026-07-06 03:00:07] 2025-09-12 完成! 222s, 写入842只, 失败0, 预计10:57完成
[2026-07-06 03:00:48] 2025-09-12 未来收益计算完成
[2026-07-06 03:00:48] [55/182] 2025-09-15 开始...
[2026-07-06 03:01:33]   2025-09-15: 200/842 计算完成, 失败0
[2026-07-06 03:02:15]   2025-09-15: 400/842 计算完成, 失败0
[2026-07-06 03:02:55]   2025-09-15: 600/842 计算完成, 失败0
[2026-07-06 03:03:35]   2025-09-15: 800/842 计算完成, 失败0
[2026-07-06 03:04:32] 2025-09-15 完成! 225s, 写入842只, 失败0, 预计10:58完成
[2026-07-06 03:05:03] 2025-09-15 未来收益计算完成
[2026-07-06 03:05:03] [56/182] 2025-09-16 开始...
[2026-07-06 03:05:43]   2025-09-16: 200/842 计算完成, 失败0
[2026-07-06 03:06:25]   2025-09-16: 400/842 计算完成, 失败0
[2026-07-06 03:07:05]   2025-09-16: 600/842 计算完成, 失败0
[2026-07-06 03:07:45]   2025-09-16: 800/842 计算完成, 失败0
[2026-07-06 03:08:43] 2025-09-16 完成! 220s, 写入842只, 失败0, 预计10:58完成
[2026-07-06 03:09:12] 2025-09-16 未来收益计算完成
[2026-07-06 03:09:12] [57/182] 2025-09-17 开始...
[2026-07-06 03:09:53]   2025-09-17: 200/842 计算完成, 失败0
[2026-07-06 03:10:34]   2025-09-17: 400/842 计算完成, 失败0
[2026-07-06 03:11:14]   2025-09-17: 600/842 计算完成, 失败0
[2026-07-06 03:12:00]   2025-09-17: 800/842 计算完成, 失败0
[2026-07-06 03:12:58] 2025-09-17 完成! 225s, 写入842只, 失败0, 预计10:58完成
[2026-07-06 03:13:28] 2025-09-17 未来收益计算完成
[2026-07-06 03:13:28] [58/182] 2025-09-18 开始...
[2026-07-06 03:14:08]   2025-09-18: 200/842 计算完成, 失败0
[2026-07-06 03:14:50]   2025-09-18: 400/842 计算完成, 失败0
[2026-07-06 03:15:29]   2025-09-18: 600/842 计算完成, 失败0
[2026-07-06 03:16:09]   2025-09-18: 800/842 计算完成, 失败0
[2026-07-06 03:17:08] 2025-09-18 完成! 220s, 写入842只, 失败0, 预计10:59完成
[2026-07-06 03:17:38] 2025-09-18 未来收益计算完成
[2026-07-06 03:17:38] [59/182] 2025-09-19 开始...
[2026-07-06 03:18:19]   2025-09-19: 200/842 计算完成, 失败0
[2026-07-06 03:19:00]   2025-09-19: 400/842 计算完成, 失败0
[2026-07-06 03:19:41]   2025-09-19: 600/842 计算完成, 失败0
[2026-07-06 03:20:21]   2025-09-19: 800/842 计算完成, 失败0
[2026-07-06 03:21:19] 2025-09-19 完成! 221s, 写入842只, 失败0, 预计10:59完成
[2026-07-06 03:21:49] 2025-09-19 未来收益计算完成
[2026-07-06 03:21:49] [60/182] 2025-09-22 开始...
[2026-07-06 03:22:30]   2025-09-22: 200/842 计算完成, 失败0
[2026-07-06 03:23:11]   2025-09-22: 400/842 计算完成, 失败0
[2026-07-06 03:23:51]   2025-09-22: 600/842 计算完成, 失败0
[2026-07-06 03:24:31]   2025-09-22: 800/842 计算完成, 失败0
[2026-07-06 03:25:29] 2025-09-22 完成! 220s, 写入842只, 失败0, 预计10:59完成
[2026-07-06 03:26:00] 2025-09-22 未来收益计算完成
[2026-07-06 03:26:00] === 进度: 60/182, tide_score_signal=106954条 ===
[2026-07-06 03:26:00] [61/182] 2025-09-23 开始...
[2026-07-06 03:26:40]   2025-09-23: 200/842 计算完成, 失败0
[2026-07-06 03:27:21]   2025-09-23: 400/842 计算完成, 失败0
[2026-07-06 03:28:01]   2025-09-23: 600/842 计算完成, 失败0
[2026-07-06 03:28:42]   2025-09-23: 800/842 计算完成, 失败0
[2026-07-06 03:29:39] 2025-09-23 完成! 220s, 写入842只, 失败0, 预计11:00完成
[2026-07-06 03:30:10] 2025-09-23 未来收益计算完成
[2026-07-06 03:30:10] [62/182] 2025-09-24 开始...
[2026-07-06 03:30:50]   2025-09-24: 200/842 计算完成, 失败0
[2026-07-06 03:31:31]   2025-09-24: 400/842 计算完成, 失败0
[2026-07-06 03:32:11]   2025-09-24: 600/842 计算完成, 失败0
[2026-07-06 03:32:52]   2025-09-24: 800/842 计算完成, 失败0
[2026-07-06 03:33:50] 2025-09-24 完成! 221s, 写入842只, 失败0, 预计11:00完成
[2026-07-06 03:34:21] 2025-09-24 未来收益计算完成
[2026-07-06 03:34:21] [63/182] 2025-09-25 开始...
[2026-07-06 03:35:01]   2025-09-25: 200/842 计算完成, 失败0
[2026-07-06 03:35:43]   2025-09-25: 400/842 计算完成, 失败0
[2026-07-06 03:36:23]   2025-09-25: 600/842 计算完成, 失败0
[2026-07-06 03:37:03]   2025-09-25: 800/842 计算完成, 失败0
[2026-07-06 03:38:01] 2025-09-25 完成! 220s, 写入842只, 失败0, 预计11:00完成
[2026-07-06 03:38:31] 2025-09-25 未来收益计算完成
[2026-07-06 03:38:31] [64/182] 2025-09-26 开始...
[2026-07-06 03:39:12]   2025-09-26: 200/842 计算完成, 失败0
[2026-07-06 03:39:53]   2025-09-26: 400/842 计算完成, 失败0
[2026-07-06 03:40:33]   2025-09-26: 600/842 计算完成, 失败0
[2026-07-06 03:41:13]   2025-09-26: 800/842 计算完成, 失败0
[2026-07-06 03:42:15] 2025-09-26 完成! 224s, 写入842只, 失败0, 预计11:01完成
[2026-07-06 03:42:46] 2025-09-26 未来收益计算完成
[2026-07-06 03:42:46] [65/182] 2025-09-29 开始...
[2026-07-06 03:43:26]   2025-09-29: 200/842 计算完成, 失败0
[2026-07-06 03:44:07]   2025-09-29: 400/842 计算完成, 失败0
[2026-07-06 03:44:47]   2025-09-29: 600/842 计算完成, 失败0
[2026-07-06 03:45:28]   2025-09-29: 800/842 计算完成, 失败0
[2026-07-06 03:46:25] 2025-09-29 完成! 220s, 写入842只, 失败0, 预计11:01完成
[2026-07-06 03:46:56] 2025-09-29 未来收益计算完成
[2026-07-06 03:46:56] [66/182] 2025-09-30 开始...
[2026-07-06 03:47:36]   2025-09-30: 200/842 计算完成, 失败0
[2026-07-06 03:48:17]   2025-09-30: 400/842 计算完成, 失败0
[2026-07-06 03:48:59]   2025-09-30: 600/842 计算完成, 失败0
[2026-07-06 03:49:40]   2025-09-30: 800/842 计算完成, 失败0
[2026-07-06 03:50:43] 2025-09-30 完成! 227s, 写入842只, 失败0, 预计11:02完成
[2026-07-06 03:51:13] 2025-09-30 未来收益计算完成
[2026-07-06 03:51:13] [67/182] 2025-10-09 开始...
[2026-07-06 03:51:54]   2025-10-09: 200/842 计算完成, 失败0
[2026-07-06 03:52:35]   2025-10-09: 400/842 计算完成, 失败0
[2026-07-06 03:53:15]   2025-10-09: 600/842 计算完成, 失败0
[2026-07-06 03:53:56]   2025-10-09: 800/842 计算完成, 失败0
[2026-07-06 03:54:53] 2025-10-09 完成! 220s, 写入842只, 失败0, 预计11:02完成
[2026-07-06 03:55:24] 2025-10-09 未来收益计算完成
[2026-07-06 03:55:24] [68/182] 2025-10-10 开始...
[2026-07-06 03:56:05]   2025-10-10: 200/842 计算完成, 失败0
[2026-07-06 03:56:46]   2025-10-10: 400/842 计算完成, 失败0
[2026-07-06 03:57:26]   2025-10-10: 600/842 计算完成, 失败0
[2026-07-06 03:58:06]   2025-10-10: 800/842 计算完成, 失败0
[2026-07-06 03:59:04] 2025-10-10 完成! 220s, 写入842只, 失败0, 预计11:03完成
[2026-07-06 03:59:34] 2025-10-10 未来收益计算完成
[2026-07-06 03:59:34] [69/182] 2025-10-13 开始...
[2026-07-06 04:00:16]   2025-10-13: 200/842 计算完成, 失败0
[2026-07-06 04:00:57]   2025-10-13: 400/842 计算完成, 失败0
[2026-07-06 04:01:37]   2025-10-13: 600/842 计算完成, 失败0
[2026-07-06 04:02:17]   2025-10-13: 800/842 计算完成, 失败0
[2026-07-06 04:03:15] 2025-10-13 完成! 220s, 写入842只, 失败0, 预计11:03完成
[2026-07-06 04:03:45] 2025-10-13 未来收益计算完成
[2026-07-06 04:03:45] [70/182] 2025-10-14 开始...
[2026-07-06 04:04:26]   2025-10-14: 200/842 计算完成, 失败0
[2026-07-06 04:05:08]   2025-10-14: 400/842 计算完成, 失败0
[2026-07-06 04:05:48]   2025-10-14: 600/842 计算完成, 失败0
[2026-07-06 04:06:28]   2025-10-14: 800/842 计算完成, 失败0
[2026-07-06 04:07:26] 2025-10-14 完成! 220s, 写入842只, 失败0, 预计11:03完成
[2026-07-06 04:07:57] 2025-10-14 未来收益计算完成
[2026-07-06 04:07:57] === 进度: 70/182, tide_score_signal=115374条 ===
[2026-07-06 04:07:57] [71/182] 2025-10-15 开始...
[2026-07-06 04:08:37]   2025-10-15: 200/842 计算完成, 失败0
[2026-07-06 04:09:18]   2025-10-15: 400/842 计算完成, 失败0
[2026-07-06 04:09:58]   2025-10-15: 600/842 计算完成, 失败0
[2026-07-06 04:10:38]   2025-10-15: 800/842 计算完成, 失败0
[2026-07-06 04:11:35] 2025-10-15 完成! 219s, 写入842只, 失败0, 预计11:04完成
[2026-07-06 04:12:06] 2025-10-15 未来收益计算完成
[2026-07-06 04:12:06] [72/182] 2025-10-16 开始...
[2026-07-06 04:12:46]   2025-10-16: 200/842 计算完成, 失败0
[2026-07-06 04:13:27]   2025-10-16: 400/842 计算完成, 失败0
[2026-07-06 04:14:07]   2025-10-16: 600/842 计算完成, 失败0
[2026-07-06 04:14:47]   2025-10-16: 800/842 计算完成, 失败0
[2026-07-06 04:15:45] 2025-10-16 完成! 219s, 写入842只, 失败0, 预计11:04完成
[2026-07-06 04:16:16] 2025-10-16 未来收益计算完成
[2026-07-06 04:16:16] [73/182] 2025-10-17 开始...
[2026-07-06 04:16:56]   2025-10-17: 200/842 计算完成, 失败0
[2026-07-06 04:17:37]   2025-10-17: 400/842 计算完成, 失败0
[2026-07-06 04:18:17]   2025-10-17: 600/842 计算完成, 失败0
[2026-07-06 04:18:58]   2025-10-17: 800/842 计算完成, 失败0
[2026-07-06 04:19:55] 2025-10-17 完成! 219s, 写入842只, 失败0, 预计11:05完成
[2026-07-06 04:20:26] 2025-10-17 未来收益计算完成
[2026-07-06 04:20:26] [74/182] 2025-10-20 开始...
[2026-07-06 04:21:07]   2025-10-20: 200/842 计算完成, 失败0
[2026-07-06 04:21:48]   2025-10-20: 400/842 计算完成, 失败0
[2026-07-06 04:22:28]   2025-10-20: 600/842 计算完成, 失败0
[2026-07-06 04:23:08]   2025-10-20: 800/842 计算完成, 失败0
[2026-07-06 04:24:06] 2025-10-20 完成! 220s, 写入842只, 失败0, 预计11:05完成
[2026-07-06 04:24:38] 2025-10-20 未来收益计算完成
[2026-07-06 04:24:38] [75/182] 2025-10-21 开始...
[2026-07-06 04:25:18]   2025-10-21: 200/842 计算完成, 失败0
[2026-07-06 04:25:59]   2025-10-21: 400/842 计算完成, 失败0
[2026-07-06 04:26:39]   2025-10-21: 600/842 计算完成, 失败0
[2026-07-06 04:27:20]   2025-10-21: 800/842 计算完成, 失败0
[2026-07-06 04:28:17] 2025-10-21 完成! 219s, 写入842只, 失败0, 预计11:05完成
[2026-07-06 04:28:49] 2025-10-21 未来收益计算完成
[2026-07-06 04:28:49] [76/182] 2025-10-22 开始...
[2026-07-06 04:29:29]   2025-10-22: 200/842 计算完成, 失败0
[2026-07-06 04:30:10]   2025-10-22: 400/842 计算完成, 失败0
[2026-07-06 04:30:51]   2025-10-22: 600/842 计算完成, 失败0
[2026-07-06 04:31:31]   2025-10-22: 800/842 计算完成, 失败0
[2026-07-06 04:32:28] 2025-10-22 完成! 219s, 写入842只, 失败0, 预计11:06完成
[2026-07-06 04:32:59] 2025-10-22 未来收益计算完成
[2026-07-06 04:32:59] [77/182] 2025-10-23 开始...
[2026-07-06 04:33:39]   2025-10-23: 200/842 计算完成, 失败0
[2026-07-06 04:34:20]   2025-10-23: 400/842 计算完成, 失败0
[2026-07-06 04:35:00]   2025-10-23: 600/842 计算完成, 失败0
[2026-07-06 04:35:41]   2025-10-23: 800/842 计算完成, 失败0
[2026-07-06 04:36:39] 2025-10-23 完成! 220s, 写入842只, 失败0, 预计11:06完成
[2026-07-06 04:37:10] 2025-10-23 未来收益计算完成
[2026-07-06 04:37:10] [78/182] 2025-10-24 开始...
[2026-07-06 04:37:51]   2025-10-24: 200/842 计算完成, 失败0
[2026-07-06 04:38:31]   2025-10-24: 400/842 计算完成, 失败0
[2026-07-06 04:39:11]   2025-10-24: 600/842 计算完成, 失败0
[2026-07-06 04:39:52]   2025-10-24: 800/842 计算完成, 失败0
[2026-07-06 04:40:49] 2025-10-24 完成! 219s, 写入842只, 失败0, 预计11:06完成
[2026-07-06 04:41:20] 2025-10-24 未来收益计算完成
[2026-07-06 04:41:20] [79/182] 2025-10-27 开始...
[2026-07-06 04:42:05]   2025-10-27: 200/842 计算完成, 失败0
[2026-07-06 04:42:46]   2025-10-27: 400/842 计算完成, 失败0
[2026-07-06 04:43:26]   2025-10-27: 600/842 计算完成, 失败0
[2026-07-06 04:44:06]   2025-10-27: 800/842 计算完成, 失败0
[2026-07-06 04:45:03] 2025-10-27 完成! 223s, 写入842只, 失败0, 预计11:07完成
[2026-07-06 04:45:35] 2025-10-27 未来收益计算完成
[2026-07-06 04:45:35] [80/182] 2025-10-28 开始...
[2026-07-06 04:46:15]   2025-10-28: 200/842 计算完成, 失败0
[2026-07-06 04:46:56]   2025-10-28: 400/842 计算完成, 失败0
[2026-07-06 04:47:36]   2025-10-28: 600/842 计算完成, 失败0
[2026-07-06 04:48:17]   2025-10-28: 800/842 计算完成, 失败0
[2026-07-06 04:49:14] 2025-10-28 完成! 219s, 写入842只, 失败0, 预计11:07完成
[2026-07-06 04:49:45] 2025-10-28 未来收益计算完成
[2026-07-06 04:49:46] === 进度: 80/182, tide_score_signal=123794条 ===
[2026-07-06 04:49:46] [81/182] 2025-10-29 开始...
[2026-07-06 04:50:34]   2025-10-29: 200/842 计算完成, 失败0
[2026-07-06 04:51:16]   2025-10-29: 400/842 计算完成, 失败0
[2026-07-06 04:51:56]   2025-10-29: 600/842 计算完成, 失败0
[2026-07-06 04:52:37]   2025-10-29: 800/842 计算完成, 失败0
[2026-07-06 04:53:34] 2025-10-29 完成! 229s, 写入842只, 失败0, 预计11:08完成
[2026-07-06 04:54:06] 2025-10-29 未来收益计算完成
[2026-07-06 04:54:06] [82/182] 2025-10-30 开始...
[2026-07-06 04:54:47]   2025-10-30: 200/842 计算完成, 失败0
[2026-07-06 04:55:28]   2025-10-30: 400/842 计算完成, 失败0
[2026-07-06 04:56:08]   2025-10-30: 600/842 计算完成, 失败0
[2026-07-06 04:56:48]   2025-10-30: 800/842 计算完成, 失败0
[2026-07-06 04:57:46] 2025-10-30 完成! 220s, 写入842只, 失败0, 预计11:09完成
[2026-07-06 04:58:17] 2025-10-30 未来收益计算完成
[2026-07-06 04:58:17] [83/182] 2025-10-31 开始...
[2026-07-06 04:58:58]   2025-10-31: 200/842 计算完成, 失败0
[2026-07-06 04:59:39]   2025-10-31: 400/842 计算完成, 失败0
[2026-07-06 05:00:19]   2025-10-31: 600/842 计算完成, 失败0
[2026-07-06 05:00:59]   2025-10-31: 800/842 计算完成, 失败0
[2026-07-06 05:01:57] 2025-10-31 完成! 220s, 写入842只, 失败0, 预计11:09完成
[2026-07-06 05:02:30] 2025-10-31 未来收益计算完成
[2026-07-06 05:02:30] [84/182] 2025-11-03 开始...
[2026-07-06 05:03:11]   2025-11-03: 200/842 计算完成, 失败0
[2026-07-06 05:03:52]   2025-11-03: 400/842 计算完成, 失败0
[2026-07-06 05:04:32]   2025-11-03: 600/842 计算完成, 失败0
[2026-07-06 05:05:12]   2025-11-03: 800/842 计算完成, 失败0
[2026-07-06 05:06:10] 2025-11-03 完成! 221s, 写入842只, 失败0, 预计11:09完成
[2026-07-06 05:06:43] 2025-11-03 未来收益计算完成
[2026-07-06 05:06:43] [85/182] 2025-11-04 开始...
[2026-07-06 05:07:24]   2025-11-04: 200/842 计算完成, 失败0
[2026-07-06 05:08:07]   2025-11-04: 400/842 计算完成, 失败0
[2026-07-06 05:08:47]   2025-11-04: 600/842 计算完成, 失败0
[2026-07-06 05:09:27]   2025-11-04: 800/842 计算完成, 失败0
[2026-07-06 05:10:25] 2025-11-04 完成! 222s, 写入842只, 失败0, 预计11:10完成
[2026-07-06 05:10:58] 2025-11-04 未来收益计算完成
[2026-07-06 05:10:58] [86/182] 2025-11-05 开始...
[2026-07-06 05:11:38]   2025-11-05: 200/842 计算完成, 失败0
[2026-07-06 05:12:25]   2025-11-05: 400/842 计算完成, 失败0
[2026-07-06 05:13:06]   2025-11-05: 600/842 计算完成, 失败0
[2026-07-06 05:13:46]   2025-11-05: 800/842 计算完成, 失败0
[2026-07-06 05:14:44] 2025-11-05 完成! 226s, 写入842只, 失败0, 预计11:11完成
[2026-07-06 05:15:16] 2025-11-05 未来收益计算完成
[2026-07-06 05:15:16] [87/182] 2025-11-06 开始...
[2026-07-06 05:15:56]   2025-11-06: 200/842 计算完成, 失败0
[2026-07-06 05:16:37]   2025-11-06: 400/842 计算完成, 失败0
[2026-07-06 05:17:17]   2025-11-06: 600/842 计算完成, 失败0
[2026-07-06 05:17:57]   2025-11-06: 800/842 计算完成, 失败0
[2026-07-06 05:18:55] 2025-11-06 完成! 219s, 写入842只, 失败0, 预计11:11完成
[2026-07-06 05:19:27] 2025-11-06 未来收益计算完成
[2026-07-06 05:19:27] [88/182] 2025-11-07 开始...
[2026-07-06 05:20:08]   2025-11-07: 200/842 计算完成, 失败0
[2026-07-06 05:20:49]   2025-11-07: 400/842 计算完成, 失败0
[2026-07-06 05:21:28]   2025-11-07: 600/842 计算完成, 失败0
[2026-07-06 05:22:09]   2025-11-07: 800/842 计算完成, 失败0
[2026-07-06 05:23:07] 2025-11-07 完成! 220s, 写入842只, 失败0, 预计11:11完成
[2026-07-06 05:23:39] 2025-11-07 未来收益计算完成
[2026-07-06 05:23:39] [89/182] 2025-11-10 开始...
[2026-07-06 05:24:21]   2025-11-10: 200/842 计算完成, 失败0
[2026-07-06 05:25:02]   2025-11-10: 400/842 计算完成, 失败0
[2026-07-06 05:25:42]   2025-11-10: 600/842 计算完成, 失败0
[2026-07-06 05:26:22]   2025-11-10: 800/842 计算完成, 失败0
[2026-07-06 05:27:20] 2025-11-10 完成! 220s, 写入842只, 失败0, 预计11:12完成
[2026-07-06 05:27:52] 2025-11-10 未来收益计算完成
[2026-07-06 05:27:52] [90/182] 2025-11-11 开始...
[2026-07-06 05:28:32]   2025-11-11: 200/842 计算完成, 失败0
[2026-07-06 05:29:14]   2025-11-11: 400/842 计算完成, 失败0
[2026-07-06 05:29:54]   2025-11-11: 600/842 计算完成, 失败0
[2026-07-06 05:30:34]   2025-11-11: 800/842 计算完成, 失败0
[2026-07-06 05:31:32] 2025-11-11 完成! 220s, 写入842只, 失败0, 预计11:12完成
[2026-07-06 05:32:04] 2025-11-11 未来收益计算完成
[2026-07-06 05:32:05] === 进度: 90/182, tide_score_signal=132214条 ===
[2026-07-06 05:32:05] [91/182] 2025-11-12 开始...
[2026-07-06 05:32:45]   2025-11-12: 200/842 计算完成, 失败0
[2026-07-06 05:33:26]   2025-11-12: 400/842 计算完成, 失败0
[2026-07-06 05:34:06]   2025-11-12: 600/842 计算完成, 失败0
[2026-07-06 05:34:47]   2025-11-12: 800/842 计算完成, 失败0
[2026-07-06 05:35:45] 2025-11-12 完成! 220s, 写入842只, 失败0, 预计11:13完成
[2026-07-06 05:36:17] 2025-11-12 未来收益计算完成
[2026-07-06 05:36:17] [92/182] 2025-11-13 开始...
[2026-07-06 05:36:58]   2025-11-13: 200/842 计算完成, 失败0
[2026-07-06 05:37:38]   2025-11-13: 400/842 计算完成, 失败0
[2026-07-06 05:38:19]   2025-11-13: 600/842 计算完成, 失败0
[2026-07-06 05:38:59]   2025-11-13: 800/842 计算完成, 失败0
[2026-07-06 05:39:57] 2025-11-13 完成! 220s, 写入842只, 失败0, 预计11:13完成
[2026-07-06 05:40:29] 2025-11-13 未来收益计算完成
[2026-07-06 05:40:29] [93/182] 2025-11-14 开始...
[2026-07-06 05:41:10]   2025-11-14: 200/842 计算完成, 失败0
[2026-07-06 05:41:56]   2025-11-14: 400/842 计算完成, 失败0
[2026-07-06 05:42:35]   2025-11-14: 600/842 计算完成, 失败0
[2026-07-06 05:43:16]   2025-11-14: 800/842 计算完成, 失败0
[2026-07-06 05:44:13] 2025-11-14 完成! 224s, 写入842只, 失败0, 预计11:14完成
[2026-07-06 05:44:46] 2025-11-14 未来收益计算完成
[2026-07-06 05:44:46] [94/182] 2025-11-17 开始...
[2026-07-06 05:45:25]   2025-11-17: 200/842 计算完成, 失败0
[2026-07-06 05:46:07]   2025-11-17: 400/842 计算完成, 失败0
[2026-07-06 05:46:47]   2025-11-17: 600/842 计算完成, 失败0
[2026-07-06 05:47:27]   2025-11-17: 800/842 计算完成, 失败0
[2026-07-06 05:48:25] 2025-11-17 完成! 219s, 写入842只, 失败0, 预计11:14完成
[2026-07-06 05:48:58] 2025-11-17 未来收益计算完成
[2026-07-06 05:48:58] [95/182] 2025-11-18 开始...
[2026-07-06 05:49:38]   2025-11-18: 200/842 计算完成, 失败0
[2026-07-06 05:50:19]   2025-11-18: 400/842 计算完成, 失败0
[2026-07-06 05:51:07]   2025-11-18: 600/842 计算完成, 失败0
[2026-07-06 05:51:47]   2025-11-18: 800/842 计算完成, 失败0
[2026-07-06 05:52:45] 2025-11-18 完成! 227s, 写入842只, 失败0, 预计11:15完成
[2026-07-06 05:53:17] 2025-11-18 未来收益计算完成
[2026-07-06 05:53:17] [96/182] 2025-11-19 开始...
[2026-07-06 05:53:58]   2025-11-19: 200/842 计算完成, 失败0
[2026-07-06 05:54:38]   2025-11-19: 400/842 计算完成, 失败0
[2026-07-06 05:55:19]   2025-11-19: 600/842 计算完成, 失败0
[2026-07-06 05:56:00]   2025-11-19: 800/842 计算完成, 失败0
[2026-07-06 05:56:57] 2025-11-19 完成! 219s, 写入842只, 失败0, 预计11:15完成
[2026-07-06 05:57:29] 2025-11-19 未来收益计算完成
[2026-07-06 05:57:29] [97/182] 2025-11-20 开始...
[2026-07-06 05:58:10]   2025-11-20: 200/842 计算完成, 失败0
[2026-07-06 05:58:52]   2025-11-20: 400/842 计算完成, 失败0
[2026-07-06 05:59:31]   2025-11-20: 600/842 计算完成, 失败0
[2026-07-06 06:00:12]   2025-11-20: 800/842 计算完成, 失败0
[2026-07-06 06:01:09] 2025-11-20 完成! 220s, 写入842只, 失败0, 预计11:16完成
[2026-07-06 06:01:46] 2025-11-20 未来收益计算完成
[2026-07-06 06:01:46] [98/182] 2025-11-21 开始...
[2026-07-06 06:02:26]   2025-11-21: 200/842 计算完成, 失败0
[2026-07-06 06:03:08]   2025-11-21: 400/842 计算完成, 失败0
[2026-07-06 06:03:48]   2025-11-21: 600/842 计算完成, 失败0
[2026-07-06 06:04:28]   2025-11-21: 800/842 计算完成, 失败0
[2026-07-06 06:05:26] 2025-11-21 完成! 219s, 写入842只, 失败0, 预计11:16完成
[2026-07-06 06:05:58] 2025-11-21 未来收益计算完成
[2026-07-06 06:05:58] [99/182] 2025-11-24 开始...
[2026-07-06 06:06:38]   2025-11-24: 200/842 计算完成, 失败0
[2026-07-06 06:07:19]   2025-11-24: 400/842 计算完成, 失败0
[2026-07-06 06:07:59]   2025-11-24: 600/842 计算完成, 失败0
[2026-07-06 06:08:40]   2025-11-24: 800/842 计算完成, 失败0
[2026-07-06 06:09:37] 2025-11-24 完成! 219s, 写入842只, 失败0, 预计11:17完成
[2026-07-06 06:10:11] 2025-11-24 未来收益计算完成
[2026-07-06 06:10:11] [100/182] 2025-11-25 开始...
[2026-07-06 06:10:52]   2025-11-25: 200/842 计算完成, 失败0
[2026-07-06 06:11:33]   2025-11-25: 400/842 计算完成, 失败0
[2026-07-06 06:12:19]   2025-11-25: 600/842 计算完成, 失败0
[2026-07-06 06:12:59]   2025-11-25: 800/842 计算完成, 失败0
[2026-07-06 06:13:57] 2025-11-25 完成! 225s, 写入842只, 失败0, 预计11:18完成
[2026-07-06 06:14:33] 2025-11-25 未来收益计算完成
[2026-07-06 06:14:33] === 进度: 100/182, tide_score_signal=140634条 ===
[2026-07-06 06:14:33] [101/182] 2025-11-26 开始...
[2026-07-06 06:15:13]   2025-11-26: 200/842 计算完成, 失败0
[2026-07-06 06:15:55]   2025-11-26: 400/842 计算完成, 失败0
[2026-07-06 06:16:34]   2025-11-26: 600/842 计算完成, 失败0
[2026-07-06 06:17:14]   2025-11-26: 800/842 计算完成, 失败0
[2026-07-06 06:18:12] 2025-11-26 完成! 220s, 写入842只, 失败0, 预计11:18完成
[2026-07-06 06:18:39] 2025-11-26 未来收益计算完成
[2026-07-06 06:18:39] [102/182] 2025-11-27 开始...
[2026-07-06 06:19:20]   2025-11-27: 200/842 计算完成, 失败0
[2026-07-06 06:20:01]   2025-11-27: 400/842 计算完成, 失败0
[2026-07-06 06:20:41]   2025-11-27: 600/842 计算完成, 失败0
[2026-07-06 06:21:21]   2025-11-27: 800/842 计算完成, 失败0
[2026-07-06 06:22:19] 2025-11-27 完成! 220s, 写入842只, 失败0, 预计11:18完成
[2026-07-06 06:22:47] 2025-11-27 未来收益计算完成
[2026-07-06 06:22:47] [103/182] 2025-11-28 开始...
[2026-07-06 06:23:27]   2025-11-28: 200/842 计算完成, 失败0
[2026-07-06 06:24:09]   2025-11-28: 400/842 计算完成, 失败0
[2026-07-06 06:24:49]   2025-11-28: 600/842 计算完成, 失败0
[2026-07-06 06:25:29]   2025-11-28: 800/842 计算完成, 失败0
[2026-07-06 06:26:26] 2025-11-28 完成! 220s, 写入842只, 失败0, 预计11:19完成
[2026-07-06 06:26:55] 2025-11-28 未来收益计算完成
[2026-07-06 06:26:55] [104/182] 2025-12-01 开始...
[2026-07-06 06:27:36]   2025-12-01: 200/842 计算完成, 失败0
[2026-07-06 06:28:17]   2025-12-01: 400/842 计算完成, 失败0
[2026-07-06 06:28:57]   2025-12-01: 600/842 计算完成, 失败0
[2026-07-06 06:29:37]   2025-12-01: 800/842 计算完成, 失败0
[2026-07-06 06:30:35] 2025-12-01 完成! 220s, 写入842只, 失败0, 预计11:19完成
[2026-07-06 06:31:02] 2025-12-01 未来收益计算完成
[2026-07-06 06:31:02] [105/182] 2025-12-02 开始...
[2026-07-06 06:31:43]   2025-12-02: 200/842 计算完成, 失败0
[2026-07-06 06:32:24]   2025-12-02: 400/842 计算完成, 失败0
[2026-07-06 06:33:04]   2025-12-02: 600/842 计算完成, 失败0
[2026-07-06 06:33:44]   2025-12-02: 800/842 计算完成, 失败0
[2026-07-06 06:34:42] 2025-12-02 完成! 219s, 写入842只, 失败0, 预计11:20完成
[2026-07-06 06:35:10] 2025-12-02 未来收益计算完成
[2026-07-06 06:35:10] [106/182] 2025-12-03 开始...
[2026-07-06 06:35:50]   2025-12-03: 200/842 计算完成, 失败0
[2026-07-06 06:36:31]   2025-12-03: 400/842 计算完成, 失败0
[2026-07-06 06:37:12]   2025-12-03: 600/842 计算完成, 失败0
[2026-07-06 06:37:52]   2025-12-03: 800/842 计算完成, 失败0
[2026-07-06 06:38:49] 2025-12-03 完成! 219s, 写入842只, 失败0, 预计11:20完成
[2026-07-06 06:39:17] 2025-12-03 未来收益计算完成
[2026-07-06 06:39:17] [107/182] 2025-12-04 开始...
[2026-07-06 06:39:58]   2025-12-04: 200/842 计算完成, 失败0
[2026-07-06 06:40:38]   2025-12-04: 400/842 计算完成, 失败0
[2026-07-06 06:41:19]   2025-12-04: 600/842 计算完成, 失败0
[2026-07-06 06:42:06]   2025-12-04: 800/842 计算完成, 失败0
[2026-07-06 06:43:04] 2025-12-04 完成! 227s, 写入842只, 失败0, 预计11:21完成
[2026-07-06 06:43:31] 2025-12-04 未来收益计算完成
[2026-07-06 06:43:31] [108/182] 2025-12-05 开始...
[2026-07-06 06:44:12]   2025-12-05: 200/842 计算完成, 失败0
[2026-07-06 06:44:53]   2025-12-05: 400/842 计算完成, 失败0
[2026-07-06 06:45:33]   2025-12-05: 600/842 计算完成, 失败0
[2026-07-06 06:46:13]   2025-12-05: 800/842 计算完成, 失败0
[2026-07-06 06:47:11] 2025-12-05 完成! 220s, 写入842只, 失败0, 预计11:21完成
[2026-07-06 06:47:38] 2025-12-05 未来收益计算完成
[2026-07-06 06:47:38] [109/182] 2025-12-08 开始...
[2026-07-06 06:48:19]   2025-12-08: 200/842 计算完成, 失败0
[2026-07-06 06:49:00]   2025-12-08: 400/842 计算完成, 失败0
[2026-07-06 06:49:41]   2025-12-08: 600/842 计算完成, 失败0
[2026-07-06 06:50:20]   2025-12-08: 800/842 计算完成, 失败0
[2026-07-06 06:51:22] 2025-12-08 完成! 224s, 写入842只, 失败0, 预计11:21完成
[2026-07-06 06:51:50] 2025-12-08 未来收益计算完成
[2026-07-06 06:51:50] [110/182] 2025-12-09 开始...
[2026-07-06 06:52:31]   2025-12-09: 200/842 计算完成, 失败0
[2026-07-06 06:53:12]   2025-12-09: 400/842 计算完成, 失败0
[2026-07-06 06:53:52]   2025-12-09: 600/842 计算完成, 失败0
[2026-07-06 06:54:31]   2025-12-09: 800/842 计算完成, 失败0
[2026-07-06 06:55:29] 2025-12-09 完成! 218s, 写入842只, 失败0, 预计11:22完成
[2026-07-06 06:55:58] 2025-12-09 未来收益计算完成
[2026-07-06 06:55:58] === 进度: 110/182, tide_score_signal=149054条 ===
[2026-07-06 06:55:58] [111/182] 2025-12-10 开始...
[2026-07-06 06:56:38]   2025-12-10: 200/842 计算完成, 失败0
[2026-07-06 06:57:19]   2025-12-10: 400/842 计算完成, 失败0
[2026-07-06 06:58:00]   2025-12-10: 600/842 计算完成, 失败0
[2026-07-06 06:58:41]   2025-12-10: 800/842 计算完成, 失败0
[2026-07-06 06:59:38] 2025-12-10 完成! 220s, 写入842只, 失败0, 预计11:22完成
[2026-07-06 07:00:06] 2025-12-10 未来收益计算完成
[2026-07-06 07:00:06] [112/182] 2025-12-11 开始...
[2026-07-06 07:00:47]   2025-12-11: 200/842 计算完成, 失败0
[2026-07-06 07:01:27]   2025-12-11: 400/842 计算完成, 失败0
[2026-07-06 07:02:07]   2025-12-11: 600/842 计算完成, 失败0
[2026-07-06 07:02:48]   2025-12-11: 800/842 计算完成, 失败0
[2026-07-06 07:03:45] 2025-12-11 完成! 218s, 写入842只, 失败0, 预计11:23完成
[2026-07-06 07:04:13] 2025-12-11 未来收益计算完成
[2026-07-06 07:04:13] [113/182] 2025-12-12 开始...
[2026-07-06 07:04:53]   2025-12-12: 200/842 计算完成, 失败0
[2026-07-06 07:05:34]   2025-12-12: 400/842 计算完成, 失败0
[2026-07-06 07:06:14]   2025-12-12: 600/842 计算完成, 失败0
[2026-07-06 07:06:54]   2025-12-12: 800/842 计算完成, 失败0
[2026-07-06 07:07:52] 2025-12-12 完成! 219s, 写入842只, 失败0, 预计11:23完成
[2026-07-06 07:08:20] 2025-12-12 未来收益计算完成
[2026-07-06 07:08:20] [114/182] 2025-12-15 开始...
[2026-07-06 07:09:01]   2025-12-15: 200/842 计算完成, 失败0
[2026-07-06 07:09:42]   2025-12-15: 400/842 计算完成, 失败0
[2026-07-06 07:10:22]   2025-12-15: 600/842 计算完成, 失败0
[2026-07-06 07:11:02]   2025-12-15: 800/842 计算完成, 失败0
[2026-07-06 07:12:04] 2025-12-15 完成! 224s, 写入842只, 失败0, 预计11:23完成
[2026-07-06 07:12:32] 2025-12-15 未来收益计算完成
[2026-07-06 07:12:32] [115/182] 2025-12-16 开始...
[2026-07-06 07:13:13]   2025-12-16: 200/842 计算完成, 失败0
[2026-07-06 07:13:54]   2025-12-16: 400/842 计算完成, 失败0
[2026-07-06 07:14:35]   2025-12-16: 600/842 计算完成, 失败0
[2026-07-06 07:15:16]   2025-12-16: 800/842 计算完成, 失败0
[2026-07-06 07:16:13] 2025-12-16 完成! 221s, 写入842只, 失败0, 预计11:24完成
[2026-07-06 07:16:42] 2025-12-16 未来收益计算完成
[2026-07-06 07:16:42] [116/182] 2025-12-17 开始...
[2026-07-06 07:17:22]   2025-12-17: 200/842 计算完成, 失败0
[2026-07-06 07:18:04]   2025-12-17: 400/842 计算完成, 失败0
[2026-07-06 07:18:44]   2025-12-17: 600/842 计算完成, 失败0
[2026-07-06 07:19:24]   2025-12-17: 800/842 计算完成, 失败0
[2026-07-06 07:20:22] 2025-12-17 完成! 220s, 写入842只, 失败0, 预计11:24完成
[2026-07-06 07:20:50] 2025-12-17 未来收益计算完成
[2026-07-06 07:20:50] [117/182] 2025-12-18 开始...
[2026-07-06 07:21:30]   2025-12-18: 200/842 计算完成, 失败0
[2026-07-06 07:22:11]   2025-12-18: 400/842 计算完成, 失败0
[2026-07-06 07:22:51]   2025-12-18: 600/842 计算完成, 失败0
[2026-07-06 07:23:31]   2025-12-18: 800/842 计算完成, 失败0
[2026-07-06 07:24:29] 2025-12-18 完成! 219s, 写入842只, 失败0, 预计11:25完成
[2026-07-06 07:24:57] 2025-12-18 未来收益计算完成
[2026-07-06 07:24:57] [118/182] 2025-12-19 开始...
[2026-07-06 07:25:37]   2025-12-19: 200/842 计算完成, 失败0
[2026-07-06 07:26:17]   2025-12-19: 400/842 计算完成, 失败0
[2026-07-06 07:26:57]   2025-12-19: 600/842 计算完成, 失败0
[2026-07-06 07:27:36]   2025-12-19: 800/842 计算完成, 失败0
[2026-07-06 07:28:33] 2025-12-19 完成! 215s, 写入842只, 失败0, 预计11:25完成
[2026-07-06 07:29:01] 2025-12-19 未来收益计算完成
[2026-07-06 07:29:01] [119/182] 2025-12-22 开始...
[2026-07-06 07:29:41]   2025-12-22: 200/842 计算完成, 失败0
[2026-07-06 07:30:29]   2025-12-22: 400/842 计算完成, 失败0
[2026-07-06 07:31:09]   2025-12-22: 600/842 计算完成, 失败0
[2026-07-06 07:31:48]   2025-12-22: 800/842 计算完成, 失败0
[2026-07-06 07:32:45] 2025-12-22 完成! 224s, 写入842只, 失败0, 预计11:26完成
[2026-07-06 07:33:14] 2025-12-22 未来收益计算完成
[2026-07-06 07:33:14] [120/182] 2025-12-23 开始...
[2026-07-06 07:34:10]   2025-12-23: 200/842 计算完成, 失败0
[2026-07-06 07:34:52]   2025-12-23: 400/842 计算完成, 失败0
[2026-07-06 07:35:31]   2025-12-23: 600/842 计算完成, 失败0
[2026-07-06 07:36:12]   2025-12-23: 800/842 计算完成, 失败0
[2026-07-06 07:37:25] 2025-12-23 完成! 250s, 写入842只, 失败0, 预计11:27完成
[2026-07-06 07:37:57] 2025-12-23 未来收益计算完成
[2026-07-06 07:37:57] === 进度: 120/182, tide_score_signal=157474条 ===
[2026-07-06 07:37:57] [121/182] 2025-12-24 开始...
[2026-07-06 07:38:38]   2025-12-24: 200/842 计算完成, 失败0
[2026-07-06 07:39:19]   2025-12-24: 400/842 计算完成, 失败0
[2026-07-06 07:39:58]   2025-12-24: 600/842 计算完成, 失败0
[2026-07-06 07:40:38]   2025-12-24: 800/842 计算完成, 失败0
[2026-07-06 07:41:34] 2025-12-24 完成! 217s, 写入842只, 失败0, 预计11:27完成
[2026-07-06 07:42:12] 2025-12-24 未来收益计算完成
[2026-07-06 07:42:12] [122/182] 2025-12-25 开始...
[2026-07-06 07:42:59]   2025-12-25: 200/842 计算完成, 失败0
[2026-07-06 07:43:50]   2025-12-25: 400/842 计算完成, 失败0
[2026-07-06 07:44:47]   2025-12-25: 600/842 计算完成, 失败0
[2026-07-06 07:45:48]   2025-12-25: 800/842 计算完成, 失败0
[2026-07-06 07:47:13] 2025-12-25 完成! 301s, 写入842只, 失败0, 预计11:30完成
[2026-07-06 07:47:51] 2025-12-25 未来收益计算完成
[2026-07-06 07:47:51] [123/182] 2025-12-26 开始...
[2026-07-06 07:48:54]   2025-12-26: 200/842 计算完成, 失败0
[2026-07-06 07:49:50]   2025-12-26: 400/842 计算完成, 失败0
[2026-07-06 07:50:43]   2025-12-26: 600/842 计算完成, 失败0
[2026-07-06 07:51:39]   2025-12-26: 800/842 计算完成, 失败0
[2026-07-06 07:52:36] 2025-12-26 完成! 285s, 写入842只, 失败0, 预计11:32完成
[2026-07-06 07:53:17] 2025-12-26 未来收益计算完成
[2026-07-06 07:53:17] [124/182] 2025-12-29 开始...
[2026-07-06 07:54:09]   2025-12-29: 200/842 计算完成, 失败0
[2026-07-06 07:55:07]   2025-12-29: 400/842 计算完成, 失败0
[2026-07-06 07:56:10]   2025-12-29: 600/842 计算完成, 失败0
[2026-07-06 07:57:15]   2025-12-29: 800/842 计算完成, 失败0
[2026-07-06 07:58:42] 2025-12-29 完成! 325s, 写入842只, 失败0, 预计11:35完成
[2026-07-06 07:59:31] 2025-12-29 未来收益计算完成
[2026-07-06 07:59:31] [125/182] 2025-12-30 开始...
[2026-07-06 08:00:21]   2025-12-30: 200/842 计算完成, 失败0
[2026-07-06 08:01:16]   2025-12-30: 400/842 计算完成, 失败0
[2026-07-06 08:02:17]   2025-12-30: 600/842 计算完成, 失败0
[2026-07-06 08:03:20]   2025-12-30: 800/842 计算完成, 失败0
[2026-07-06 08:05:03] 2025-12-30 完成! 332s, 写入842只, 失败0, 预计11:38完成
[2026-07-06 08:06:15] 2025-12-30 未来收益计算完成
[2026-07-06 08:06:15] [126/182] 2025-12-31 开始...
[2026-07-06 08:07:18]   2025-12-31: 200/842 计算完成, 失败0
[2026-07-06 08:08:23]   2025-12-31: 400/842 计算完成, 失败0
[2026-07-06 08:09:09]   2025-12-31: 600/842 计算完成, 失败0
[2026-07-06 08:09:48]   2025-12-31: 800/842 计算完成, 失败0
[2026-07-06 08:10:46] 2025-12-31 完成! 270s, 写入842只, 失败0, 预计11:41完成
[2026-07-06 08:11:15] 2025-12-31 未来收益计算完成
[2026-07-06 08:11:15] [127/182] 2026-01-05 开始...
[2026-07-06 08:11:59]   2026-01-05: 200/842 计算完成, 失败0
[2026-07-06 08:12:43]   2026-01-05: 400/842 计算完成, 失败0
[2026-07-06 08:13:22]   2026-01-05: 600/842 计算完成, 失败0
[2026-07-06 08:14:03]   2026-01-05: 800/842 计算完成, 失败0
[2026-07-06 08:15:05] 2026-01-05 完成! 230s, 写入842只, 失败0, 预计11:41完成
[2026-07-06 08:15:43] 2026-01-05 未来收益计算完成
[2026-07-06 08:15:43] [128/182] 2026-01-06 开始...
[2026-07-06 08:16:29]   2026-01-06: 200/842 计算完成, 失败0
[2026-07-06 08:17:10]   2026-01-06: 400/842 计算完成, 失败0
[2026-07-06 08:17:51]   2026-01-06: 600/842 计算完成, 失败0
[2026-07-06 08:18:42]   2026-01-06: 800/842 计算完成, 失败0
[2026-07-06 08:20:04] 2026-01-06 完成! 261s, 写入842只, 失败0, 预计11:43完成
[2026-07-06 08:20:42] 2026-01-06 未来收益计算完成
[2026-07-06 08:20:42] [129/182] 2026-01-07 开始...
[2026-07-06 08:21:22]   2026-01-07: 200/842 计算完成, 失败0
[2026-07-06 08:22:03]   2026-01-07: 400/842 计算完成, 失败0
[2026-07-06 08:22:43]   2026-01-07: 600/842 计算完成, 失败0
[2026-07-06 08:23:23]   2026-01-07: 800/842 计算完成, 失败0
[2026-07-06 08:24:36] 2026-01-07 完成! 234s, 写入842只, 失败0, 预计11:44完成
[2026-07-06 08:25:06] 2026-01-07 未来收益计算完成
[2026-07-06 08:25:06] [130/182] 2026-01-08 开始...
[2026-07-06 08:25:47]   2026-01-08: 200/842 计算完成, 失败0
[2026-07-06 08:26:27]   2026-01-08: 400/842 计算完成, 失败0
[2026-07-06 08:27:07]   2026-01-08: 600/842 计算完成, 失败0
[2026-07-06 08:27:47]   2026-01-08: 800/842 计算完成, 失败0
[2026-07-06 08:28:44] 2026-01-08 完成! 218s, 写入842只, 失败0, 预计11:44完成
[2026-07-06 08:29:12] 2026-01-08 未来收益计算完成
[2026-07-06 08:29:12] === 进度: 130/182, tide_score_signal=165894条 ===
[2026-07-06 08:29:12] [131/182] 2026-01-09 开始...
[2026-07-06 08:29:52]   2026-01-09: 200/842 计算完成, 失败0
[2026-07-06 08:30:33]   2026-01-09: 400/842 计算完成, 失败0
[2026-07-06 08:31:13]   2026-01-09: 600/842 计算完成, 失败0
[2026-07-06 08:31:54]   2026-01-09: 800/842 计算完成, 失败0
[2026-07-06 08:32:51] 2026-01-09 完成! 219s, 写入842只, 失败0, 预计11:44完成
[2026-07-06 08:33:20] 2026-01-09 未来收益计算完成
[2026-07-06 08:33:20] [132/182] 2026-01-12 开始...
[2026-07-06 08:34:02]   2026-01-12: 200/842 计算完成, 失败0
[2026-07-06 08:34:43]   2026-01-12: 400/842 计算完成, 失败0
[2026-07-06 08:35:23]   2026-01-12: 600/842 计算完成, 失败0
[2026-07-06 08:36:03]   2026-01-12: 800/842 计算完成, 失败0
[2026-07-06 08:37:01] 2026-01-12 完成! 221s, 写入842只, 失败0, 预计11:45完成
[2026-07-06 08:37:30] 2026-01-12 未来收益计算完成
[2026-07-06 08:37:30] [133/182] 2026-01-13 开始...
[2026-07-06 08:38:10]   2026-01-13: 200/842 计算完成, 失败0
[2026-07-06 08:38:52]   2026-01-13: 400/842 计算完成, 失败0
[2026-07-06 08:39:31]   2026-01-13: 600/842 计算完成, 失败0
[2026-07-06 08:40:12]   2026-01-13: 800/842 计算完成, 失败0
[2026-07-06 08:41:09] 2026-01-13 完成! 219s, 写入842只, 失败0, 预计11:45完成
[2026-07-06 08:41:38] 2026-01-13 未来收益计算完成
[2026-07-06 08:41:38] [134/182] 2026-01-14 开始...
[2026-07-06 08:42:24]   2026-01-14: 200/842 计算完成, 失败0
[2026-07-06 08:43:05]   2026-01-14: 400/842 计算完成, 失败0
[2026-07-06 08:43:45]   2026-01-14: 600/842 计算完成, 失败0
[2026-07-06 08:44:25]   2026-01-14: 800/842 计算完成, 失败0
[2026-07-06 08:45:37] 2026-01-14 完成! 240s, 写入842只, 失败0, 预计11:46完成
[2026-07-06 08:46:13] 2026-01-14 未来收益计算完成
[2026-07-06 08:46:13] [135/182] 2026-01-15 开始...
[2026-07-06 08:47:11]   2026-01-15: 200/842 计算完成, 失败0
[2026-07-06 08:48:12]   2026-01-15: 400/842 计算完成, 失败0
[2026-07-06 08:49:10]   2026-01-15: 600/842 计算完成, 失败0
[2026-07-06 08:50:12]   2026-01-15: 800/842 计算完成, 失败0
[2026-07-06 08:51:33] 2026-01-15 完成! 319s, 写入842只, 失败0, 预计11:48完成
[2026-07-06 08:52:14] 2026-01-15 未来收益计算完成
[2026-07-06 08:52:14] [136/182] 2026-01-16 开始...
[2026-07-06 08:52:59]   2026-01-16: 200/842 计算完成, 失败0
[2026-07-06 08:53:39]   2026-01-16: 400/842 计算完成, 失败0
[2026-07-06 08:54:19]   2026-01-16: 600/842 计算完成, 失败0
[2026-07-06 08:55:00]   2026-01-16: 800/842 计算完成, 失败0
[2026-07-06 08:55:58] 2026-01-16 完成! 224s, 写入842只, 失败0, 预计11:49完成
[2026-07-06 08:56:27] 2026-01-16 未来收益计算完成
[2026-07-06 08:56:27] [137/182] 2026-01-19 开始...
[2026-07-06 08:57:08]   2026-01-19: 200/842 计算完成, 失败0
[2026-07-06 08:57:49]   2026-01-19: 400/842 计算完成, 失败0
[2026-07-06 08:58:29]   2026-01-19: 600/842 计算完成, 失败0
[2026-07-06 08:59:10]   2026-01-19: 800/842 计算完成, 失败0
[2026-07-06 09:00:21] 2026-01-19 完成! 234s, 写入842只, 失败0, 预计11:50完成
[2026-07-06 09:00:50] 2026-01-19 未来收益计算完成
[2026-07-06 09:00:50] [138/182] 2026-01-20 开始...
[2026-07-06 09:01:30]   2026-01-20: 200/842 计算完成, 失败0
[2026-07-06 09:02:12]   2026-01-20: 400/842 计算完成, 失败0
[2026-07-06 09:03:06]   2026-01-20: 600/842 计算完成, 失败0
[2026-07-06 09:03:46]   2026-01-20: 800/842 计算完成, 失败0
[2026-07-06 09:04:45] 2026-01-20 完成! 235s, 写入842只, 失败0, 预计11:50完成
[2026-07-06 09:05:14] 2026-01-20 未来收益计算完成
[2026-07-06 09:05:14] [139/182] 2026-01-21 开始...
[2026-07-06 09:05:55]   2026-01-21: 200/842 计算完成, 失败0
[2026-07-06 09:06:38]   2026-01-21: 400/842 计算完成, 失败0
[2026-07-06 09:07:36]   2026-01-21: 600/842 计算完成, 失败0
[2026-07-06 09:08:32]   2026-01-21: 800/842 计算完成, 失败0
[2026-07-06 09:09:59] 2026-01-21 完成! 285s, 写入842只, 失败0, 预计11:52完成
[2026-07-06 09:10:40] 2026-01-21 未来收益计算完成
[2026-07-06 09:10:40] [140/182] 2026-01-22 开始...
[2026-07-06 09:11:35]   2026-01-22: 200/842 计算完成, 失败0
[2026-07-06 09:12:31]   2026-01-22: 400/842 计算完成, 失败0
[2026-07-06 09:13:12]   2026-01-22: 600/842 计算完成, 失败0
[2026-07-06 09:13:53]   2026-01-22: 800/842 计算完成, 失败0
[2026-07-06 09:14:51] 2026-01-22 完成! 252s, 写入842只, 失败0, 预计11:53完成
[2026-07-06 09:15:28] 2026-01-22 未来收益计算完成
[2026-07-06 09:15:28] === 进度: 140/182, tide_score_signal=174314条 ===
[2026-07-06 09:15:28] [141/182] 2026-01-23 开始...
[2026-07-06 09:16:17]   2026-01-23: 200/842 计算完成, 失败0
[2026-07-06 09:16:59]   2026-01-23: 400/842 计算完成, 失败0
[2026-07-06 09:17:38]   2026-01-23: 600/842 计算完成, 失败0
[2026-07-06 09:18:19]   2026-01-23: 800/842 计算完成, 失败0
[2026-07-06 09:19:17] 2026-01-23 完成! 229s, 写入842只, 失败0, 预计11:54完成
[2026-07-06 09:19:48] 2026-01-23 未来收益计算完成
[2026-07-06 09:19:48] [142/182] 2026-01-26 开始...
[2026-07-06 09:20:28]   2026-01-26: 200/842 计算完成, 失败0
[2026-07-06 09:21:23]   2026-01-26: 400/842 计算完成, 失败0
[2026-07-06 09:22:23]   2026-01-26: 600/842 计算完成, 失败0
[2026-07-06 09:23:22]   2026-01-26: 800/842 计算完成, 失败0
[2026-07-06 09:24:20] 2026-01-26 完成! 273s, 写入842只, 失败0, 预计11:56完成
[2026-07-06 09:24:50] 2026-01-26 未来收益计算完成
[2026-07-06 09:24:50] [143/182] 2026-01-27 开始...
[2026-07-06 09:25:31]   2026-01-27: 200/842 计算完成, 失败0
[2026-07-06 09:26:12]   2026-01-27: 400/842 计算完成, 失败0
[2026-07-06 09:26:52]   2026-01-27: 600/842 计算完成, 失败0
[2026-07-06 09:27:32]   2026-01-27: 800/842 计算完成, 失败0
[2026-07-06 09:28:30] 2026-01-27 完成! 220s, 写入842只, 失败0, 预计11:56完成
[2026-07-06 09:28:59] 2026-01-27 未来收益计算完成
[2026-07-06 09:28:59] [144/182] 2026-01-28 开始...
[2026-07-06 09:29:40]   2026-01-28: 200/842 计算完成, 失败0
[2026-07-06 09:30:22]   2026-01-28: 400/842 计算完成, 失败0
[2026-07-06 09:31:02]   2026-01-28: 600/842 计算完成, 失败0
[2026-07-06 09:31:42]   2026-01-28: 800/842 计算完成, 失败0
[2026-07-06 09:32:39] 2026-01-28 完成! 220s, 写入842只, 失败0, 预计11:56完成
[2026-07-06 09:33:10] 2026-01-28 未来收益计算完成
[2026-07-06 09:33:10] [145/182] 2026-01-29 开始...
[2026-07-06 09:33:50]   2026-01-29: 200/842 计算完成, 失败0
[2026-07-06 09:34:31]   2026-01-29: 400/842 计算完成, 失败0
[2026-07-06 09:35:12]   2026-01-29: 600/842 计算完成, 失败0
[2026-07-06 09:35:52]   2026-01-29: 800/842 计算完成, 失败0
[2026-07-06 09:36:51] 2026-01-29 完成! 221s, 写入842只, 失败0, 预计11:57完成
[2026-07-06 09:37:20] 2026-01-29 未来收益计算完成
[2026-07-06 09:37:20] [146/182] 2026-01-30 开始...
[2026-07-06 09:38:01]   2026-01-30: 200/842 计算完成, 失败0
[2026-07-06 09:38:41]   2026-01-30: 400/842 计算完成, 失败0
[2026-07-06 09:39:21]   2026-01-30: 600/842 计算完成, 失败0
[2026-07-06 09:40:02]   2026-01-30: 800/842 计算完成, 失败0
[2026-07-06 09:41:00] 2026-01-30 完成! 219s, 写入842只, 失败0, 预计11:57完成
[2026-07-06 09:41:29] 2026-01-30 未来收益计算完成
[2026-07-06 09:41:29] [147/182] 2026-02-02 开始...
[2026-07-06 09:42:10]   2026-02-02: 200/842 计算完成, 失败0
[2026-07-06 09:42:51]   2026-02-02: 400/842 计算完成, 失败0
[2026-07-06 09:43:31]   2026-02-02: 600/842 计算完成, 失败0
[2026-07-06 09:44:12]   2026-02-02: 800/842 计算完成, 失败0
[2026-07-06 09:45:16] 2026-02-02 完成! 227s, 写入842只, 失败0, 预计11:57完成
[2026-07-06 09:45:48] 2026-02-02 未来收益计算完成
[2026-07-06 09:45:48] [148/182] 2026-02-03 开始...
[2026-07-06 09:46:29]   2026-02-03: 200/842 计算完成, 失败0
[2026-07-06 09:47:10]   2026-02-03: 400/842 计算完成, 失败0
[2026-07-06 09:47:50]   2026-02-03: 600/842 计算完成, 失败0
[2026-07-06 09:48:30]   2026-02-03: 800/842 计算完成, 失败0
[2026-07-06 09:49:28] 2026-02-03 完成! 220s, 写入842只, 失败0, 预计11:58完成
[2026-07-06 09:49:59] 2026-02-03 未来收益计算完成
[2026-07-06 09:49:59] [149/182] 2026-02-04 开始...
[2026-07-06 09:50:39]   2026-02-04: 200/842 计算完成, 失败0
[2026-07-06 09:51:20]   2026-02-04: 400/842 计算完成, 失败0
[2026-07-06 09:52:01]   2026-02-04: 600/842 计算完成, 失败0
[2026-07-06 09:52:47]   2026-02-04: 800/842 计算完成, 失败0
[2026-07-06 09:53:45] 2026-02-04 完成! 226s, 写入842只, 失败0, 预计11:58完成
[2026-07-06 09:54:15] 2026-02-04 未来收益计算完成
[2026-07-06 09:54:15] [150/182] 2026-02-05 开始...
[2026-07-06 09:54:56]   2026-02-05: 200/842 计算完成, 失败0
[2026-07-06 09:55:36]   2026-02-05: 400/842 计算完成, 失败0
[2026-07-06 09:56:16]   2026-02-05: 600/842 计算完成, 失败0
[2026-07-06 09:56:57]   2026-02-05: 800/842 计算完成, 失败0
[2026-07-06 09:57:55] 2026-02-05 完成! 220s, 写入842只, 失败0, 预计11:59完成
[2026-07-06 09:58:24] 2026-02-05 未来收益计算完成
[2026-07-06 09:58:24] === 进度: 150/182, tide_score_signal=182734条 ===
[2026-07-06 09:58:24] [151/182] 2026-02-06 开始...
[2026-07-06 09:59:06]   2026-02-06: 200/842 计算完成, 失败0
[2026-07-06 09:59:47]   2026-02-06: 400/842 计算完成, 失败0
[2026-07-06 10:00:34]   2026-02-06: 600/842 计算完成, 失败0
[2026-07-06 10:01:32]   2026-02-06: 800/842 计算完成, 失败0
[2026-07-06 10:02:32] 2026-02-06 完成! 248s, 写入842只, 失败0, 预计12:00完成
[2026-07-06 10:03:04] 2026-02-06 未来收益计算完成
[2026-07-06 10:03:04] [152/182] 2026-02-09 开始...
[2026-07-06 10:03:45]   2026-02-09: 200/842 计算完成, 失败0
[2026-07-06 10:04:26]   2026-02-09: 400/842 计算完成, 失败0
[2026-07-06 10:05:07]   2026-02-09: 600/842 计算完成, 失败0
[2026-07-06 10:05:47]   2026-02-09: 800/842 计算完成, 失败0
[2026-07-06 10:06:45] 2026-02-09 完成! 221s, 写入842只, 失败0, 预计12:00完成
[2026-07-06 10:07:16] 2026-02-09 未来收益计算完成
[2026-07-06 10:07:16] [153/182] 2026-02-10 开始...
[2026-07-06 10:07:57]   2026-02-10: 200/842 计算完成, 失败0
[2026-07-06 10:08:38]   2026-02-10: 400/842 计算完成, 失败0
[2026-07-06 10:09:18]   2026-02-10: 600/842 计算完成, 失败0
[2026-07-06 10:09:59]   2026-02-10: 800/842 计算完成, 失败0
[2026-07-06 10:10:58] 2026-02-10 完成! 222s, 写入842只, 失败0, 预计12:00完成
[2026-07-06 10:11:27] 2026-02-10 未来收益计算完成
[2026-07-06 10:11:27] [154/182] 2026-02-11 开始...
[2026-07-06 10:12:18]   2026-02-11: 200/842 计算完成, 失败0
[2026-07-06 10:13:00]   2026-02-11: 400/842 计算完成, 失败0
[2026-07-06 10:13:40]   2026-02-11: 600/842 计算完成, 失败0
[2026-07-06 10:14:20]   2026-02-11: 800/842 计算完成, 失败0
[2026-07-06 10:15:19] 2026-02-11 完成! 232s, 写入842只, 失败0, 预计12:01完成
[2026-07-06 10:15:50] 2026-02-11 未来收益计算完成
[2026-07-06 10:15:50] [155/182] 2026-02-12 开始...
[2026-07-06 10:16:30]   2026-02-12: 200/842 计算完成, 失败0
[2026-07-06 10:17:12]   2026-02-12: 400/842 计算完成, 失败0
[2026-07-06 10:17:52]   2026-02-12: 600/842 计算完成, 失败0
[2026-07-06 10:18:32]   2026-02-12: 800/842 计算完成, 失败0
[2026-07-06 10:19:30] 2026-02-12 完成! 219s, 写入842只, 失败0, 预计12:01完成
[2026-07-06 10:19:59] 2026-02-12 未来收益计算完成
[2026-07-06 10:19:59] [156/182] 2026-02-13 开始...
[2026-07-06 10:20:39]   2026-02-13: 200/842 计算完成, 失败0
[2026-07-06 10:21:21]   2026-02-13: 400/842 计算完成, 失败0
[2026-07-06 10:22:01]   2026-02-13: 600/842 计算完成, 失败0
[2026-07-06 10:22:42]   2026-02-13: 800/842 计算完成, 失败0
[2026-07-06 10:23:40] 2026-02-13 完成! 221s, 写入842只, 失败0, 预计12:02完成
[2026-07-06 10:24:11] 2026-02-13 未来收益计算完成
[2026-07-06 10:24:11] [157/182] 2026-02-24 开始...
[2026-07-06 10:24:52]   2026-02-24: 200/842 计算完成, 失败0
[2026-07-06 10:25:33]   2026-02-24: 400/842 计算完成, 失败0
[2026-07-06 10:26:13]   2026-02-24: 600/842 计算完成, 失败0
[2026-07-06 10:26:54]   2026-02-24: 800/842 计算完成, 失败0
[2026-07-06 10:27:52] 2026-02-24 完成! 221s, 写入842只, 失败0, 预计12:02完成
[2026-07-06 10:28:21] 2026-02-24 未来收益计算完成
[2026-07-06 10:28:21] [158/182] 2026-02-25 开始...
[2026-07-06 10:29:02]   2026-02-25: 200/842 计算完成, 失败0
[2026-07-06 10:29:42]   2026-02-25: 400/842 计算完成, 失败0
[2026-07-06 10:30:23]   2026-02-25: 600/842 计算完成, 失败0
[2026-07-06 10:31:03]   2026-02-25: 800/842 计算完成, 失败0
[2026-07-06 10:32:01] 2026-02-25 完成! 221s, 写入842只, 失败0, 预计12:02完成
[2026-07-06 10:32:32] 2026-02-25 未来收益计算完成
[2026-07-06 10:32:32] [159/182] 2026-02-26 开始...
[2026-07-06 10:33:13]   2026-02-26: 200/842 计算完成, 失败0
[2026-07-06 10:33:54]   2026-02-26: 400/842 计算完成, 失败0
[2026-07-06 10:34:34]   2026-02-26: 600/842 计算完成, 失败0
[2026-07-06 10:35:15]   2026-02-26: 800/842 计算完成, 失败0
[2026-07-06 10:36:13] 2026-02-26 完成! 221s, 写入842只, 失败0, 预计12:03完成
[2026-07-06 10:36:44] 2026-02-26 未来收益计算完成
[2026-07-06 10:36:44] [160/182] 2026-02-27 开始...
[2026-07-06 10:37:25]   2026-02-27: 200/842 计算完成, 失败0
[2026-07-06 10:38:06]   2026-02-27: 400/842 计算完成, 失败0
[2026-07-06 10:38:46]   2026-02-27: 600/842 计算完成, 失败0
[2026-07-06 10:39:25]   2026-02-27: 800/842 计算完成, 失败0
[2026-07-06 10:40:24] 2026-02-27 完成! 220s, 写入842只, 失败0, 预计12:03完成
[2026-07-06 10:40:55] 2026-02-27 未来收益计算完成
[2026-07-06 10:40:55] === 进度: 160/182, tide_score_signal=191154条 ===
[2026-07-06 10:40:55] [161/182] 2026-03-02 开始...
[2026-07-06 10:41:34]   2026-03-02: 200/842 计算完成, 失败0
[2026-07-06 10:42:27]   2026-03-02: 400/842 计算完成, 失败0
[2026-07-06 10:43:07]   2026-03-02: 600/842 计算完成, 失败0
[2026-07-06 10:43:47]   2026-03-02: 800/842 计算完成, 失败0
[2026-07-06 10:44:44] 2026-03-02 完成! 229s, 写入842只, 失败0, 预计12:04完成
[2026-07-06 10:45:15] 2026-03-02 未来收益计算完成
[2026-07-06 10:45:15] [162/182] 2026-03-03 开始...
[2026-07-06 10:45:55]   2026-03-03: 200/842 计算完成, 失败0
[2026-07-06 10:46:35]   2026-03-03: 400/842 计算完成, 失败0
[2026-07-06 10:47:15]   2026-03-03: 600/842 计算完成, 失败0
[2026-07-06 10:47:55]   2026-03-03: 800/842 计算完成, 失败0
[2026-07-06 10:48:53] 2026-03-03 完成! 218s, 写入842只, 失败0, 预计12:04完成
[2026-07-06 10:49:22] 2026-03-03 未来收益计算完成
[2026-07-06 10:49:22] [163/182] 2026-03-04 开始...
[2026-07-06 10:50:03]   2026-03-04: 200/842 计算完成, 失败0
[2026-07-06 10:50:44]   2026-03-04: 400/842 计算完成, 失败0
[2026-07-06 10:51:25]   2026-03-04: 600/842 计算完成, 失败0
[2026-07-06 10:52:05]   2026-03-04: 800/842 计算完成, 失败0
[2026-07-06 10:53:07] 2026-03-04 完成! 225s, 写入842只, 失败0, 预计12:05完成
[2026-07-06 10:53:38] 2026-03-04 未来收益计算完成
[2026-07-06 10:53:38] [164/182] 2026-03-05 开始...
[2026-07-06 10:54:18]   2026-03-05: 200/842 计算完成, 失败0
[2026-07-06 10:54:59]   2026-03-05: 400/842 计算完成, 失败0
[2026-07-06 10:55:39]   2026-03-05: 600/842 计算完成, 失败0
[2026-07-06 10:56:19]   2026-03-05: 800/842 计算完成, 失败0
[2026-07-06 10:57:17] 2026-03-05 完成! 219s, 写入842只, 失败0, 预计12:05完成
[2026-07-06 10:57:48] 2026-03-05 未来收益计算完成
[2026-07-06 10:57:48] [165/182] 2026-03-06 开始...
[2026-07-06 10:58:28]   2026-03-06: 200/842 计算完成, 失败0
[2026-07-06 10:59:09]   2026-03-06: 400/842 计算完成, 失败0
[2026-07-06 10:59:48]   2026-03-06: 600/842 计算完成, 失败0
[2026-07-06 11:00:29]   2026-03-06: 800/842 计算完成, 失败0
[2026-07-06 11:01:27] 2026-03-06 完成! 219s, 写入842只, 失败0, 预计12:05完成
[2026-07-06 11:01:59] 2026-03-06 未来收益计算完成
[2026-07-06 11:01:59] [166/182] 2026-03-09 开始...
[2026-07-06 11:02:38]   2026-03-09: 200/842 计算完成, 失败0
[2026-07-06 11:03:19]   2026-03-09: 400/842 计算完成, 失败0
[2026-07-06 11:03:59]   2026-03-09: 600/842 计算完成, 失败0
[2026-07-06 11:04:39]   2026-03-09: 800/842 计算完成, 失败0
[2026-07-06 11:05:38] 2026-03-09 完成! 220s, 写入842只, 失败0, 预计12:06完成
[2026-07-06 11:06:10] 2026-03-09 未来收益计算完成
[2026-07-06 11:06:10] [167/182] 2026-03-10 开始...
[2026-07-06 11:06:51]   2026-03-10: 200/842 计算完成, 失败0
[2026-07-06 11:07:32]   2026-03-10: 400/842 计算完成, 失败0
[2026-07-06 11:08:12]   2026-03-10: 600/842 计算完成, 失败0
[2026-07-06 11:08:52]   2026-03-10: 800/842 计算完成, 失败0
[2026-07-06 11:09:50] 2026-03-10 完成! 220s, 写入842只, 失败0, 预计12:06完成
[2026-07-06 11:10:21] 2026-03-10 未来收益计算完成
[2026-07-06 11:10:21] [168/182] 2026-03-11 开始...
[2026-07-06 11:11:01]   2026-03-11: 200/842 计算完成, 失败0
[2026-07-06 11:11:43]   2026-03-11: 400/842 计算完成, 失败0
[2026-07-06 11:12:32]   2026-03-11: 600/842 计算完成, 失败0
[2026-07-06 11:13:14]   2026-03-11: 800/842 计算完成, 失败0
[2026-07-06 11:14:12] 2026-03-11 完成! 231s, 写入842只, 失败0, 预计12:07完成
[2026-07-06 11:14:43] 2026-03-11 未来收益计算完成
[2026-07-06 11:14:43] [169/182] 2026-03-12 开始...
[2026-07-06 11:15:24]   2026-03-12: 200/842 计算完成, 失败0
[2026-07-06 11:16:05]   2026-03-12: 400/842 计算完成, 失败0
[2026-07-06 11:16:44]   2026-03-12: 600/842 计算完成, 失败0
[2026-07-06 11:17:24]   2026-03-12: 800/842 计算完成, 失败0
[2026-07-06 11:18:23] 2026-03-12 完成! 220s, 写入842只, 失败0, 预计12:07完成
[2026-07-06 11:18:54] 2026-03-12 未来收益计算完成
[2026-07-06 11:18:54] [170/182] 2026-03-13 开始...
[2026-07-06 11:19:34]   2026-03-13: 200/842 计算完成, 失败0
[2026-07-06 11:20:16]   2026-03-13: 400/842 计算完成, 失败0
[2026-07-06 11:20:56]   2026-03-13: 600/842 计算完成, 失败0
[2026-07-06 11:21:36]   2026-03-13: 800/842 计算完成, 失败0
[2026-07-06 11:22:34] 2026-03-13 完成! 220s, 写入842只, 失败0, 预计12:07完成
[2026-07-06 11:23:06] 2026-03-13 未来收益计算完成
[2026-07-06 11:23:06] === 进度: 170/182, tide_score_signal=199574条 ===
[2026-07-06 11:23:06] [171/182] 2026-03-16 开始...
[2026-07-06 11:23:47]   2026-03-16: 200/842 计算完成, 失败0
[2026-07-06 11:24:28]   2026-03-16: 400/842 计算完成, 失败0
[2026-07-06 11:25:08]   2026-03-16: 600/842 计算完成, 失败0
[2026-07-06 11:25:48]   2026-03-16: 800/842 计算完成, 失败0
[2026-07-06 11:26:46] 2026-03-16 完成! 220s, 写入842只, 失败0, 预计12:08完成
[2026-07-06 11:27:16] 2026-03-16 未来收益计算完成
[2026-07-06 11:27:16] [172/182] 2026-03-17 开始...
[2026-07-06 11:27:56]   2026-03-17: 200/842 计算完成, 失败0
[2026-07-06 11:28:38]   2026-03-17: 400/842 计算完成, 失败0
[2026-07-06 11:29:18]   2026-03-17: 600/842 计算完成, 失败0
[2026-07-06 11:29:59]   2026-03-17: 800/842 计算完成, 失败0
[2026-07-06 11:30:58] 2026-03-17 完成! 223s, 写入842只, 失败0, 预计12:08完成
[2026-07-06 11:31:31] 2026-03-17 未来收益计算完成
[2026-07-06 11:31:31] [173/182] 2026-03-18 开始...
[2026-07-06 11:32:12]   2026-03-18: 200/842 计算完成, 失败0
[2026-07-06 11:32:53]   2026-03-18: 400/842 计算完成, 失败0
[2026-07-06 11:33:33]   2026-03-18: 600/842 计算完成, 失败0
[2026-07-06 11:34:13]   2026-03-18: 800/842 计算完成, 失败0
[2026-07-06 11:35:12] 2026-03-18 完成! 221s, 写入842只, 失败0, 预计12:09完成
[2026-07-06 11:35:44] 2026-03-18 未来收益计算完成
[2026-07-06 11:35:44] [174/182] 2026-03-19 开始...
[2026-07-06 11:36:24]   2026-03-19: 200/842 计算完成, 失败0
[2026-07-06 11:37:06]   2026-03-19: 400/842 计算完成, 失败0
[2026-07-06 11:37:46]   2026-03-19: 600/842 计算完成, 失败0
[2026-07-06 11:38:26]   2026-03-19: 800/842 计算完成, 失败0
[2026-07-06 11:39:24] 2026-03-19 完成! 220s, 写入842只, 失败0, 预计12:09完成
[2026-07-06 11:39:55] 2026-03-19 未来收益计算完成
[2026-07-06 11:39:55] [175/182] 2026-03-20 开始...
[2026-07-06 11:40:36]   2026-03-20: 200/842 计算完成, 失败0
[2026-07-06 11:41:17]   2026-03-20: 400/842 计算完成, 失败0
[2026-07-06 11:42:06]   2026-03-20: 600/842 计算完成, 失败0
[2026-07-06 11:42:50]   2026-03-20: 800/842 计算完成, 失败0
[2026-07-06 11:43:49] 2026-03-20 完成! 233s, 写入842只, 失败0, 预计12:10完成
[2026-07-06 11:44:19] 2026-03-20 未来收益计算完成
[2026-07-06 11:44:19] [176/182] 2026-03-23 开始...
[2026-07-06 11:45:01]   2026-03-23: 200/842 计算完成, 失败0
[2026-07-06 11:45:42]   2026-03-23: 400/842 计算完成, 失败0
[2026-07-06 11:46:23]   2026-03-23: 600/842 计算完成, 失败0
[2026-07-06 11:47:03]   2026-03-23: 800/842 计算完成, 失败0
[2026-07-06 11:48:01] 2026-03-23 完成! 222s, 写入842只, 失败0, 预计12:10完成
[2026-07-06 11:48:33] 2026-03-23 未来收益计算完成
[2026-07-06 11:48:33] [177/182] 2026-03-24 开始...
[2026-07-06 11:49:14]   2026-03-24: 200/842 计算完成, 失败0
[2026-07-06 11:49:56]   2026-03-24: 400/842 计算完成, 失败0
[2026-07-06 11:50:36]   2026-03-24: 600/842 计算完成, 失败0
[2026-07-06 11:51:16]   2026-03-24: 800/842 计算完成, 失败0
[2026-07-06 11:52:14] 2026-03-24 完成! 221s, 写入842只, 失败0, 预计12:11完成
[2026-07-06 11:52:46] 2026-03-24 未来收益计算完成
[2026-07-06 11:52:46] [178/182] 2026-03-25 开始...
[2026-07-06 11:53:33]   2026-03-25: 200/842 计算完成, 失败0
[2026-07-06 11:54:14]   2026-03-25: 400/842 计算完成, 失败0
[2026-07-06 11:54:54]   2026-03-25: 600/842 计算完成, 失败0
[2026-07-06 11:55:34]   2026-03-25: 800/842 计算完成, 失败0
[2026-07-06 11:56:33] 2026-03-25 完成! 227s, 写入842只, 失败0, 预计12:11完成
[2026-07-06 11:57:05] 2026-03-25 未来收益计算完成
[2026-07-06 11:57:05] [179/182] 2026-03-26 开始...
[2026-07-06 11:57:45]   2026-03-26: 200/842 计算完成, 失败0
[2026-07-06 11:58:26]   2026-03-26: 400/842 计算完成, 失败0
[2026-07-06 11:59:06]   2026-03-26: 600/842 计算完成, 失败0
[2026-07-06 11:59:47]   2026-03-26: 800/842 计算完成, 失败0
[2026-07-06 12:00:47] 2026-03-26 完成! 223s, 写入842只, 失败0, 预计12:12完成
[2026-07-06 12:01:19] 2026-03-26 未来收益计算完成
[2026-07-06 12:01:19] [180/182] 2026-03-27 开始...
[2026-07-06 12:02:00]   2026-03-27: 200/842 计算完成, 失败0
[2026-07-06 12:02:40]   2026-03-27: 400/842 计算完成, 失败0
[2026-07-06 12:03:21]   2026-03-27: 600/842 计算完成, 失败0
[2026-07-06 12:04:01]   2026-03-27: 800/842 计算完成, 失败0
[2026-07-06 12:05:00] 2026-03-27 完成! 221s, 写入842只, 失败0, 预计12:12完成
[2026-07-06 12:05:30] 2026-03-27 未来收益计算完成
[2026-07-06 12:05:30] === 进度: 180/182, tide_score_signal=207994条 ===
[2026-07-06 12:05:30] [181/182] 2026-03-30 开始...
[2026-07-06 12:06:11]   2026-03-30: 200/842 计算完成, 失败0
[2026-07-06 12:06:52]   2026-03-30: 400/842 计算完成, 失败0
[2026-07-06 12:07:32]   2026-03-30: 600/842 计算完成, 失败0
[2026-07-06 12:08:13]   2026-03-30: 800/842 计算完成, 失败0
[2026-07-06 12:09:11] 2026-03-30 完成! 221s, 写入842只, 失败0, 预计12:12完成
[2026-07-06 12:09:43] 2026-03-30 未来收益计算完成
[2026-07-06 12:09:43] [182/182] 2026-03-31 开始...
[2026-07-06 12:10:24]   2026-03-31: 200/842 计算完成, 失败0
[2026-07-06 12:11:06]   2026-03-31: 400/842 计算完成, 失败0
[2026-07-06 12:11:48]   2026-03-31: 600/842 计算完成, 失败0
[2026-07-06 12:12:31]   2026-03-31: 800/842 计算完成, 失败0
[2026-07-06 12:13:30] 2026-03-31 完成! 227s, 写入842只, 失败0, 预计12:13完成
[2026-07-06 12:14:03] 2026-03-31 未来收益计算完成
[2026-07-06 12:14:03] 全部完成！共补182个交易日，总耗时41227s
