[2026-07-04 14:41:13] 监控池共842只股票
[2026-07-04 14:41:14] 已有26个交易日
[2026-07-04 14:41:14] 需补42个交易日
[2026-07-04 14:41:14] [1/42] 2026-04-02 开始...
[2026-07-04 14:41:55]   2026-04-02: 200/842 计算完成, 失败0
[2026-07-04 14:42:36]   2026-04-02: 400/842 计算完成, 失败0
[2026-07-04 14:43:16]   2026-04-02: 600/842 计算完成, 失败0
[2026-07-04 14:43:58]   2026-04-02: 800/842 计算完成, 失败0
[2026-07-04 14:44:55] 2026-04-02 完成! 222s, 写入842只, 失败0
共 21912 条评分记录
已有评分日期:
  2026-04-01: 20条
  2026-04-02: 842条
  2026-06-01: 842条
  2026-06-02: 842条
  2026-06-03: 842条
  2026-06-04: 842条
  2026-06-05: 842条
  2026-06-08: 842条
  2026-06-09: 842条
  2026-06-10: 842条
  2026-06-11: 842条
  2026-06-12: 842条
  2026-06-15: 842条
  2026-06-16: 842条
  2026-06-17: 842条
  2026-06-18: 842条
  2026-06-19: 842条
  2026-06-22: 842条
  2026-06-23: 842条
  2026-06-24: 842条
  2026-06-25: 842条
  2026-06-26: 842条
  2026-06-29: 842条
  2026-06-30: 842条
  2026-07-01: 842条
  2026-07-02: 842条
  2026-07-03: 842条

加载K线数据...
K线数据: 5538只股票
待计算收益: 6023条
已更新 4911 条, 耗时 4.3s

📊 Tide评分回测结果:
                      R5%       R10%       R20%
       买入(≥60)       1.39%       4.41%       8.14%
       观望(<60)       0.45%       2.05%       1.07%

📊 评分分档收益:
        分档     次数      R5%     R10%     R20%
  --------------------------------------------
     A:80+    887     2.14     4.43     9.38
   B:60-79   9632     1.32     4.41     8.04
   C:40-59   5993     0.48     2.15     1.09
     D:<40     78    -2.12    -4.03   -17.80

已写入 10519 条买入信号到 tide_backtest_result (run_id=hist_20260704_144517)
[2026-07-04 14:45:18] 2026-04-02 未来收益计算完成
[2026-07-04 14:45:18] [2/42] 2026-04-03 开始...
[2026-07-04 14:46:04]   2026-04-03: 200/842 计算完成, 失败0
[2026-07-04 14:46:44]   2026-04-03: 400/842 计算完成, 失败0
[2026-07-04 14:47:24]   2026-04-03: 600/842 计算完成, 失败0
[2026-07-04 14:48:04]   2026-04-03: 800/842 计算完成, 失败0
[2026-07-04 14:49:02] 2026-04-03 完成! 223s, 写入842只, 失败0
共 22754 条评分记录
已有评分日期:
  2026-04-01: 20条
  2026-04-02: 842条
  2026-04-03: 842条
  2026-06-01: 842条
  2026-06-02: 842条
  2026-06-03: 842条
  2026-06-04: 842条
  2026-06-05: 842条
  2026-06-08: 842条
  2026-06-09: 842条
  2026-06-10: 842条
  2026-06-11: 842条
  2026-06-12: 842条
  2026-06-15: 842条
  2026-06-16: 842条
  2026-06-17: 842条
  2026-06-18: 842条
  2026-06-19: 842条
  2026-06-22: 842条
  2026-06-23: 842条
  2026-06-24: 842条
  2026-06-25: 842条
  2026-06-26: 842条
  2026-06-29: 842条
  2026-06-30: 842条
  2026-07-01: 842条
  2026-07-02: 842条
  2026-07-03: 842条

加载K线数据...
K线数据: 5538只股票
待计算收益: 6164条
已更新 4911 条, 耗时 4.2s

📊 Tide评分回测结果:
                      R5%       R10%       R20%
       买入(≥60)       1.65%       4.91%       9.88%
       观望(<60)       0.64%       2.38%       2.94%

📊 评分分档收益:
        分档     次数      R5%     R10%     R20%
  --------------------------------------------
     A:80+    942     2.41     5.08    11.61
   B:60-79  10100     1.57     4.90     9.73
   C:40-59   6171     0.67     2.48     2.95
     D:<40     78    -2.12    -4.03   -17.80

已写入 11042 条买入信号到 tide_backtest_result (run_id=hist_20260704_144923)
[2026-07-04 14:49:24] 2026-04-03 未来收益计算完成
[2026-07-04 14:49:24] [3/42] 2026-04-06 开始...
[2026-07-04 14:50:04]   2026-04-06: 200/842 计算完成, 失败0
[2026-07-04 14:50:45]   2026-04-06: 400/842 计算完成, 失败0
[2026-07-04 14:51:25]   2026-04-06: 600/842 计算完成, 失败0
[2026-07-04 14:52:05]   2026-04-06: 800/842 计算完成, 失败0
[2026-07-04 14:53:02] 2026-04-06 完成! 218s, 写入842只, 失败0
共 23596 条评分记录
已有评分日期:
  2026-04-01: 20条
  2026-04-02: 842条
  2026-04-03: 842条
  2026-04-06: 842条
  2026-06-01: 842条
  2026-06-02: 842条
  2026-06-03: 842条
  2026-06-04: 842条
  2026-06-05: 842条
  2026-06-08: 842条
  2026-06-09: 842条
  2026-06-10: 842条
  2026-06-11: 842条
  2026-06-12: 842条
  2026-06-15: 842条
  2026-06-16: 842条
  2026-06-17: 842条
  2026-06-18: 842条
  2026-06-19: 842条
  2026-06-22: 842条
  2026-06-23: 842条
  2026-06-24: 842条
  2026-06-25: 842条
  2026-06-26: 842条
  2026-06-29: 842条
  2026-06-30: 842条
  2026-07-01: 842条
  2026-07-02: 842条
  2026-07-03: 842条

加载K线数据...
K线数据: 5538只股票
待计算收益: 6305条
已更新 4210 条, 耗时 1.2s

📊 Tide评分回测结果:
                      R5%       R10%       R20%
       买入(≥60)       1.65%       4.91%       9.88%
       观望(<60)       0.64%       2.38%       2.94%

📊 评分分档收益:
        分档     次数      R5%     R10%     R20%
  --------------------------------------------
     A:80+    942     2.41     5.08    11.61
   B:60-79  10100     1.57     4.90     9.73
   C:40-59   6171     0.67     2.48     2.95
     D:<40     78    -2.12    -4.03   -17.80

已写入 11042 条买入信号到 tide_backtest_result (run_id=hist_20260704_145321)
[2026-07-04 14:53:21] 2026-04-06 未来收益计算完成
[2026-07-04 14:53:21] [4/42] 2026-04-07 开始...
[2026-07-04 14:54:02]   2026-04-07: 200/842 计算完成, 失败0
[2026-07-04 14:54:43]   2026-04-07: 400/842 计算完成, 失败0
[2026-07-04 14:55:23]   2026-04-07: 600/842 计算完成, 失败0
[2026-07-04 14:56:08]   2026-04-07: 800/842 计算完成, 失败0
[2026-07-04 14:57:16] 2026-04-07 完成! 234s, 写入842只, 失败0
共 24438 条评分记录
已有评分日期:
  2026-04-01: 20条
  2026-04-02: 842条
  2026-04-03: 842条
  2026-04-06: 842条
  2026-04-07: 842条
  2026-06-01: 842条
  2026-06-02: 842条
  2026-06-03: 842条
  2026-06-04: 842条
  2026-06-05: 842条
  2026-06-08: 842条
  2026-06-09: 842条
  2026-06-10: 842条
  2026-06-11: 842条
  2026-06-12: 842条
  2026-06-15: 842条
  2026-06-16: 842条
  2026-06-17: 842条
  2026-06-18: 842条
  2026-06-19: 842条
  2026-06-22: 842条
  2026-06-23: 842条
  2026-06-24: 842条
  2026-06-25: 842条
  2026-06-26: 842条
  2026-06-29: 842条
  2026-06-30: 842条
  2026-07-01: 842条
  2026-07-02: 842条
  2026-07-03: 842条

加载K线数据...
K线数据: 5538只股票
待计算收益: 7147条
已更新 4912 条, 耗时 4.5s

📊 Tide评分回测结果:
                      R5%       R10%       R20%
       买入(≥60)       1.93%       5.28%      10.99%
       观望(<60)       0.83%       2.67%       4.45%

📊 评分分档收益:
        分档     次数      R5%     R10%     R20%
  --------------------------------------------
     A:80+    983     2.66     5.34    12.19
   B:60-79  10569     1.86     5.28    10.89
   C:40-59   6363     0.86     2.77     4.46
     D:<40     78    -2.12    -4.03   -17.80

已写入 11552 条买入信号到 tide_backtest_result (run_id=hist_20260704_145737)
[2026-07-04 14:57:38] 2026-04-07 未来收益计算完成
[2026-07-04 14:57:38] [5/42] 2026-04-08 开始...
[2026-07-04 14:58:18]   2026-04-08: 200/842 计算完成, 失败0
[2026-07-04 14:58:59]   2026-04-08: 400/842 计算完成, 失败0
[2026-07-04 14:59:38]   2026-04-08: 600/842 计算完成, 失败0
[2026-07-04 15:00:18]   2026-04-08: 800/842 计算完成, 失败0
[2026-07-04 15:01:16] 2026-04-08 完成! 218s, 写入842只, 失败0
共 25280 条评分记录
已有评分日期:
  2026-04-01: 20条
  2026-04-02: 842条
  2026-04-03: 842条
  2026-04-06: 842条
  2026-04-07: 842条
  2026-04-08: 842条
  2026-06-01: 842条
  2026-06-02: 842条
  2026-06-03: 842条
  2026-06-04: 842条
  2026-06-05: 842条
  2026-06-08: 842条
  2026-06-09: 842条
  2026-06-10: 842条
  2026-06-11: 842条
  2026-06-12: 842条
  2026-06-15: 842条
  2026-06-16: 842条
  2026-06-17: 842条
  2026-06-18: 842条
  2026-06-19: 842条
  2026-06-22: 842条
  2026-06-23: 842条
  2026-06-24: 842条
  2026-06-25: 842条
  2026-06-26: 842条
  2026-06-29: 842条
  2026-06-30: 842条
  2026-07-01: 842条
  2026-07-02: 842条
  2026-07-03: 842条

加载K线数据...
K线数据: 5538只股票
待计算收益: 7287条
已更新 4912 条, 耗时 4.4s

📊 Tide评分回测结果:
                      R5%       R10%       R20%
       买入(≥60)       1.95%       5.39%      11.31%
       观望(<60)       0.86%       2.87%       5.93%

📊 评分分档收益:
        分档     次数      R5%     R10%     R20%
  --------------------------------------------
     A:80+    986     2.65     5.36    12.25
   B:60-79  10908     1.89     5.39    11.23
   C:40-59   6723     0.90     2.97     5.94
     D:<40     78    -2.12    -4.03   -17.80

已写入 11894 条买入信号到 tide_backtest_result (run_id=hist_20260704_150138)
[2026-07-04 15:01:39] 2026-04-08 未来收益计算完成
[2026-07-04 15:01:39] === 进度: 5/42, tide_score_signal=25280条 ===
[2026-07-04 15:01:39] [6/42] 2026-04-09 开始...
[2026-07-04 15:02:19]   2026-04-09: 200/842 计算完成, 失败0
[2026-07-04 15:03:00]   2026-04-09: 400/842 计算完成, 失败0
[2026-07-04 15:03:40]   2026-04-09: 600/842 计算完成, 失败0
[2026-07-04 15:04:19]   2026-04-09: 800/842 计算完成, 失败0
[2026-07-04 15:05:18] 2026-04-09 完成! 219s, 写入842只, 失败0
共 26122 条评分记录
已有评分日期:
  2026-04-01: 20条
  2026-04-02: 842条
  2026-04-03: 842条
  2026-04-06: 842条
  2026-04-07: 842条
  2026-04-08: 842条
  2026-04-09: 842条
  2026-06-01: 842条
  2026-06-02: 842条
  2026-06-03: 842条
  2026-06-04: 842条
  2026-06-05: 842条
  2026-06-08: 842条
  2026-06-09: 842条
  2026-06-10: 842条
  2026-06-11: 842条
  2026-06-12: 842条
  2026-06-15: 842条
  2026-06-16: 842条
  2026-06-17: 842条
  2026-06-18: 842条
  2026-06-19: 842条
  2026-06-22: 842条
  2026-06-23: 842条
  2026-06-24: 842条
  2026-06-25: 842条
  2026-06-26: 842条
  2026-06-29: 842条
  2026-06-30: 842条
  2026-07-01: 842条
  2026-07-02: 842条
  2026-07-03: 842条

加载K线数据...
K线数据: 5538只股票
待计算收益: 7427条
已更新 4912 条, 耗时 4.2s

📊 Tide评分回测结果:
                      R5%       R10%       R20%
       买入(≥60)       2.02%       5.46%      11.59%
       观望(<60)       1.00%       2.99%       6.84%

📊 评分分档收益:
        分档     次数      R5%     R10%     R20%
  --------------------------------------------
     A:80+    995     2.65     5.40    12.44
   B:60-79  11284     1.97     5.47    11.52
   C:40-59   7040     1.04     3.08     6.85
     D:<40     78    -2.12    -4.03   -17.80

已写入 12279 条买入信号到 tide_backtest_result (run_id=hist_20260704_150540)
[2026-07-04 15:05:41] 2026-04-09 未来收益计算完成
[2026-07-04 15:05:41] [7/42] 2026-04-10 开始...
[2026-07-04 15:06:21]   2026-04-10: 200/842 计算完成, 失败0
[2026-07-04 15:07:02]   2026-04-10: 400/842 计算完成, 失败0
[2026-07-04 15:07:41]   2026-04-10: 600/842 计算完成, 失败0
[2026-07-04 15:08:21]   2026-04-10: 800/842 计算完成, 失败0
[2026-07-04 15:09:19] 2026-04-10 完成! 218s, 写入842只, 失败0
共 26964 条评分记录
已有评分日期:
  2026-04-01: 20条
  2026-04-02: 842条
  2026-04-03: 842条
  2026-04-06: 842条
  2026-04-07: 842条
  2026-04-08: 842条
  2026-04-09: 842条
  2026-04-10: 842条
  2026-06-01: 842条
  2026-06-02: 842条
  2026-06-03: 842条
  2026-06-04: 842条
  2026-06-05: 842条
  2026-06-08: 842条
  2026-06-09: 842条
  2026-06-10: 842条
  2026-06-11: 842条
  2026-06-12: 842条
  2026-06-15: 842条
  2026-06-16: 842条
  2026-06-17: 842条
  2026-06-18: 842条
  2026-06-19: 842条
  2026-06-22: 842条
  2026-06-23: 842条
  2026-06-24: 842条
  2026-06-25: 842条
  2026-06-26: 842条
  2026-06-29: 842条
  2026-06-30: 842条
  2026-07-01: 842条
  2026-07-02: 842条
  2026-07-03: 842条

加载K线数据...
K线数据: 5538只股票
待计算收益: 7567条
已更新 4912 条, 耗时 4.4s

📊 Tide评分回测结果:
                      R5%       R10%       R20%
       买入(≥60)       2.08%       5.47%      11.81%
       观望(<60)       1.13%       3.03%       7.88%

📊 评分分档收益:
        分档     次数      R5%     R10%     R20%
  --------------------------------------------
     A:80+   1003     2.66     5.44    12.54
   B:60-79  11586     2.03     5.47    11.76
   C:40-59   7432     1.16     3.11     7.89
     D:<40     78    -2.12    -4.03   -17.80

已写入 12589 条买入信号到 tide_backtest_result (run_id=hist_20260704_150942)
[2026-07-04 15:09:42] 2026-04-10 未来收益计算完成
[2026-07-04 15:09:42] [8/42] 2026-04-13 开始...
[2026-07-04 15:10:23]   2026-04-13: 200/842 计算完成, 失败0
[2026-07-04 15:11:04]   2026-04-13: 400/842 计算完成, 失败0
[2026-07-04 15:11:45]   2026-04-13: 600/842 计算完成, 失败0
[2026-07-04 15:12:25]   2026-04-13: 800/842 计算完成, 失败0
[2026-07-04 15:13:23] 2026-04-13 完成! 221s, 写入842只, 失败0
共 27806 条评分记录
已有评分日期:
  2026-04-01: 20条
  2026-04-02: 842条
  2026-04-03: 842条
  2026-04-06: 842条
  2026-04-07: 842条
  2026-04-08: 842条
  2026-04-09: 842条
  2026-04-10: 842条
  2026-04-13: 842条
  2026-06-01: 842条
  2026-06-02: 842条
  2026-06-03: 842条
  2026-06-04: 842条
  2026-06-05: 842条
  2026-06-08: 842条
  2026-06-09: 842条
  2026-06-10: 842条
  2026-06-11: 842条
  2026-06-12: 842条
  2026-06-15: 842条
  2026-06-16: 842条
  2026-06-17: 842条
  2026-06-18: 842条
  2026-06-19: 842条
  2026-06-22: 842条
  2026-06-23: 842条
  2026-06-24: 842条
  2026-06-25: 842条
  2026-06-26: 842条
  2026-06-29: 842条
  2026-06-30: 842条
  2026-07-01: 842条
  2026-07-02: 842条
  2026-07-03: 842条

加载K线数据...
K线数据: 5538只股票
待计算收益: 7707条
已更新 4912 条, 耗时 4.1s

📊 Tide评分回测结果:
                      R5%       R10%       R20%
       买入(≥60)       2.16%       5.50%      11.96%
       观望(<60)       1.27%       3.05%       8.05%

📊 评分分档收益:
        分档     次数      R5%     R10%     R20%
  --------------------------------------------
     A:80+   1019     2.71     5.59    12.94
   B:60-79  11895     2.11     5.50    11.90
   C:40-59   7809     1.30     3.13     8.05
     D:<40     78    -2.12    -4.03   -17.80

已写入 12914 条买入信号到 tide_backtest_result (run_id=hist_20260704_151345)
[2026-07-04 15:13:46] 2026-04-13 未来收益计算完成
[2026-07-04 15:13:46] [9/42] 2026-04-14 开始...
[2026-07-04 15:14:26]   2026-04-14: 200/842 计算完成, 失败0
[2026-07-04 15:15:07]   2026-04-14: 400/842 计算完成, 失败0
[2026-07-04 15:15:47]   2026-04-14: 600/842 计算完成, 失败0
[2026-07-04 15:16:27]   2026-04-14: 800/842 计算完成, 失败0
[2026-07-04 15:17:24] 2026-04-14 完成! 219s, 写入842只, 失败0
共 28648 条评分记录
已有评分日期:
  2026-04-01: 20条
  2026-04-02: 842条
  2026-04-03: 842条
  2026-04-06: 842条
  2026-04-07: 842条
  2026-04-08: 842条
  2026-04-09: 842条
  2026-04-10: 842条
  2026-04-13: 842条
  2026-04-14: 842条
  2026-06-01: 842条
  2026-06-02: 842条
  2026-06-03: 842条
  2026-06-04: 842条
  2026-06-05: 842条
  2026-06-08: 842条
  2026-06-09: 842条
  2026-06-10: 842条
  2026-06-11: 842条
  2026-06-12: 842条
  2026-06-15: 842条
  2026-06-16: 842条
  2026-06-17: 842条
  2026-06-18: 842条
  2026-06-19: 842条
  2026-06-22: 842条
  2026-06-23: 842条
  2026-06-24: 842条
  2026-06-25: 842条
  2026-06-26: 842条
  2026-06-29: 842条
  2026-06-30: 842条
  2026-07-01: 842条
  2026-07-02: 842条
  2026-07-03: 842条

加载K线数据...
K线数据: 5538只股票
待计算收益: 7847条
已更新 4912 条, 耗时 4.2s

📊 Tide评分回测结果:
                      R5%       R10%       R20%
       买入(≥60)       2.20%       5.48%      11.97%
       观望(<60)       1.29%       2.88%       7.86%

📊 评分分档收益:
        分档     次数      R5%     R10%     R20%
  --------------------------------------------
     A:80+   1038     2.85     5.79    13.41
   B:60-79  12210     2.15     5.45    11.87
   C:40-59   8176     1.33     2.95     7.86
     D:<40     79    -2.05    -3.78     6.63

已写入 13248 条买入信号到 tide_backtest_result (run_id=hist_20260704_151747)
[2026-07-04 15:17:48] 2026-04-14 未来收益计算完成
[2026-07-04 15:17:48] [10/42] 2026-04-15 开始...
[2026-07-04 15:18:28]   2026-04-15: 200/842 计算完成, 失败0
[2026-07-04 15:19:09]   2026-04-15: 400/842 计算完成, 失败0
[2026-07-04 15:19:49]   2026-04-15: 600/842 计算完成, 失败0
[2026-07-04 15:20:29]   2026-04-15: 800/842 计算完成, 失败0
[2026-07-04 15:21:28] 2026-04-15 完成! 220s, 写入842只, 失败0
共 29490 条评分记录
已有评分日期:
  2026-04-01: 20条
  2026-04-02: 842条
  2026-04-03: 842条
  2026-04-06: 842条
  2026-04-07: 842条
  2026-04-08: 842条
  2026-04-09: 842条
  2026-04-10: 842条
  2026-04-13: 842条
  2026-04-14: 842条
  2026-04-15: 842条
  2026-06-01: 842条
  2026-06-02: 842条
  2026-06-03: 842条
  2026-06-04: 842条
  2026-06-05: 842条
  2026-06-08: 842条
  2026-06-09: 842条
  2026-06-10: 842条
  2026-06-11: 842条
  2026-06-12: 842条
  2026-06-15: 842条
  2026-06-16: 842条
  2026-06-17: 842条
  2026-06-18: 842条
  2026-06-19: 842条
  2026-06-22: 842条
  2026-06-23: 842条
  2026-06-24: 842条
  2026-06-25: 842条
  2026-06-26: 842条
  2026-06-29: 842条
  2026-06-30: 842条
  2026-07-01: 842条
  2026-07-02: 842条
  2026-07-03: 842条

加载K线数据...
K线数据: 5538只股票
待计算收益: 7987条
已更新 4912 条, 耗时 4.2s

📊 Tide评分回测结果:
                      R5%       R10%       R20%
       买入(≥60)       2.31%       5.44%      11.91%
       观望(<60)       1.36%       2.87%       7.93%

📊 评分分档收益:
        分档     次数      R5%     R10%     R20%
  --------------------------------------------
     A:80+   1061     2.99     5.84    13.40
   B:60-79  12651     2.25     5.41    11.81
   C:40-59   8414     1.39     2.94     7.93
     D:<40     79    -2.05    -3.78     6.63

已写入 13712 条买入信号到 tide_backtest_result (run_id=hist_20260704_152149)
[2026-07-04 15:21:50] 2026-04-15 未来收益计算完成
[2026-07-04 15:21:50] === 进度: 10/42, tide_score_signal=29490条 ===
[2026-07-04 15:21:50] [11/42] 2026-04-16 开始...
[2026-07-04 15:22:30]   2026-04-16: 200/842 计算完成, 失败0
[2026-07-04 15:23:11]   2026-04-16: 400/842 计算完成, 失败0
[2026-07-04 15:23:51]   2026-04-16: 600/842 计算完成, 失败0
[2026-07-04 15:24:31]   2026-04-16: 800/842 计算完成, 失败0
[2026-07-04 15:25:29] 2026-04-16 完成! 219s, 写入842只, 失败0
共 30332 条评分记录
已有评分日期:
  2026-04-01: 20条
  2026-04-02: 842条
  2026-04-03: 842条
  2026-04-06: 842条
  2026-04-07: 842条
  2026-04-08: 842条
  2026-04-09: 842条
  2026-04-10: 842条
  2026-04-13: 842条
  2026-04-14: 842条
  2026-04-15: 842条
  2026-04-16: 842条
  2026-06-01: 842条
  2026-06-02: 842条
  2026-06-03: 842条
  2026-06-04: 842条
  2026-06-05: 842条
  2026-06-08: 842条
  2026-06-09: 842条
  2026-06-10: 842条
  2026-06-11: 842条
  2026-06-12: 842条
  2026-06-15: 842条
  2026-06-16: 842条
  2026-06-17: 842条
  2026-06-18: 842条
  2026-06-19: 842条
  2026-06-22: 842条
  2026-06-23: 842条
  2026-06-24: 842条
  2026-06-25: 842条
  2026-06-26: 842条
  2026-06-29: 842条
  2026-06-30: 842条
  2026-07-01: 842条
  2026-07-02: 842条
  2026-07-03: 842条

加载K线数据...
K线数据: 5538只股票
待计算收益: 8127条
已更新 4912 条, 耗时 4.1s

📊 Tide评分回测结果:
                      R5%       R10%       R20%
       买入(≥60)       2.31%       5.36%      11.89%
       观望(<60)       1.35%       2.81%       7.86%

📊 评分分档收益:
        分档     次数      R5%     R10%     R20%
  --------------------------------------------
     A:80+   1090     3.01     5.78    13.13
   B:60-79  13091     2.25     5.33    11.81
   C:40-59   8647     1.38     2.88     7.86
     D:<40     79    -2.05    -3.78     6.63

已写入 14181 条买入信号到 tide_backtest_result (run_id=hist_20260704_152551)
[2026-07-04 15:25:51] 2026-04-16 未来收益计算完成
[2026-07-04 15:25:51] [12/42] 2026-04-17 开始...
[2026-07-04 15:26:32]   2026-04-17: 200/842 计算完成, 失败0
[2026-07-04 15:27:13]   2026-04-17: 400/842 计算完成, 失败0
[2026-07-04 15:27:52]   2026-04-17: 600/842 计算完成, 失败0
[2026-07-04 15:28:32]   2026-04-17: 800/842 计算完成, 失败0
[2026-07-04 15:29:42] 2026-04-17 完成! 230s, 写入842只, 失败0
共 31174 条评分记录
已有评分日期:
  2026-04-01: 20条
  2026-04-02: 842条
  2026-04-03: 842条
  2026-04-06: 842条
  2026-04-07: 842条
  2026-04-08: 842条
  2026-04-09: 842条
  2026-04-10: 842条
  2026-04-13: 842条
  2026-04-14: 842条
  2026-04-15: 842条
  2026-04-16: 842条
  2026-04-17: 842条
  2026-06-01: 842条
  2026-06-02: 842条
  2026-06-03: 842条
  2026-06-04: 842条
  2026-06-05: 842条
  2026-06-08: 842条
  2026-06-09: 842条
  2026-06-10: 842条
  2026-06-11: 842条
  2026-06-12: 842条
  2026-06-15: 842条
  2026-06-16: 842条
  2026-06-17: 842条
  2026-06-18: 842条
  2026-06-19: 842条
  2026-06-22: 842条
  2026-06-23: 842条
  2026-06-24: 842条
  2026-06-25: 842条
  2026-06-26: 842条
  2026-06-29: 842条
  2026-06-30: 842条
  2026-07-01: 842条
  2026-07-02: 842条
  2026-07-03: 842条

加载K线数据...
K线数据: 5538只股票
待计算收益: 8267条
已更新 4912 条, 耗时 4.5s

📊 Tide评分回测结果:
                      R5%       R10%       R20%
       买入(≥60)       2.26%       5.36%      11.81%
       观望(<60)       1.31%       2.81%       7.72%

📊 评分分档收益:
        分档     次数      R5%     R10%     R20%
  --------------------------------------------
     A:80+   1135     2.99     5.88    13.35
   B:60-79  13549     2.20     5.32    11.71
   C:40-59   8846     1.34     2.88     7.72
     D:<40     79    -2.05    -3.78     6.63

已写入 14684 条买入信号到 tide_backtest_result (run_id=hist_20260704_153005)
[2026-07-04 15:30:06] 2026-04-17 未来收益计算完成
[2026-07-04 15:30:06] [13/42] 2026-04-20 开始...
[2026-07-04 15:30:47]   2026-04-20: 200/842 计算完成, 失败0
[2026-07-04 15:31:28]   2026-04-20: 400/842 计算完成, 失败0
[2026-07-04 15:32:08]   2026-04-20: 600/842 计算完成, 失败0
[2026-07-04 15:32:48]   2026-04-20: 800/842 计算完成, 失败0
[2026-07-04 15:33:46] 2026-04-20 完成! 220s, 写入842只, 失败0
共 32016 条评分记录
已有评分日期:
  2026-04-01: 20条
  2026-04-02: 842条
  2026-04-03: 842条
  2026-04-06: 842条
  2026-04-07: 842条
  2026-04-08: 842条
  2026-04-09: 842条
  2026-04-10: 842条
  2026-04-13: 842条
  2026-04-14: 842条
  2026-04-15: 842条
  2026-04-16: 842条
  2026-04-17: 842条
  2026-04-20: 842条
  2026-06-01: 842条
  2026-06-02: 842条
  2026-06-03: 842条
  2026-06-04: 842条
  2026-06-05: 842条
  2026-06-08: 842条
  2026-06-09: 842条
  2026-06-10: 842条
  2026-06-11: 842条
  2026-06-12: 842条
  2026-06-15: 842条
  2026-06-16: 842条
  2026-06-17: 842条
  2026-06-18: 842条
  2026-06-19: 842条
  2026-06-22: 842条
  2026-06-23: 842条
  2026-06-24: 842条
  2026-06-25: 842条
  2026-06-26: 842条
  2026-06-29: 842条
  2026-06-30: 842条
  2026-07-01: 842条
  2026-07-02: 842条
  2026-07-03: 842条

加载K线数据...
K线数据: 5538只股票
待计算收益: 8407条
已更新 4912 条, 耗时 4.2s

📊 Tide评分回测结果:
                      R5%       R10%       R20%
       买入(≥60)       2.19%       5.38%      11.37%
       观望(<60)       1.28%       2.82%       7.45%

📊 评分分档收益:
        分档     次数      R5%     R10%     R20%
  --------------------------------------------
     A:80+   1194     2.92     6.14    12.99
   B:60-79  14019     2.13     5.32    11.25
   C:40-59   9019     1.31     2.88     7.45
     D:<40     79    -2.05    -3.78     6.63

已写入 15213 条买入信号到 tide_backtest_result (run_id=hist_20260704_153408)
[2026-07-04 15:34:09] 2026-04-20 未来收益计算完成
[2026-07-04 15:34:09] [14/42] 2026-04-21 开始...
[2026-07-04 15:34:49]   2026-04-21: 200/842 计算完成, 失败0
[2026-07-04 15:35:32]   2026-04-21: 400/842 计算完成, 失败0
[2026-07-04 15:36:14]   2026-04-21: 600/842 计算完成, 失败0
[2026-07-04 15:36:54]   2026-04-21: 800/842 计算完成, 失败0
[2026-07-04 15:37:51] 2026-04-21 完成! 222s, 写入842只, 失败0
共 32858 条评分记录
已有评分日期:
  2026-04-01: 20条
  2026-04-02: 842条
  2026-04-03: 842条
  2026-04-06: 842条
  2026-04-07: 842条
  2026-04-08: 842条
  2026-04-09: 842条
  2026-04-10: 842条
  2026-04-13: 842条
  2026-04-14: 842条
  2026-04-15: 842条
  2026-04-16: 842条
  2026-04-17: 842条
  2026-04-20: 842条
  2026-04-21: 842条
  2026-06-01: 842条
  2026-06-02: 842条
  2026-06-03: 842条
  2026-06-04: 842条
  2026-06-05: 842条
  2026-06-08: 842条
  2026-06-09: 842条
  2026-06-10: 842条
  2026-06-11: 842条
  2026-06-12: 842条
  2026-06-15: 842条
  2026-06-16: 842条
  2026-06-17: 842条
  2026-06-18: 842条
  2026-06-19: 842条
  2026-06-22: 842条
  2026-06-23: 842条
  2026-06-24: 842条
  2026-06-25: 842条
  2026-06-26: 842条
  2026-06-29: 842条
  2026-06-30: 842条
  2026-07-01: 842条
  2026-07-02: 842条
  2026-07-03: 842条

加载K线数据...
K线数据: 5538只股票
待计算收益: 8547条
已更新 4912 条, 耗时 4.2s

📊 Tide评分回测结果:
                      R5%       R10%       R20%
       买入(≥60)       2.12%       5.41%      11.19%
       观望(<60)       1.22%       2.85%       7.26%

📊 评分分档收益:
        分档     次数      R5%     R10%     R20%
  --------------------------------------------
     A:80+   1252     2.84     6.50    13.13
   B:60-79  14462     2.05     5.32    11.04
   C:40-59   9220     1.25     2.92     7.26
     D:<40     79    -2.05    -3.78     6.63

已写入 15714 条买入信号到 tide_backtest_result (run_id=hist_20260704_153813)
[2026-07-04 15:38:14] 2026-04-21 未来收益计算完成
[2026-07-04 15:38:14] [15/42] 2026-04-22 开始...
[2026-07-04 15:38:54]   2026-04-22: 200/842 计算完成, 失败0
[2026-07-04 15:39:42]   2026-04-22: 400/842 计算完成, 失败0
[2026-07-04 15:40:22]   2026-04-22: 600/842 计算完成, 失败0
[2026-07-04 15:41:02]   2026-04-22: 800/842 计算完成, 失败0
[2026-07-04 15:42:01] 2026-04-22 完成! 227s, 写入842只, 失败0
共 33700 条评分记录
已有评分日期:
  2026-04-01: 20条
  2026-04-02: 842条
  2026-04-03: 842条
  2026-04-06: 842条
  2026-04-07: 842条
  2026-04-08: 842条
  2026-04-09: 842条
  2026-04-10: 842条
  2026-04-13: 842条
  2026-04-14: 842条
  2026-04-15: 842条
  2026-04-16: 842条
  2026-04-17: 842条
  2026-04-20: 842条
  2026-04-21: 842条
  2026-04-22: 842条
  2026-06-01: 842条
  2026-06-02: 842条
  2026-06-03: 842条
  2026-06-04: 842条
  2026-06-05: 842条
  2026-06-08: 842条
  2026-06-09: 842条
  2026-06-10: 842条
  2026-06-11: 842条
  2026-06-12: 842条
  2026-06-15: 842条
  2026-06-16: 842条
  2026-06-17: 842条
  2026-06-18: 842条
  2026-06-19: 842条
  2026-06-22: 842条
  2026-06-23: 842条
  2026-06-24: 842条
  2026-06-25: 842条
  2026-06-26: 842条
  2026-06-29: 842条
  2026-06-30: 842条
  2026-07-01: 842条
  2026-07-02: 842条
  2026-07-03: 842条

加载K线数据...
K线数据: 5538只股票
待计算收益: 8687条
已更新 4912 条, 耗时 4.1s

📊 Tide评分回测结果:
                      R5%       R10%       R20%
       买入(≥60)       2.03%       5.46%      11.05%
       观望(<60)       1.17%       2.89%       7.06%

📊 评分分档收益:
        分档     次数      R5%     R10%     R20%
  --------------------------------------------
     A:80+   1300     2.70     6.63    12.95
   B:60-79  14913     1.98     5.37    10.91
   C:40-59   9423     1.20     2.95     7.06
     D:<40     79    -2.05    -3.78     6.63

已写入 16213 条买入信号到 tide_backtest_result (run_id=hist_20260704_154223)
[2026-07-04 15:42:24] 2026-04-22 未来收益计算完成
[2026-07-04 15:42:24] === 进度: 15/42, tide_score_signal=33700条 ===
[2026-07-04 15:42:24] [16/42] 2026-04-23 开始...
[2026-07-04 15:43:05]   2026-04-23: 200/842 计算完成, 失败0
[2026-07-04 15:43:46]   2026-04-23: 400/842 计算完成, 失败0
[2026-07-04 15:44:25]   2026-04-23: 600/842 计算完成, 失败0
[2026-07-04 15:45:06]   2026-04-23: 800/842 计算完成, 失败0
[2026-07-04 15:46:11] 2026-04-23 完成! 227s, 写入842只, 失败0
共 34542 条评分记录
已有评分日期:
  2026-04-01: 20条
  2026-04-02: 842条
  2026-04-03: 842条
  2026-04-06: 842条
  2026-04-07: 842条
  2026-04-08: 842条
  2026-04-09: 842条
  2026-04-10: 842条
  2026-04-13: 842条
  2026-04-14: 842条
  2026-04-15: 842条
  2026-04-16: 842条
  2026-04-17: 842条
  2026-04-20: 842条
  2026-04-21: 842条
  2026-04-22: 842条
  2026-04-23: 842条
  2026-06-01: 842条
  2026-06-02: 842条
  2026-06-03: 842条
  2026-06-04: 842条
  2026-06-05: 842条
  2026-06-08: 842条
  2026-06-09: 842条
  2026-06-10: 842条
  2026-06-11: 842条
  2026-06-12: 842条
  2026-06-15: 842条
  2026-06-16: 842条
  2026-06-17: 842条
  2026-06-18: 842条
  2026-06-19: 842条
  2026-06-22: 842条
  2026-06-23: 842条
  2026-06-24: 842条
  2026-06-25: 842条
  2026-06-26: 842条
  2026-06-29: 842条
  2026-06-30: 842条
  2026-07-01: 842条
  2026-07-02: 842条
  2026-07-03: 842条

加载K线数据...
K线数据: 5538只股票
待计算收益: 8827条
已更新 4912 条, 耗时 4.3s

📊 Tide评分回测结果:
                      R5%       R10%       R20%
       买入(≥60)       1.99%       5.53%      10.92%
       观望(<60)       1.16%       2.96%       6.94%

📊 评分分档收益:
        分档     次数      R5%     R10%     R20%
  --------------------------------------------
     A:80+   1357     2.62     6.85    13.08
   B:60-79  15343     1.94     5.42    10.74
   C:40-59   9638     1.19     3.02     6.94
     D:<40     79    -2.05    -3.78     6.63

已写入 16700 条买入信号到 tide_backtest_result (run_id=hist_20260704_154637)
[2026-07-04 15:46:38] 2026-04-23 未来收益计算完成
[2026-07-04 15:46:38] [17/42] 2026-04-24 开始...
[2026-07-04 15:47:20]   2026-04-24: 200/842 计算完成, 失败0
[2026-07-04 15:48:01]   2026-04-24: 400/842 计算完成, 失败0
[2026-07-04 15:48:41]   2026-04-24: 600/842 计算完成, 失败0
[2026-07-04 15:49:21]   2026-04-24: 800/842 计算完成, 失败0
[2026-07-04 15:50:19] 2026-04-24 完成! 221s, 写入842只, 失败0
共 35384 条评分记录
已有评分日期:
  2026-04-01: 20条
  2026-04-02: 842条
  2026-04-03: 842条
  2026-04-06: 842条
  2026-04-07: 842条
  2026-04-08: 842条
  2026-04-09: 842条
  2026-04-10: 842条
  2026-04-13: 842条
  2026-04-14: 842条
  2026-04-15: 842条
  2026-04-16: 842条
  2026-04-17: 842条
  2026-04-20: 842条
  2026-04-21: 842条
  2026-04-22: 842条
  2026-04-23: 842条
  2026-04-24: 842条
  2026-06-01: 842条
  2026-06-02: 842条
  2026-06-03: 842条
  2026-06-04: 842条
  2026-06-05: 842条
  2026-06-08: 842条
  2026-06-09: 842条
  2026-06-10: 842条
  2026-06-11: 842条
  2026-06-12: 842条
  2026-06-15: 842条
  2026-06-16: 842条
  2026-06-17: 842条
  2026-06-18: 842条
  2026-06-19: 842条
  2026-06-22: 842条
  2026-06-23: 842条
  2026-06-24: 842条
  2026-06-25: 842条
  2026-06-26: 842条
  2026-06-29: 842条
  2026-06-30: 842条
  2026-07-01: 842条
  2026-07-02: 842条
  2026-07-03: 842条

加载K线数据...
K线数据: 5538只股票
待计算收益: 8967条
已更新 4910 条, 耗时 4.3s

📊 Tide评分回测结果:
                      R5%       R10%       R20%
       买入(≥60)       2.05%       5.69%      10.73%
       观望(<60)       1.22%       3.09%       6.76%

📊 评分分档收益:
        分档     次数      R5%     R10%     R20%
  --------------------------------------------
     A:80+   1400     2.72     7.17    13.21
   B:60-79  15793     1.99     5.56    10.53
   C:40-59   9845     1.24     3.15     6.76
     D:<40     79    -2.05    -3.78     6.63

已写入 17193 条买入信号到 tide_backtest_result (run_id=hist_20260704_155040)
[2026-07-04 15:50:41] 2026-04-24 未来收益计算完成
[2026-07-04 15:50:41] [18/42] 2026-04-27 开始...
[2026-07-04 15:51:22]   2026-04-27: 200/842 计算完成, 失败0
[2026-07-04 15:52:03]   2026-04-27: 400/842 计算完成, 失败0
[2026-07-04 15:52:44]   2026-04-27: 600/842 计算完成, 失败0
[2026-07-04 15:53:23]   2026-04-27: 800/842 计算完成, 失败0
[2026-07-04 15:54:21] 2026-04-27 完成! 219s, 写入842只, 失败0
共 36226 条评分记录
已有评分日期:
  2026-04-01: 20条
  2026-04-02: 842条
  2026-04-03: 842条
  2026-04-06: 842条
  2026-04-07: 842条
  2026-04-08: 842条
  2026-04-09: 842条
  2026-04-10: 842条
  2026-04-13: 842条
  2026-04-14: 842条
  2026-04-15: 842条
  2026-04-16: 842条
  2026-04-17: 842条
  2026-04-20: 842条
  2026-04-21: 842条
  2026-04-22: 842条
  2026-04-23: 842条
  2026-04-24: 842条
  2026-04-27: 842条
  2026-06-01: 842条
  2026-06-02: 842条
  2026-06-03: 842条
  2026-06-04: 842条
  2026-06-05: 842条
  2026-06-08: 842条
  2026-06-09: 842条
  2026-06-10: 842条
  2026-06-11: 842条
  2026-06-12: 842条
  2026-06-15: 842条
  2026-06-16: 842条
  2026-06-17: 842条
  2026-06-18: 842条
  2026-06-19: 842条
  2026-06-22: 842条
  2026-06-23: 842条
  2026-06-24: 842条
  2026-06-25: 842条
  2026-06-26: 842条
  2026-06-29: 842条
  2026-06-30: 842条
  2026-07-01: 842条
  2026-07-02: 842条
  2026-07-03: 842条

加载K线数据...
K线数据: 5538只股票
待计算收益: 9109条
已更新 4911 条, 耗时 4.1s

📊 Tide评分回测结果:
                      R5%       R10%       R20%
       买入(≥60)       2.15%       5.73%      10.61%
       观望(<60)       1.26%       3.11%       6.51%

📊 评分分档收益:
        分档     次数      R5%     R10%     R20%
  --------------------------------------------
     A:80+   1446     2.81     7.24    13.11
   B:60-79  16268     2.09     5.60    10.40
   C:40-59  10023     1.29     3.17     6.52
     D:<40     81    -2.10    -3.79    -2.24

已写入 17714 条买入信号到 tide_backtest_result (run_id=hist_20260704_155442)
[2026-07-04 15:54:44] 2026-04-27 未来收益计算完成
[2026-07-04 15:54:44] [19/42] 2026-04-28 开始...
[2026-07-04 15:55:25]   2026-04-28: 200/842 计算完成, 失败0
[2026-07-04 15:56:06]   2026-04-28: 400/842 计算完成, 失败0
[2026-07-04 15:56:46]   2026-04-28: 600/842 计算完成, 失败0
[2026-07-04 15:57:26]   2026-04-28: 800/842 计算完成, 失败0
[2026-07-04 15:58:24] 2026-04-28 完成! 219s, 写入842只, 失败0
共 37068 条评分记录
已有评分日期:
  2026-04-01: 20条
  2026-04-02: 842条
  2026-04-03: 842条
  2026-04-06: 842条
  2026-04-07: 842条
  2026-04-08: 842条
  2026-04-09: 842条
  2026-04-10: 842条
  2026-04-13: 842条
  2026-04-14: 842条
  2026-04-15: 842条
  2026-04-16: 842条
  2026-04-17: 842条
  2026-04-20: 842条
  2026-04-21: 842条
  2026-04-22: 842条
  2026-04-23: 842条
  2026-04-24: 842条
  2026-04-27: 842条
  2026-04-28: 842条
  2026-06-01: 842条
  2026-06-02: 842条
  2026-06-03: 842条
  2026-06-04: 842条
  2026-06-05: 842条
  2026-06-08: 842条
  2026-06-09: 842条
  2026-06-10: 842条
  2026-06-11: 842条
  2026-06-12: 842条
  2026-06-15: 842条
  2026-06-16: 842条
  2026-06-17: 842条
  2026-06-18: 842条
  2026-06-19: 842条
  2026-06-22: 842条
  2026-06-23: 842条
  2026-06-24: 842条
  2026-06-25: 842条
  2026-06-26: 842条
  2026-06-29: 842条
  2026-06-30: 842条
  2026-07-01: 842条
  2026-07-02: 842条
  2026-07-03: 842条

加载K线数据...
K线数据: 5538只股票
待计算收益: 9250条
已更新 4911 条, 耗时 4.2s

📊 Tide评分回测结果:
                      R5%       R10%       R20%
       买入(≥60)       2.27%       5.77%      10.29%
       观望(<60)       1.34%       3.15%       6.32%

📊 评分分档收益:
        分档     次数      R5%     R10%     R20%
  --------------------------------------------
     A:80+   1511     3.01     7.30    12.79
   B:60-79  16734     2.21     5.63    10.08
   C:40-59  10192     1.37     3.21     6.33
     D:<40     82    -2.08    -3.79    -4.04

已写入 18245 条买入信号到 tide_backtest_result (run_id=hist_20260704_155846)
[2026-07-04 15:58:47] 2026-04-28 未来收益计算完成
[2026-07-04 15:58:47] [20/42] 2026-04-29 开始...
[2026-07-04 15:59:27]   2026-04-29: 200/842 计算完成, 失败0
[2026-07-04 16:00:08]   2026-04-29: 400/842 计算完成, 失败0
[2026-07-04 16:00:48]   2026-04-29: 600/842 计算完成, 失败0
[2026-07-04 16:01:28]   2026-04-29: 800/842 计算完成, 失败0
[2026-07-04 16:02:26] 2026-04-29 完成! 219s, 写入842只, 失败0
共 37910 条评分记录
已有评分日期:
  2026-04-01: 20条
  2026-04-02: 842条
  2026-04-03: 842条
  2026-04-06: 842条
  2026-04-07: 842条
  2026-04-08: 842条
  2026-04-09: 842条
  2026-04-10: 842条
  2026-04-13: 842条
  2026-04-14: 842条
  2026-04-15: 842条
  2026-04-16: 842条
  2026-04-17: 842条
  2026-04-20: 842条
  2026-04-21: 842条
  2026-04-22: 842条
  2026-04-23: 842条
  2026-04-24: 842条
  2026-04-27: 842条
  2026-04-28: 842条
  2026-04-29: 842条
  2026-06-01: 842条
  2026-06-02: 842条
  2026-06-03: 842条
  2026-06-04: 842条
  2026-06-05: 842条
  2026-06-08: 842条
  2026-06-09: 842条
  2026-06-10: 842条
  2026-06-11: 842条
  2026-06-12: 842条
  2026-06-15: 842条
  2026-06-16: 842条
  2026-06-17: 842条
  2026-06-18: 842条
  2026-06-19: 842条
  2026-06-22: 842条
  2026-06-23: 842条
  2026-06-24: 842条
  2026-06-25: 842条
  2026-06-26: 842条
  2026-06-29: 842条
  2026-06-30: 842条
  2026-07-01: 842条
  2026-07-02: 842条
  2026-07-03: 842条

加载K线数据...
K线数据: 5538只股票
待计算收益: 9391条
已更新 4910 条, 耗时 4.2s

📊 Tide评分回测结果:
                      R5%       R10%       R20%
       买入(≥60)       2.41%       5.80%       9.87%
       观望(<60)       1.43%       3.17%       6.11%

📊 评分分档收益:
        分档     次数      R5%     R10%     R20%
  --------------------------------------------
     A:80+   1560     3.19     7.37    12.32
   B:60-79  17216     2.34     5.66     9.66
   C:40-59  10360     1.45     3.23     6.12
     D:<40     83    -2.03    -3.80    -4.93

已写入 18776 条买入信号到 tide_backtest_result (run_id=hist_20260704_160247)
[2026-07-04 16:02:48] 2026-04-29 未来收益计算完成
[2026-07-04 16:02:48] === 进度: 20/42, tide_score_signal=37910条 ===
[2026-07-04 16:02:48] [21/42] 2026-04-30 开始...
[2026-07-04 16:03:29]   2026-04-30: 200/842 计算完成, 失败0
[2026-07-04 16:04:11]   2026-04-30: 400/842 计算完成, 失败0
[2026-07-04 16:04:50]   2026-04-30: 600/842 计算完成, 失败0
[2026-07-04 16:05:31]   2026-04-30: 800/842 计算完成, 失败0
[2026-07-04 16:06:29] 2026-04-30 完成! 220s, 写入842只, 失败0
共 38752 条评分记录
已有评分日期:
  2026-04-01: 20条
  2026-04-02: 842条
  2026-04-03: 842条
  2026-04-06: 842条
  2026-04-07: 842条
  2026-04-08: 842条
  2026-04-09: 842条
  2026-04-10: 842条
  2026-04-13: 842条
  2026-04-14: 842条
  2026-04-15: 842条
  2026-04-16: 842条
  2026-04-17: 842条
  2026-04-20: 842条
  2026-04-21: 842条
  2026-04-22: 842条
  2026-04-23: 842条
  2026-04-24: 842条
  2026-04-27: 842条
  2026-04-28: 842条
  2026-04-29: 842条
  2026-04-30: 842条
  2026-06-01: 842条
  2026-06-02: 842条
  2026-06-03: 842条
  2026-06-04: 842条
  2026-06-05: 842条
  2026-06-08: 842条
  2026-06-09: 842条
  2026-06-10: 842条
  2026-06-11: 842条
  2026-06-12: 842条
  2026-06-15: 842条
  2026-06-16: 842条
  2026-06-17: 842条
  2026-06-18: 842条
  2026-06-19: 842条
  2026-06-22: 842条
  2026-06-23: 842条
  2026-06-24: 842条
  2026-06-25: 842条
  2026-06-26: 842条
  2026-06-29: 842条
  2026-06-30: 842条
  2026-07-01: 842条
  2026-07-02: 842条
  2026-07-03: 842条

加载K线数据...
K线数据: 5538只股票
待计算收益: 9533条
已更新 4910 条, 耗时 4.6s

📊 Tide评分回测结果:
                      R5%       R10%       R20%
       买入(≥60)       2.53%       5.87%       9.52%
       观望(<60)       1.48%       3.18%       5.88%

📊 评分分档收益:
        分档     次数      R5%     R10%     R20%
  --------------------------------------------
     A:80+   1615     3.37     7.57    11.97
   B:60-79  17686     2.45     5.72     9.30
   C:40-59  10535     1.51     3.24     5.90
     D:<40     83    -2.03    -3.80    -4.93

已写入 19301 条买入信号到 tide_backtest_result (run_id=hist_20260704_160651)
[2026-07-04 16:06:52] 2026-04-30 未来收益计算完成
[2026-07-04 16:06:52] [22/42] 2026-05-01 开始...
[2026-07-04 16:07:32]   2026-05-01: 200/842 计算完成, 失败0
[2026-07-04 16:08:13]   2026-05-01: 400/842 计算完成, 失败0
[2026-07-04 16:08:54]   2026-05-01: 600/842 计算完成, 失败0
[2026-07-04 16:09:34]   2026-05-01: 800/842 计算完成, 失败0
[2026-07-04 16:10:33] 2026-05-01 完成! 221s, 写入842只, 失败0
共 39594 条评分记录
已有评分日期:
  2026-04-01: 20条
  2026-04-02: 842条
  2026-04-03: 842条
  2026-04-06: 842条
  2026-04-07: 842条
  2026-04-08: 842条
  2026-04-09: 842条
  2026-04-10: 842条
  2026-04-13: 842条
  2026-04-14: 842条
  2026-04-15: 842条
  2026-04-16: 842条
  2026-04-17: 842条
  2026-04-20: 842条
  2026-04-21: 842条
  2026-04-22: 842条
  2026-04-23: 842条
  2026-04-24: 842条
  2026-04-27: 842条
  2026-04-28: 842条
  2026-04-29: 842条
  2026-04-30: 842条
  2026-05-01: 842条
  2026-06-01: 842条
  2026-06-02: 842条
  2026-06-03: 842条
  2026-06-04: 842条
  2026-06-05: 842条
  2026-06-08: 842条
  2026-06-09: 842条
  2026-06-10: 842条
  2026-06-11: 842条
  2026-06-12: 842条
  2026-06-15: 842条
  2026-06-16: 842条
  2026-06-17: 842条
  2026-06-18: 842条
  2026-06-19: 842条
  2026-06-22: 842条
  2026-06-23: 842条
  2026-06-24: 842条
  2026-06-25: 842条
  2026-06-26: 842条
  2026-06-29: 842条
  2026-06-30: 842条
  2026-07-01: 842条
  2026-07-02: 842条
  2026-07-03: 842条

加载K线数据...
K线数据: 5538只股票
待计算收益: 9675条
已更新 4210 条, 耗时 1.2s

📊 Tide评分回测结果:
                      R5%       R10%       R20%
       买入(≥60)       2.53%       5.87%       9.52%
       观望(<60)       1.48%       3.18%       5.88%

📊 评分分档收益:
        分档     次数      R5%     R10%     R20%
  --------------------------------------------
     A:80+   1615     3.37     7.57    11.97
   B:60-79  17686     2.45     5.72     9.30
   C:40-59  10535     1.51     3.24     5.90
     D:<40     83    -2.03    -3.80    -4.93

已写入 19301 条买入信号到 tide_backtest_result (run_id=hist_20260704_161051)
[2026-07-04 16:10:52] 2026-05-01 未来收益计算完成
[2026-07-04 16:10:52] [23/42] 2026-05-04 开始...
[2026-07-04 16:11:32]   2026-05-04: 200/842 计算完成, 失败0
[2026-07-04 16:12:17]   2026-05-04: 400/842 计算完成, 失败0
[2026-07-04 16:12:57]   2026-05-04: 600/842 计算完成, 失败0
[2026-07-04 16:13:37]   2026-05-04: 800/842 计算完成, 失败0
[2026-07-04 16:14:35] 2026-05-04 完成! 223s, 写入842只, 失败0
共 40436 条评分记录
已有评分日期:
  2026-04-01: 20条
  2026-04-02: 842条
  2026-04-03: 842条
  2026-04-06: 842条
  2026-04-07: 842条
  2026-04-08: 842条
  2026-04-09: 842条
  2026-04-10: 842条
  2026-04-13: 842条
  2026-04-14: 842条
  2026-04-15: 842条
  2026-04-16: 842条
  2026-04-17: 842条
  2026-04-20: 842条
  2026-04-21: 842条
  2026-04-22: 842条
  2026-04-23: 842条
  2026-04-24: 842条
  2026-04-27: 842条
  2026-04-28: 842条
  2026-04-29: 842条
  2026-04-30: 842条
  2026-05-01: 842条
  2026-05-04: 842条
  2026-06-01: 842条
  2026-06-02: 842条
  2026-06-03: 842条
  2026-06-04: 842条
  2026-06-05: 842条
  2026-06-08: 842条
  2026-06-09: 842条
  2026-06-10: 842条
  2026-06-11: 842条
  2026-06-12: 842条
  2026-06-15: 842条
  2026-06-16: 842条
  2026-06-17: 842条
  2026-06-18: 842条
  2026-06-19: 842条
  2026-06-22: 842条
  2026-06-23: 842条
  2026-06-24: 842条
  2026-06-25: 842条
  2026-06-26: 842条
  2026-06-29: 842条
  2026-06-30: 842条
  2026-07-01: 842条
  2026-07-02: 842条
  2026-07-03: 842条

加载K线数据...
K线数据: 5538只股票
待计算收益: 10517条
已更新 4210 条, 耗时 1.3s

📊 Tide评分回测结果:
                      R5%       R10%       R20%
       买入(≥60)       2.53%       5.87%       9.52%
       观望(<60)       1.48%       3.18%       5.88%

📊 评分分档收益:
        分档     次数      R5%     R10%     R20%
  --------------------------------------------
     A:80+   1615     3.37     7.57    11.97
   B:60-79  17686     2.45     5.72     9.30
   C:40-59  10535     1.51     3.24     5.90
     D:<40     83    -2.03    -3.80    -4.93

已写入 19301 条买入信号到 tide_backtest_result (run_id=hist_20260704_161454)
[2026-07-04 16:14:55] 2026-05-04 未来收益计算完成
[2026-07-04 16:14:55] [24/42] 2026-05-05 开始...
[2026-07-04 16:15:36]   2026-05-05: 200/842 计算完成, 失败0
[2026-07-04 16:16:17]   2026-05-05: 400/842 计算完成, 失败0
[2026-07-04 16:16:57]   2026-05-05: 600/842 计算完成, 失败0
[2026-07-04 16:17:38]   2026-05-05: 800/842 计算完成, 失败0
[2026-07-04 16:18:35] 2026-05-05 完成! 220s, 写入842只, 失败0
共 41278 条评分记录
已有评分日期:
  2026-04-01: 20条
  2026-04-02: 842条
  2026-04-03: 842条
  2026-04-06: 842条
  2026-04-07: 842条
  2026-04-08: 842条
  2026-04-09: 842条
  2026-04-10: 842条
  2026-04-13: 842条
  2026-04-14: 842条
  2026-04-15: 842条
  2026-04-16: 842条
  2026-04-17: 842条
  2026-04-20: 842条
  2026-04-21: 842条
  2026-04-22: 842条
  2026-04-23: 842条
  2026-04-24: 842条
  2026-04-27: 842条
  2026-04-28: 842条
  2026-04-29: 842条
  2026-04-30: 842条
  2026-05-01: 842条
  2026-05-04: 842条
  2026-05-05: 842条
  2026-06-01: 842条
  2026-06-02: 842条
  2026-06-03: 842条
  2026-06-04: 842条
  2026-06-05: 842条
  2026-06-08: 842条
  2026-06-09: 842条
  2026-06-10: 842条
  2026-06-11: 842条
  2026-06-12: 842条
  2026-06-15: 842条
  2026-06-16: 842条
  2026-06-17: 842条
  2026-06-18: 842条
  2026-06-19: 842条
  2026-06-22: 842条
  2026-06-23: 842条
  2026-06-24: 842条
  2026-06-25: 842条
  2026-06-26: 842条
  2026-06-29: 842条
  2026-06-30: 842条
  2026-07-01: 842条
  2026-07-02: 842条
  2026-07-03: 842条

加载K线数据...
K线数据: 5538只股票
待计算收益: 11359条
已更新 4210 条, 耗时 1.3s

📊 Tide评分回测结果:
                      R5%       R10%       R20%
       买入(≥60)       2.53%       5.87%       9.52%
       观望(<60)       1.48%       3.18%       5.88%

📊 评分分档收益:
        分档     次数      R5%     R10%     R20%
  --------------------------------------------
     A:80+   1615     3.37     7.57    11.97
   B:60-79  17686     2.45     5.72     9.30
   C:40-59  10535     1.51     3.24     5.90
     D:<40     83    -2.03    -3.80    -4.93

已写入 19301 条买入信号到 tide_backtest_result (run_id=hist_20260704_161855)
[2026-07-04 16:18:56] 2026-05-05 未来收益计算完成
[2026-07-04 16:18:56] [25/42] 2026-05-06 开始...
[2026-07-04 16:19:37]   2026-05-06: 200/842 计算完成, 失败0
[2026-07-04 16:20:18]   2026-05-06: 400/842 计算完成, 失败0
[2026-07-04 16:20:58]   2026-05-06: 600/842 计算完成, 失败0
[2026-07-04 16:21:38]   2026-05-06: 800/842 计算完成, 失败0
[2026-07-04 16:22:36] 2026-05-06 完成! 220s, 写入842只, 失败0
共 42120 条评分记录
已有评分日期:
  2026-04-01: 20条
  2026-04-02: 842条
  2026-04-03: 842条
  2026-04-06: 842条
  2026-04-07: 842条
  2026-04-08: 842条
  2026-04-09: 842条
  2026-04-10: 842条
  2026-04-13: 842条
  2026-04-14: 842条
  2026-04-15: 842条
  2026-04-16: 842条
  2026-04-17: 842条
  2026-04-20: 842条
  2026-04-21: 842条
  2026-04-22: 842条
  2026-04-23: 842条
  2026-04-24: 842条
  2026-04-27: 842条
  2026-04-28: 842条
  2026-04-29: 842条
  2026-04-30: 842条
  2026-05-01: 842条
  2026-05-04: 842条
  2026-05-05: 842条
  2026-05-06: 842条
  2026-06-01: 842条
  2026-06-02: 842条
  2026-06-03: 842条
  2026-06-04: 842条
  2026-06-05: 842条
  2026-06-08: 842条
  2026-06-09: 842条
  2026-06-10: 842条
  2026-06-11: 842条
  2026-06-12: 842条
  2026-06-15: 842条
  2026-06-16: 842条
  2026-06-17: 842条
  2026-06-18: 842条
  2026-06-19: 842条
  2026-06-22: 842条
  2026-06-23: 842条
  2026-06-24: 842条
  2026-06-25: 842条
  2026-06-26: 842条
  2026-06-29: 842条
  2026-06-30: 842条
  2026-07-01: 842条
  2026-07-02: 842条
  2026-07-03: 842条

加载K线数据...
K线数据: 5538只股票
待计算收益: 12201条
已更新 4912 条, 耗时 4.3s

📊 Tide评分回测结果:
                      R5%       R10%       R20%
       买入(≥60)       2.61%       5.85%       9.12%
       观望(<60)       1.51%       3.11%       5.57%

📊 评分分档收益:
        分档     次数      R5%     R10%     R20%
  --------------------------------------------
     A:80+   1689     3.54     7.59    11.42
   B:60-79  18146     2.53     5.70     8.91
   C:40-59  10703     1.53     3.17     5.58
     D:<40     83    -2.03    -3.80    -4.93

已写入 19835 条买入信号到 tide_backtest_result (run_id=hist_20260704_162258)
[2026-07-04 16:23:00] 2026-05-06 未来收益计算完成
[2026-07-04 16:23:00] === 进度: 25/42, tide_score_signal=42120条 ===
[2026-07-04 16:23:00] [26/42] 2026-05-07 开始...
[2026-07-04 16:23:40]   2026-05-07: 200/842 计算完成, 失败0
[2026-07-04 16:24:21]   2026-05-07: 400/842 计算完成, 失败0
[2026-07-04 16:25:02]   2026-05-07: 600/842 计算完成, 失败0
[2026-07-04 16:25:42]   2026-05-07: 800/842 计算完成, 失败0
[2026-07-04 16:26:40] 2026-05-07 完成! 220s, 写入842只, 失败0
共 42962 条评分记录
已有评分日期:
  2026-04-01: 20条
  2026-04-02: 842条
  2026-04-03: 842条
  2026-04-06: 842条
  2026-04-07: 842条
  2026-04-08: 842条
  2026-04-09: 842条
  2026-04-10: 842条
  2026-04-13: 842条
  2026-04-14: 842条
  2026-04-15: 842条
  2026-04-16: 842条
  2026-04-17: 842条
  2026-04-20: 842条
  2026-04-21: 842条
  2026-04-22: 842条
  2026-04-23: 842条
  2026-04-24: 842条
  2026-04-27: 842条
  2026-04-28: 842条
  2026-04-29: 842条
  2026-04-30: 842条
  2026-05-01: 842条
  2026-05-04: 842条
  2026-05-05: 842条
  2026-05-06: 842条
  2026-05-07: 842条
  2026-06-01: 842条
  2026-06-02: 842条
  2026-06-03: 842条
  2026-06-04: 842条
  2026-06-05: 842条
  2026-06-08: 842条
  2026-06-09: 842条
  2026-06-10: 842条
  2026-06-11: 842条
  2026-06-12: 842条
  2026-06-15: 842条
  2026-06-16: 842条
  2026-06-17: 842条
  2026-06-18: 842条
  2026-06-19: 842条
  2026-06-22: 842条
  2026-06-23: 842条
  2026-06-24: 842条
  2026-06-25: 842条
  2026-06-26: 842条
  2026-06-29: 842条
  2026-06-30: 842条
  2026-07-01: 842条
  2026-07-02: 842条
  2026-07-03: 842条

加载K线数据...
K线数据: 5538只股票
待计算收益: 12341条
已更新 4912 条, 耗时 4.3s

📊 Tide评分回测结果:
                      R5%       R10%       R20%
       买入(≥60)       2.59%       5.68%       8.70%
       观望(<60)       1.47%       2.98%       5.20%

📊 评分分档收益:
        分档     次数      R5%     R10%     R20%
  --------------------------------------------
     A:80+   1782     3.52     7.23    10.73
   B:60-79  18596     2.50     5.53     8.50
   C:40-59  10862     1.50     3.04     5.21
     D:<40     83    -2.03    -3.80    -4.93

已写入 20378 条买入信号到 tide_backtest_result (run_id=hist_20260704_162702)
[2026-07-04 16:27:03] 2026-05-07 未来收益计算完成
[2026-07-04 16:27:03] [27/42] 2026-05-08 开始...
[2026-07-04 16:27:44]   2026-05-08: 200/842 计算完成, 失败0
[2026-07-04 16:28:24]   2026-05-08: 400/842 计算完成, 失败0
[2026-07-04 16:29:08]   2026-05-08: 600/842 计算完成, 失败0
[2026-07-04 16:29:49]   2026-05-08: 800/842 计算完成, 失败0
[2026-07-04 16:31:09] 2026-05-08 完成! 246s, 写入842只, 失败0
共 43804 条评分记录
已有评分日期:
  2026-04-01: 20条
  2026-04-02: 842条
  2026-04-03: 842条
  2026-04-06: 842条
  2026-04-07: 842条
  2026-04-08: 842条
  2026-04-09: 842条
  2026-04-10: 842条
  2026-04-13: 842条
  2026-04-14: 842条
  2026-04-15: 842条
  2026-04-16: 842条
  2026-04-17: 842条
  2026-04-20: 842条
  2026-04-21: 842条
  2026-04-22: 842条
  2026-04-23: 842条
  2026-04-24: 842条
  2026-04-27: 842条
  2026-04-28: 842条
  2026-04-29: 842条
  2026-04-30: 842条
  2026-05-01: 842条
  2026-05-04: 842条
  2026-05-05: 842条
  2026-05-06: 842条
  2026-05-07: 842条
  2026-05-08: 842条
  2026-06-01: 842条
  2026-06-02: 842条
  2026-06-03: 842条
  2026-06-04: 842条
  2026-06-05: 842条
  2026-06-08: 842条
  2026-06-09: 842条
  2026-06-10: 842条
  2026-06-11: 842条
  2026-06-12: 842条
  2026-06-15: 842条
  2026-06-16: 842条
  2026-06-17: 842条
  2026-06-18: 842条
  2026-06-19: 842条
  2026-06-22: 842条
  2026-06-23: 842条
  2026-06-24: 842条
  2026-06-25: 842条
  2026-06-26: 842条
  2026-06-29: 842条
  2026-06-30: 842条
  2026-07-01: 842条
  2026-07-02: 842条
  2026-07-03: 842条

加载K线数据...
K线数据: 5538只股票
待计算收益: 12481条
已更新 4912 条, 耗时 4.2s

📊 Tide评分回测结果:
                      R5%       R10%       R20%
       买入(≥60)       2.55%       5.58%       8.30%
       观望(<60)       1.41%       2.87%       4.78%

📊 评分分档收益:
        分档     次数      R5%     R10%     R20%
  --------------------------------------------
     A:80+   1839     3.48     7.07    10.08
   B:60-79  19026     2.46     5.44     8.13
   C:40-59  11077     1.44     2.93     4.79
     D:<40     83    -2.03    -3.80    -4.93

已写入 20865 条买入信号到 tide_backtest_result (run_id=hist_20260704_163132)
[2026-07-04 16:31:33] 2026-05-08 未来收益计算完成
[2026-07-04 16:31:33] [28/42] 2026-05-11 开始...
[2026-07-04 16:32:14]   2026-05-11: 200/842 计算完成, 失败0
[2026-07-04 16:32:55]   2026-05-11: 400/842 计算完成, 失败0
[2026-07-04 16:33:35]   2026-05-11: 600/842 计算完成, 失败0
[2026-07-04 16:34:15]   2026-05-11: 800/842 计算完成, 失败0
[2026-07-04 16:35:13] 2026-05-11 完成! 220s, 写入842只, 失败0
共 44646 条评分记录
已有评分日期:
  2026-04-01: 20条
  2026-04-02: 842条
  2026-04-03: 842条
  2026-04-06: 842条
  2026-04-07: 842条
  2026-04-08: 842条
  2026-04-09: 842条
  2026-04-10: 842条
  2026-04-13: 842条
  2026-04-14: 842条
  2026-04-15: 842条
  2026-04-16: 842条
  2026-04-17: 842条
  2026-04-20: 842条
  2026-04-21: 842条
  2026-04-22: 842条
  2026-04-23: 842条
  2026-04-24: 842条
  2026-04-27: 842条
  2026-04-28: 842条
  2026-04-29: 842条
  2026-04-30: 842条
  2026-05-01: 842条
  2026-05-04: 842条
  2026-05-05: 842条
  2026-05-06: 842条
  2026-05-07: 842条
  2026-05-08: 842条
  2026-05-11: 842条
  2026-06-01: 842条
  2026-06-02: 842条
  2026-06-03: 842条
  2026-06-04: 842条
  2026-06-05: 842条
  2026-06-08: 842条
  2026-06-09: 842条
  2026-06-10: 842条
  2026-06-11: 842条
  2026-06-12: 842条
  2026-06-15: 842条
  2026-06-16: 842条
  2026-06-17: 842条
  2026-06-18: 842条
  2026-06-19: 842条
  2026-06-22: 842条
  2026-06-23: 842条
  2026-06-24: 842条
  2026-06-25: 842条
  2026-06-26: 842条
  2026-06-29: 842条
  2026-06-30: 842条
  2026-07-01: 842条
  2026-07-02: 842条
  2026-07-03: 842条

加载K线数据...
K线数据: 5538只股票
待计算收益: 12621条
已更新 4912 条, 耗时 4.4s

📊 Tide评分回测结果:
                      R5%       R10%       R20%
       买入(≥60)       2.48%       5.47%       7.72%
       观望(<60)       1.34%       2.77%       4.31%

📊 评分分档收益:
        分档     次数      R5%     R10%     R20%
  --------------------------------------------
     A:80+   1893     3.40     6.93     9.31
   B:60-79  19486     2.39     5.33     7.57
   C:40-59  11265     1.36     2.82     4.32
     D:<40     83    -2.03    -3.80    -4.93

已写入 21379 条买入信号到 tide_backtest_result (run_id=hist_20260704_163535)
[2026-07-04 16:35:36] 2026-05-11 未来收益计算完成
[2026-07-04 16:35:36] [29/42] 2026-05-12 开始...
[2026-07-04 16:36:16]   2026-05-12: 200/842 计算完成, 失败0
[2026-07-04 16:36:58]   2026-05-12: 400/842 计算完成, 失败0
[2026-07-04 16:37:38]   2026-05-12: 600/842 计算完成, 失败0
[2026-07-04 16:38:17]   2026-05-12: 800/842 计算完成, 失败0
[2026-07-04 16:39:15] 2026-05-12 完成! 219s, 写入842只, 失败0
共 45488 条评分记录
已有评分日期:
  2026-04-01: 20条
  2026-04-02: 842条
  2026-04-03: 842条
  2026-04-06: 842条
  2026-04-07: 842条
  2026-04-08: 842条
  2026-04-09: 842条
  2026-04-10: 842条
  2026-04-13: 842条
  2026-04-14: 842条
  2026-04-15: 842条
  2026-04-16: 842条
  2026-04-17: 842条
  2026-04-20: 842条
  2026-04-21: 842条
  2026-04-22: 842条
  2026-04-23: 842条
  2026-04-24: 842条
  2026-04-27: 842条
  2026-04-28: 842条
  2026-04-29: 842条
  2026-04-30: 842条
  2026-05-01: 842条
  2026-05-04: 842条
  2026-05-05: 842条
  2026-05-06: 842条
  2026-05-07: 842条
  2026-05-08: 842条
  2026-05-11: 842条
  2026-05-12: 842条
  2026-06-01: 842条
  2026-06-02: 842条
  2026-06-03: 842条
  2026-06-04: 842条
  2026-06-05: 842条
  2026-06-08: 842条
  2026-06-09: 842条
  2026-06-10: 842条
  2026-06-11: 842条
  2026-06-12: 842条
  2026-06-15: 842条
  2026-06-16: 842条
  2026-06-17: 842条
  2026-06-18: 842条
  2026-06-19: 842条
  2026-06-22: 842条
  2026-06-23: 842条
  2026-06-24: 842条
  2026-06-25: 842条
  2026-06-26: 842条
  2026-06-29: 842条
  2026-06-30: 842条
  2026-07-01: 842条
  2026-07-02: 842条
  2026-07-03: 842条

加载K线数据...
K线数据: 5538只股票
待计算收益: 12761条
已更新 4912 条, 耗时 4.6s

📊 Tide评分回测结果:
                      R5%       R10%       R20%
       买入(≥60)       2.44%       5.34%       7.30%
       观望(<60)       1.30%       2.68%       3.94%

📊 评分分档收益:
        分档     次数      R5%     R10%     R20%
  --------------------------------------------
     A:80+   1944     3.34     6.74     8.81
   B:60-79  19944     2.35     5.20     7.15
   C:40-59  11458     1.33     2.73     3.95
     D:<40     83    -2.03    -3.80    -4.93

已写入 21888 条买入信号到 tide_backtest_result (run_id=hist_20260704_163940)
[2026-07-04 16:39:41] 2026-05-12 未来收益计算完成
[2026-07-04 16:39:41] [30/42] 2026-05-13 开始...
[2026-07-04 16:40:21]   2026-05-13: 200/842 计算完成, 失败0
[2026-07-04 16:41:03]   2026-05-13: 400/842 计算完成, 失败0
[2026-07-04 16:41:44]   2026-05-13: 600/842 计算完成, 失败0
[2026-07-04 16:42:24]   2026-05-13: 800/842 计算完成, 失败0
[2026-07-04 16:43:22] 2026-05-13 完成! 220s, 写入842只, 失败0
共 46330 条评分记录
已有评分日期:
  2026-04-01: 20条
  2026-04-02: 842条
  2026-04-03: 842条
  2026-04-06: 842条
  2026-04-07: 842条
  2026-04-08: 842条
  2026-04-09: 842条
  2026-04-10: 842条
  2026-04-13: 842条
  2026-04-14: 842条
  2026-04-15: 842条
  2026-04-16: 842条
  2026-04-17: 842条
  2026-04-20: 842条
  2026-04-21: 842条
  2026-04-22: 842条
  2026-04-23: 842条
  2026-04-24: 842条
  2026-04-27: 842条
  2026-04-28: 842条
  2026-04-29: 842条
  2026-04-30: 842条
  2026-05-01: 842条
  2026-05-04: 842条
  2026-05-05: 842条
  2026-05-06: 842条
  2026-05-07: 842条
  2026-05-08: 842条
  2026-05-11: 842条
  2026-05-12: 842条
  2026-05-13: 842条
  2026-06-01: 842条
  2026-06-02: 842条
  2026-06-03: 842条
  2026-06-04: 842条
  2026-06-05: 842条
  2026-06-08: 842条
  2026-06-09: 842条
  2026-06-10: 842条
  2026-06-11: 842条
  2026-06-12: 842条
  2026-06-15: 842条
  2026-06-16: 842条
  2026-06-17: 842条
  2026-06-18: 842条
  2026-06-19: 842条
  2026-06-22: 842条
  2026-06-23: 842条
  2026-06-24: 842条
  2026-06-25: 842条
  2026-06-26: 842条
  2026-06-29: 842条
  2026-06-30: 842条
  2026-07-01: 842条
  2026-07-02: 842条
  2026-07-03: 842条

加载K线数据...
K线数据: 5538只股票
待计算收益: 12901条
已更新 4911 条, 耗时 4.4s

📊 Tide评分回测结果:
                      R5%       R10%       R20%
       买入(≥60)       2.37%       5.11%       6.78%
       观望(<60)       1.24%       2.54%       3.57%

📊 评分分档收益:
        分档     次数      R5%     R10%     R20%
  --------------------------------------------
     A:80+   1999     3.23     6.43     8.17
   B:60-79  20428     2.28     4.98     6.64
   C:40-59  11620     1.26     2.59     3.57
     D:<40     83    -2.03    -3.80    -4.93

已写入 22427 条买入信号到 tide_backtest_result (run_id=hist_20260704_164344)
[2026-07-04 16:43:45] 2026-05-13 未来收益计算完成
[2026-07-04 16:43:45] === 进度: 30/42, tide_score_signal=46330条 ===
[2026-07-04 16:43:45] [31/42] 2026-05-14 开始...
[2026-07-04 16:44:25]   2026-05-14: 200/842 计算完成, 失败0
[2026-07-04 16:45:06]   2026-05-14: 400/842 计算完成, 失败0
[2026-07-04 16:45:47]   2026-05-14: 600/842 计算完成, 失败0
[2026-07-04 16:46:27]   2026-05-14: 800/842 计算完成, 失败0
[2026-07-04 16:47:25] 2026-05-14 完成! 220s, 写入842只, 失败0
共 47172 条评分记录
已有评分日期:
  2026-04-01: 20条
  2026-04-02: 842条
  2026-04-03: 842条
  2026-04-06: 842条
  2026-04-07: 842条
  2026-04-08: 842条
  2026-04-09: 842条
  2026-04-10: 842条
  2026-04-13: 842条
  2026-04-14: 842条
  2026-04-15: 842条
  2026-04-16: 842条
  2026-04-17: 842条
  2026-04-20: 842条
  2026-04-21: 842条
  2026-04-22: 842条
  2026-04-23: 842条
  2026-04-24: 842条
  2026-04-27: 842条
  2026-04-28: 842条
  2026-04-29: 842条
  2026-04-30: 842条
  2026-05-01: 842条
  2026-05-04: 842条
  2026-05-05: 842条
  2026-05-06: 842条
  2026-05-07: 842条
  2026-05-08: 842条
  2026-05-11: 842条
  2026-05-12: 842条
  2026-05-13: 842条
  2026-05-14: 842条
  2026-06-01: 842条
  2026-06-02: 842条
  2026-06-03: 842条
  2026-06-04: 842条
  2026-06-05: 842条
  2026-06-08: 842条
  2026-06-09: 842条
  2026-06-10: 842条
  2026-06-11: 842条
  2026-06-12: 842条
  2026-06-15: 842条
  2026-06-16: 842条
  2026-06-17: 842条
  2026-06-18: 842条
  2026-06-19: 842条
  2026-06-22: 842条
  2026-06-23: 842条
  2026-06-24: 842条
  2026-06-25: 842条
  2026-06-26: 842条
  2026-06-29: 842条
  2026-06-30: 842条
  2026-07-01: 842条
  2026-07-02: 842条
  2026-07-03: 842条

加载K线数据...
K线数据: 5538只股票
待计算收益: 13042条
已更新 4912 条, 耗时 4.2s

📊 Tide评分回测结果:
                      R5%       R10%       R20%
       买入(≥60)       2.28%       5.00%       6.42%
       观望(<60)       1.18%       2.42%       3.14%

📊 评分分档收益:
        分档     次数      R5%     R10%     R20%
  --------------------------------------------
     A:80+   2042     3.13     6.36     7.86
   B:60-79  20871     2.19     4.87     6.28
   C:40-59  11835     1.20     2.47     3.15
     D:<40     84    -2.00    -3.74    -3.13

已写入 22913 条买入信号到 tide_backtest_result (run_id=hist_20260704_164746)
[2026-07-04 16:47:48] 2026-05-14 未来收益计算完成
[2026-07-04 16:47:48] [32/42] 2026-05-15 开始...
[2026-07-04 16:48:32]   2026-05-15: 200/842 计算完成, 失败0
[2026-07-04 16:49:13]   2026-05-15: 400/842 计算完成, 失败0
[2026-07-04 16:49:53]   2026-05-15: 600/842 计算完成, 失败0
[2026-07-04 16:50:34]   2026-05-15: 800/842 计算完成, 失败0
[2026-07-04 16:51:32] 2026-05-15 完成! 224s, 写入842只, 失败0
共 48014 条评分记录
已有评分日期:
  2026-04-01: 20条
  2026-04-02: 842条
  2026-04-03: 842条
  2026-04-06: 842条
  2026-04-07: 842条
  2026-04-08: 842条
  2026-04-09: 842条
  2026-04-10: 842条
  2026-04-13: 842条
  2026-04-14: 842条
  2026-04-15: 842条
  2026-04-16: 842条
  2026-04-17: 842条
  2026-04-20: 842条
  2026-04-21: 842条
  2026-04-22: 842条
  2026-04-23: 842条
  2026-04-24: 842条
  2026-04-27: 842条
  2026-04-28: 842条
  2026-04-29: 842条
  2026-04-30: 842条
  2026-05-01: 842条
  2026-05-04: 842条
  2026-05-05: 842条
  2026-05-06: 842条
  2026-05-07: 842条
  2026-05-08: 842条
  2026-05-11: 842条
  2026-05-12: 842条
  2026-05-13: 842条
  2026-05-14: 842条
  2026-05-15: 842条
  2026-06-01: 842条
  2026-06-02: 842条
  2026-06-03: 842条
  2026-06-04: 842条
  2026-06-05: 842条
  2026-06-08: 842条
  2026-06-09: 842条
  2026-06-10: 842条
  2026-06-11: 842条
  2026-06-12: 842条
  2026-06-15: 842条
  2026-06-16: 842条
  2026-06-17: 842条
  2026-06-18: 842条
  2026-06-19: 842条
  2026-06-22: 842条
  2026-06-23: 842条
  2026-06-24: 842条
  2026-06-25: 842条
  2026-06-26: 842条
  2026-06-29: 842条
  2026-06-30: 842条
  2026-07-01: 842条
  2026-07-02: 842条
  2026-07-03: 842条

加载K线数据...
K线数据: 5538只股票
待计算收益: 13182条
已更新 4911 条, 耗时 4.1s

📊 Tide评分回测结果:
                      R5%       R10%       R20%
       买入(≥60)       2.24%       4.81%       6.08%
       观望(<60)       1.17%       2.30%       2.84%

📊 评分分档收益:
        分档     次数      R5%     R10%     R20%
  --------------------------------------------
     A:80+   2094     3.09     6.06     7.38
   B:60-79  21329     2.16     4.69     5.95
   C:40-59  12025     1.19     2.35     2.85
     D:<40     85    -1.96    -3.68    -1.66

已写入 23423 条买入信号到 tide_backtest_result (run_id=hist_20260704_165154)
[2026-07-04 16:51:56] 2026-05-15 未来收益计算完成
[2026-07-04 16:51:56] [33/42] 2026-05-18 开始...
[2026-07-04 16:52:37]   2026-05-18: 200/842 计算完成, 失败0
[2026-07-04 16:53:18]   2026-05-18: 400/842 计算完成, 失败0
[2026-07-04 16:53:59]   2026-05-18: 600/842 计算完成, 失败0
[2026-07-04 16:54:40]   2026-05-18: 800/842 计算完成, 失败0
[2026-07-04 16:55:38] 2026-05-18 完成! 222s, 写入842只, 失败0
共 48856 条评分记录
已有评分日期:
  2026-04-01: 20条
  2026-04-02: 842条
  2026-04-03: 842条
  2026-04-06: 842条
  2026-04-07: 842条
  2026-04-08: 842条
  2026-04-09: 842条
  2026-04-10: 842条
  2026-04-13: 842条
  2026-04-14: 842条
  2026-04-15: 842条
  2026-04-16: 842条
  2026-04-17: 842条
  2026-04-20: 842条
  2026-04-21: 842条
  2026-04-22: 842条
  2026-04-23: 842条
  2026-04-24: 842条
  2026-04-27: 842条
  2026-04-28: 842条
  2026-04-29: 842条
  2026-04-30: 842条
  2026-05-01: 842条
  2026-05-04: 842条
  2026-05-05: 842条
  2026-05-06: 842条
  2026-05-07: 842条
  2026-05-08: 842条
  2026-05-11: 842条
  2026-05-12: 842条
  2026-05-13: 842条
  2026-05-14: 842条
  2026-05-15: 842条
  2026-05-18: 842条
  2026-06-01: 842条
  2026-06-02: 842条
  2026-06-03: 842条
  2026-06-04: 842条
  2026-06-05: 842条
  2026-06-08: 842条
  2026-06-09: 842条
  2026-06-10: 842条
  2026-06-11: 842条
  2026-06-12: 842条
  2026-06-15: 842条
  2026-06-16: 842条
  2026-06-17: 842条
  2026-06-18: 842条
  2026-06-19: 842条
  2026-06-22: 842条
  2026-06-23: 842条
  2026-06-24: 842条
  2026-06-25: 842条
  2026-06-26: 842条
  2026-06-29: 842条
  2026-06-30: 842条
  2026-07-01: 842条
  2026-07-02: 842条
  2026-07-03: 842条

加载K线数据...
K线数据: 5538只股票
待计算收益: 13323条
已更新 4912 条, 耗时 4.2s

📊 Tide评分回测结果:
                      R5%       R10%       R20%
       买入(≥60)       2.23%       4.59%       5.84%
       观望(<60)       1.15%       2.16%       2.63%

📊 评分分档收益:
        分档     次数      R5%     R10%     R20%
  --------------------------------------------
     A:80+   2163     3.03     5.63     7.09
   B:60-79  21801     2.15     4.49     5.71
   C:40-59  12185     1.18     2.21     2.64
     D:<40     86    -1.92    -3.61    -0.83

已写入 23964 条买入信号到 tide_backtest_result (run_id=hist_20260704_165559)
[2026-07-04 16:56:01] 2026-05-18 未来收益计算完成
[2026-07-04 16:56:01] [34/42] 2026-05-19 开始...
[2026-07-04 16:56:42]   2026-05-19: 200/842 计算完成, 失败0
[2026-07-04 16:57:24]   2026-05-19: 400/842 计算完成, 失败0
[2026-07-04 16:58:05]   2026-05-19: 600/842 计算完成, 失败0
[2026-07-04 16:58:50]   2026-05-19: 800/842 计算完成, 失败0
[2026-07-04 16:59:48] 2026-05-19 完成! 227s, 写入842只, 失败0
共 49698 条评分记录
已有评分日期:
  2026-04-01: 20条
  2026-04-02: 842条
  2026-04-03: 842条
  2026-04-06: 842条
  2026-04-07: 842条
  2026-04-08: 842条
  2026-04-09: 842条
  2026-04-10: 842条
  2026-04-13: 842条
  2026-04-14: 842条
  2026-04-15: 842条
  2026-04-16: 842条
  2026-04-17: 842条
  2026-04-20: 842条
  2026-04-21: 842条
  2026-04-22: 842条
  2026-04-23: 842条
  2026-04-24: 842条
  2026-04-27: 842条
  2026-04-28: 842条
  2026-04-29: 842条
  2026-04-30: 842条
  2026-05-01: 842条
  2026-05-04: 842条
  2026-05-05: 842条
  2026-05-06: 842条
  2026-05-07: 842条
  2026-05-08: 842条
  2026-05-11: 842条
  2026-05-12: 842条
  2026-05-13: 842条
  2026-05-14: 842条
  2026-05-15: 842条
  2026-05-18: 842条
  2026-05-19: 842条
  2026-06-01: 842条
  2026-06-02: 842条
  2026-06-03: 842条
  2026-06-04: 842条
  2026-06-05: 842条
  2026-06-08: 842条
  2026-06-09: 842条
  2026-06-10: 842条
  2026-06-11: 842条
  2026-06-12: 842条
  2026-06-15: 842条
  2026-06-16: 842条
  2026-06-17: 842条
  2026-06-18: 842条
  2026-06-19: 842条
  2026-06-22: 842条
  2026-06-23: 842条
  2026-06-24: 842条
  2026-06-25: 842条
  2026-06-26: 842条
  2026-06-29: 842条
  2026-06-30: 842条
  2026-07-01: 842条
  2026-07-02: 842条
  2026-07-03: 842条

加载K线数据...
K线数据: 5538只股票
待计算收益: 13463条
已更新 4911 条, 耗时 4.4s

📊 Tide评分回测结果:
                      R5%       R10%       R20%
       买入(≥60)       2.17%       4.36%       5.63%
       观望(<60)       1.12%       2.04%       2.43%

📊 评分分档收益:
        分档     次数      R5%     R10%     R20%
  --------------------------------------------
     A:80+   2220     2.94     5.27     7.04
   B:60-79  22288     2.09     4.26     5.48
   C:40-59  12342     1.14     2.08     2.43
     D:<40     86    -1.92    -3.61    -0.83

已写入 24508 条买入信号到 tide_backtest_result (run_id=hist_20260704_170010)
[2026-07-04 17:00:11] 2026-05-19 未来收益计算完成
[2026-07-04 17:00:11] [35/42] 2026-05-20 开始...
[2026-07-04 17:00:53]   2026-05-20: 200/842 计算完成, 失败0
[2026-07-04 17:01:33]   2026-05-20: 400/842 计算完成, 失败0
[2026-07-04 17:02:21]   2026-05-20: 600/842 计算完成, 失败0
[2026-07-04 17:03:01]   2026-05-20: 800/842 计算完成, 失败0
[2026-07-04 17:03:59] 2026-05-20 完成! 228s, 写入842只, 失败0
共 50540 条评分记录
已有评分日期:
  2026-04-01: 20条
  2026-04-02: 842条
  2026-04-03: 842条
  2026-04-06: 842条
  2026-04-07: 842条
  2026-04-08: 842条
  2026-04-09: 842条
  2026-04-10: 842条
  2026-04-13: 842条
  2026-04-14: 842条
  2026-04-15: 842条
  2026-04-16: 842条
  2026-04-17: 842条
  2026-04-20: 842条
  2026-04-21: 842条
  2026-04-22: 842条
  2026-04-23: 842条
  2026-04-24: 842条
  2026-04-27: 842条
  2026-04-28: 842条
  2026-04-29: 842条
  2026-04-30: 842条
  2026-05-01: 842条
  2026-05-04: 842条
  2026-05-05: 842条
  2026-05-06: 842条
  2026-05-07: 842条
  2026-05-08: 842条
  2026-05-11: 842条
  2026-05-12: 842条
  2026-05-13: 842条
  2026-05-14: 842条
  2026-05-15: 842条
  2026-05-18: 842条
  2026-05-19: 842条
  2026-05-20: 842条
  2026-06-01: 842条
  2026-06-02: 842条
  2026-06-03: 842条
  2026-06-04: 842条
  2026-06-05: 842条
  2026-06-08: 842条
  2026-06-09: 842条
  2026-06-10: 842条
  2026-06-11: 842条
  2026-06-12: 842条
  2026-06-15: 842条
  2026-06-16: 842条
  2026-06-17: 842条
  2026-06-18: 842条
  2026-06-19: 842条
  2026-06-22: 842条
  2026-06-23: 842条
  2026-06-24: 842条
  2026-06-25: 842条
  2026-06-26: 842条
  2026-06-29: 842条
  2026-06-30: 842条
  2026-07-01: 842条
  2026-07-02: 842条
  2026-07-03: 842条

加载K线数据...
K线数据: 5538只股票
待计算收益: 13604条
已更新 5052 条, 耗时 4.9s

📊 Tide评分回测结果:
                      R5%       R10%       R20%
       买入(≥60)       2.08%       4.14%       5.46%
       观望(<60)       1.02%       1.84%       2.04%

📊 评分分档收益:
        分档     次数      R5%     R10%     R20%
  --------------------------------------------
     A:80+   2288     2.78     4.87     6.96
   B:60-79  22765     2.01     4.07     5.31
   C:40-59  12639     1.04     1.88     2.05
     D:<40     86    -1.92    -3.61    -0.83

已写入 25053 条买入信号到 tide_backtest_result (run_id=hist_20260704_170421)
[2026-07-04 17:04:23] 2026-05-20 未来收益计算完成
[2026-07-04 17:04:23] === 进度: 35/42, tide_score_signal=50540条 ===
[2026-07-04 17:04:23] [36/42] 2026-05-21 开始...
[2026-07-04 17:05:04]   2026-05-21: 200/842 计算完成, 失败0
[2026-07-04 17:05:45]   2026-05-21: 400/842 计算完成, 失败0
[2026-07-04 17:06:24]   2026-05-21: 600/842 计算完成, 失败0
[2026-07-04 17:07:05]   2026-05-21: 800/842 计算完成, 失败0
[2026-07-04 17:08:03] 2026-05-21 完成! 220s, 写入842只, 失败0
共 51382 条评分记录
已有评分日期:
  2026-04-01: 20条
  2026-04-02: 842条
  2026-04-03: 842条
  2026-04-06: 842条
  2026-04-07: 842条
  2026-04-08: 842条
  2026-04-09: 842条
  2026-04-10: 842条
  2026-04-13: 842条
  2026-04-14: 842条
  2026-04-15: 842条
  2026-04-16: 842条
  2026-04-17: 842条
  2026-04-20: 842条
  2026-04-21: 842条
  2026-04-22: 842条
  2026-04-23: 842条
  2026-04-24: 842条
  2026-04-27: 842条
  2026-04-28: 842条
  2026-04-29: 842条
  2026-04-30: 842条
  2026-05-01: 842条
  2026-05-04: 842条
  2026-05-05: 842条
  2026-05-06: 842条
  2026-05-07: 842条
  2026-05-08: 842条
  2026-05-11: 842条
  2026-05-12: 842条
  2026-05-13: 842条
  2026-05-14: 842条
  2026-05-15: 842条
  2026-05-18: 842条
  2026-05-19: 842条
  2026-05-20: 842条
  2026-05-21: 842条
  2026-06-01: 842条
  2026-06-02: 842条
  2026-06-03: 842条
  2026-06-04: 842条
  2026-06-05: 842条
  2026-06-08: 842条
  2026-06-09: 842条
  2026-06-10: 842条
  2026-06-11: 842条
  2026-06-12: 842条
  2026-06-15: 842条
  2026-06-16: 842条
  2026-06-17: 842条
  2026-06-18: 842条
  2026-06-19: 842条
  2026-06-22: 842条
  2026-06-23: 842条
  2026-06-24: 842条
  2026-06-25: 842条
  2026-06-26: 842条
  2026-06-29: 842条
  2026-06-30: 842条
  2026-07-01: 842条
  2026-07-02: 842条
  2026-07-03: 842条

加载K线数据...
K线数据: 5538只股票
待计算收益: 13604条
已更新 5052 条, 耗时 4.9s

📊 Tide评分回测结果:
                      R5%       R10%       R20%
       买入(≥60)       2.07%       4.00%       5.41%
       观望(<60)       1.00%       1.72%       1.82%

📊 评分分档收益:
        分档     次数      R5%     R10%     R20%
  --------------------------------------------
     A:80+   2351     2.76     4.71     6.98
   B:60-79  23240     2.00     3.93     5.25
   C:40-59  12943     1.02     1.76     1.82
     D:<40     86    -1.92    -3.61    -0.83

已写入 25591 条买入信号到 tide_backtest_result (run_id=hist_20260704_170825)
[2026-07-04 17:08:27] 2026-05-21 未来收益计算完成
[2026-07-04 17:08:27] [37/42] 2026-05-22 开始...
[2026-07-04 17:09:08]   2026-05-22: 200/842 计算完成, 失败0
[2026-07-04 17:09:49]   2026-05-22: 400/842 计算完成, 失败0
[2026-07-04 17:10:29]   2026-05-22: 600/842 计算完成, 失败0
[2026-07-04 17:11:10]   2026-05-22: 800/842 计算完成, 失败0
[2026-07-04 17:12:09] 2026-05-22 完成! 223s, 写入842只, 失败0
共 52224 条评分记录
已有评分日期:
  2026-04-01: 20条
  2026-04-02: 842条
  2026-04-03: 842条
  2026-04-06: 842条
  2026-04-07: 842条
  2026-04-08: 842条
  2026-04-09: 842条
  2026-04-10: 842条
  2026-04-13: 842条
  2026-04-14: 842条
  2026-04-15: 842条
  2026-04-16: 842条
  2026-04-17: 842条
  2026-04-20: 842条
  2026-04-21: 842条
  2026-04-22: 842条
  2026-04-23: 842条
  2026-04-24: 842条
  2026-04-27: 842条
  2026-04-28: 842条
  2026-04-29: 842条
  2026-04-30: 842条
  2026-05-01: 842条
  2026-05-04: 842条
  2026-05-05: 842条
  2026-05-06: 842条
  2026-05-07: 842条
  2026-05-08: 842条
  2026-05-11: 842条
  2026-05-12: 842条
  2026-05-13: 842条
  2026-05-14: 842条
  2026-05-15: 842条
  2026-05-18: 842条
  2026-05-19: 842条
  2026-05-20: 842条
  2026-05-21: 842条
  2026-05-22: 842条
  2026-06-01: 842条
  2026-06-02: 842条
  2026-06-03: 842条
  2026-06-04: 842条
  2026-06-05: 842条
  2026-06-08: 842条
  2026-06-09: 842条
  2026-06-10: 842条
  2026-06-11: 842条
  2026-06-12: 842条
  2026-06-15: 842条
  2026-06-16: 842条
  2026-06-17: 842条
  2026-06-18: 842条
  2026-06-19: 842条
  2026-06-22: 842条
  2026-06-23: 842条
  2026-06-24: 842条
  2026-06-25: 842条
  2026-06-26: 842条
  2026-06-29: 842条
  2026-06-30: 842条
  2026-07-01: 842条
  2026-07-02: 842条
  2026-07-03: 842条

加载K线数据...
K线数据: 5538只股票
待计算收益: 13604条
已更新 5052 条, 耗时 4.7s

📊 Tide评分回测结果:
                      R5%       R10%       R20%
       买入(≥60)       1.94%       3.80%       5.33%
       观望(<60)       0.91%       1.56%       1.62%

📊 评分分档收益:
        分档     次数      R5%     R10%     R20%
  --------------------------------------------
     A:80+   2418     2.59     4.41     7.03
   B:60-79  23721     1.88     3.74     5.15
   C:40-59  13237     0.93     1.60     1.62
     D:<40     86    -1.92    -3.61    -0.83

已写入 26139 条买入信号到 tide_backtest_result (run_id=hist_20260704_171231)
[2026-07-04 17:12:33] 2026-05-22 未来收益计算完成
[2026-07-04 17:12:33] [38/42] 2026-05-25 开始...
[2026-07-04 17:13:14]   2026-05-25: 200/842 计算完成, 失败0
[2026-07-04 17:13:55]   2026-05-25: 400/842 计算完成, 失败0
[2026-07-04 17:14:35]   2026-05-25: 600/842 计算完成, 失败0
[2026-07-04 17:15:15]   2026-05-25: 800/842 计算完成, 失败0
[2026-07-04 17:16:13] 2026-05-25 完成! 219s, 写入842只, 失败0
共 53066 条评分记录
已有评分日期:
  2026-04-01: 20条
  2026-04-02: 842条
  2026-04-03: 842条
  2026-04-06: 842条
  2026-04-07: 842条
  2026-04-08: 842条
  2026-04-09: 842条
  2026-04-10: 842条
  2026-04-13: 842条
  2026-04-14: 842条
  2026-04-15: 842条
  2026-04-16: 842条
  2026-04-17: 842条
  2026-04-20: 842条
  2026-04-21: 842条
  2026-04-22: 842条
  2026-04-23: 842条
  2026-04-24: 842条
  2026-04-27: 842条
  2026-04-28: 842条
  2026-04-29: 842条
  2026-04-30: 842条
  2026-05-01: 842条
  2026-05-04: 842条
  2026-05-05: 842条
  2026-05-06: 842条
  2026-05-07: 842条
  2026-05-08: 842条
  2026-05-11: 842条
  2026-05-12: 842条
  2026-05-13: 842条
  2026-05-14: 842条
  2026-05-15: 842条
  2026-05-18: 842条
  2026-05-19: 842条
  2026-05-20: 842条
  2026-05-21: 842条
  2026-05-22: 842条
  2026-05-25: 842条
  2026-06-01: 842条
  2026-06-02: 842条
  2026-06-03: 842条
  2026-06-04: 842条
  2026-06-05: 842条
  2026-06-08: 842条
  2026-06-09: 842条
  2026-06-10: 842条
  2026-06-11: 842条
  2026-06-12: 842条
  2026-06-15: 842条
  2026-06-16: 842条
  2026-06-17: 842条
  2026-06-18: 842条
  2026-06-19: 842条
  2026-06-22: 842条
  2026-06-23: 842条
  2026-06-24: 842条
  2026-06-25: 842条
  2026-06-26: 842条
  2026-06-29: 842条
  2026-06-30: 842条
  2026-07-01: 842条
  2026-07-02: 842条
  2026-07-03: 842条

加载K线数据...
K线数据: 5538只股票
待计算收益: 13604条
已更新 5052 条, 耗时 5.0s

📊 Tide评分回测结果:
                      R5%       R10%       R20%
       买入(≥60)       1.78%       3.52%       5.16%
       观望(<60)       0.82%       1.32%       1.34%

📊 评分分档收益:
        分档     次数      R5%     R10%     R20%
  --------------------------------------------
     A:80+   2502     2.27     3.92     7.03
   B:60-79  24183     1.73     3.48     4.96
   C:40-59  13533     0.83     1.36     1.35
     D:<40     86    -1.92    -3.61    -0.83

已写入 26685 条买入信号到 tide_backtest_result (run_id=hist_20260704_171635)
[2026-07-04 17:16:37] 2026-05-25 未来收益计算完成
[2026-07-04 17:16:37] [39/42] 2026-05-26 开始...
[2026-07-04 17:17:18]   2026-05-26: 200/842 计算完成, 失败0
[2026-07-04 17:18:00]   2026-05-26: 400/842 计算完成, 失败0
[2026-07-04 17:18:40]   2026-05-26: 600/842 计算完成, 失败0
[2026-07-04 17:19:20]   2026-05-26: 800/842 计算完成, 失败0
[2026-07-04 17:20:18] 2026-05-26 完成! 221s, 写入842只, 失败0
共 53908 条评分记录
已有评分日期:
  2026-04-01: 20条
  2026-04-02: 842条
  2026-04-03: 842条
  2026-04-06: 842条
  2026-04-07: 842条
  2026-04-08: 842条
  2026-04-09: 842条
  2026-04-10: 842条
  2026-04-13: 842条
  2026-04-14: 842条
  2026-04-15: 842条
  2026-04-16: 842条
  2026-04-17: 842条
  2026-04-20: 842条
  2026-04-21: 842条
  2026-04-22: 842条
  2026-04-23: 842条
  2026-04-24: 842条
  2026-04-27: 842条
  2026-04-28: 842条
  2026-04-29: 842条
  2026-04-30: 842条
  2026-05-01: 842条
  2026-05-04: 842条
  2026-05-05: 842条
  2026-05-06: 842条
  2026-05-07: 842条
  2026-05-08: 842条
  2026-05-11: 842条
  2026-05-12: 842条
  2026-05-13: 842条
  2026-05-14: 842条
  2026-05-15: 842条
  2026-05-18: 842条
  2026-05-19: 842条
  2026-05-20: 842条
  2026-05-21: 842条
  2026-05-22: 842条
  2026-05-25: 842条
  2026-05-26: 842条
  2026-06-01: 842条
  2026-06-02: 842条
  2026-06-03: 842条
  2026-06-04: 842条
  2026-06-05: 842条
  2026-06-08: 842条
  2026-06-09: 842条
  2026-06-10: 842条
  2026-06-11: 842条
  2026-06-12: 842条
  2026-06-15: 842条
  2026-06-16: 842条
  2026-06-17: 842条
  2026-06-18: 842条
  2026-06-19: 842条
  2026-06-22: 842条
  2026-06-23: 842条
  2026-06-24: 842条
  2026-06-25: 842条
  2026-06-26: 842条
  2026-06-29: 842条
  2026-06-30: 842条
  2026-07-01: 842条
  2026-07-02: 842条
  2026-07-03: 842条

加载K线数据...
K线数据: 5538只股票
待计算收益: 13604条
已更新 5052 条, 耗时 5.1s

📊 Tide评分回测结果:
                      R5%       R10%       R20%
       买入(≥60)       1.65%       3.33%       5.07%
       观望(<60)       0.73%       1.15%       1.10%

📊 评分分档收益:
        分档     次数      R5%     R10%     R20%
  --------------------------------------------
     A:80+   2580     2.10     3.68     7.06
   B:60-79  24675     1.60     3.29     4.85
   C:40-59  13804     0.75     1.18     1.10
     D:<40     87    -1.91    -3.66     0.47

已写入 27255 条买入信号到 tide_backtest_result (run_id=hist_20260704_172041)
[2026-07-04 17:20:43] 2026-05-26 未来收益计算完成
[2026-07-04 17:20:43] [40/42] 2026-05-27 开始...
[2026-07-04 17:21:23]   2026-05-27: 200/842 计算完成, 失败0
[2026-07-04 17:22:05]   2026-05-27: 400/842 计算完成, 失败0
[2026-07-04 17:22:45]   2026-05-27: 600/842 计算完成, 失败0
[2026-07-04 17:23:25]   2026-05-27: 800/842 计算完成, 失败0
[2026-07-04 17:24:23] 2026-05-27 完成! 220s, 写入842只, 失败0
共 54750 条评分记录
已有评分日期:
  2026-04-01: 20条
  2026-04-02: 842条
  2026-04-03: 842条
  2026-04-06: 842条
  2026-04-07: 842条
  2026-04-08: 842条
  2026-04-09: 842条
  2026-04-10: 842条
  2026-04-13: 842条
  2026-04-14: 842条
  2026-04-15: 842条
  2026-04-16: 842条
  2026-04-17: 842条
  2026-04-20: 842条
  2026-04-21: 842条
  2026-04-22: 842条
  2026-04-23: 842条
  2026-04-24: 842条
  2026-04-27: 842条
  2026-04-28: 842条
  2026-04-29: 842条
  2026-04-30: 842条
  2026-05-01: 842条
  2026-05-04: 842条
  2026-05-05: 842条
  2026-05-06: 842条
  2026-05-07: 842条
  2026-05-08: 842条
  2026-05-11: 842条
  2026-05-12: 842条
  2026-05-13: 842条
  2026-05-14: 842条
  2026-05-15: 842条
  2026-05-18: 842条
  2026-05-19: 842条
  2026-05-20: 842条
  2026-05-21: 842条
  2026-05-22: 842条
  2026-05-25: 842条
  2026-05-26: 842条
  2026-05-27: 842条
  2026-06-01: 842条
  2026-06-02: 842条
  2026-06-03: 842条
  2026-06-04: 842条
  2026-06-05: 842条
  2026-06-08: 842条
  2026-06-09: 842条
  2026-06-10: 842条
  2026-06-11: 842条
  2026-06-12: 842条
  2026-06-15: 842条
  2026-06-16: 842条
  2026-06-17: 842条
  2026-06-18: 842条
  2026-06-19: 842条
  2026-06-22: 842条
  2026-06-23: 842条
  2026-06-24: 842条
  2026-06-25: 842条
  2026-06-26: 842条
  2026-06-29: 842条
  2026-06-30: 842条
  2026-07-01: 842条
  2026-07-02: 842条
  2026-07-03: 842条

加载K线数据...
K线数据: 5538只股票
待计算收益: 13604条
已更新 5052 条, 耗时 5.1s

📊 Tide评分回测结果:
                      R5%       R10%       R20%
       买入(≥60)       1.57%       3.15%       5.01%
       观望(<60)       0.67%       0.99%       0.99%

📊 评分分档收益:
        分档     次数      R5%     R10%     R20%
  --------------------------------------------
     A:80+   2663     1.98     3.41     7.03
   B:60-79  25148     1.52     3.12     4.79
   C:40-59  14090     0.68     1.02     0.99
     D:<40     87    -1.91    -3.66     0.47

已写入 27811 条买入信号到 tide_backtest_result (run_id=hist_20260704_172446)
[2026-07-04 17:24:48] 2026-05-27 未来收益计算完成
[2026-07-04 17:24:48] === 进度: 40/42, tide_score_signal=54750条 ===
[2026-07-04 17:24:48] [41/42] 2026-05-28 开始...
[2026-07-04 17:25:28]   2026-05-28: 200/842 计算完成, 失败0
[2026-07-04 17:26:10]   2026-05-28: 400/842 计算完成, 失败0
[2026-07-04 17:26:50]   2026-05-28: 600/842 计算完成, 失败0
[2026-07-04 17:27:30]   2026-05-28: 800/842 计算完成, 失败0
[2026-07-04 17:28:27] 2026-05-28 完成! 219s, 写入842只, 失败0
共 55592 条评分记录
已有评分日期:
  2026-04-01: 20条
  2026-04-02: 842条
  2026-04-03: 842条
  2026-04-06: 842条
  2026-04-07: 842条
  2026-04-08: 842条
  2026-04-09: 842条
  2026-04-10: 842条
  2026-04-13: 842条
  2026-04-14: 842条
  2026-04-15: 842条
  2026-04-16: 842条
  2026-04-17: 842条
  2026-04-20: 842条
  2026-04-21: 842条
  2026-04-22: 842条
  2026-04-23: 842条
  2026-04-24: 842条
  2026-04-27: 842条
  2026-04-28: 842条
  2026-04-29: 842条
  2026-04-30: 842条
  2026-05-01: 842条
  2026-05-04: 842条
  2026-05-05: 842条
  2026-05-06: 842条
  2026-05-07: 842条
  2026-05-08: 842条
  2026-05-11: 842条
  2026-05-12: 842条
  2026-05-13: 842条
  2026-05-14: 842条
  2026-05-15: 842条
  2026-05-18: 842条
  2026-05-19: 842条
  2026-05-20: 842条
  2026-05-21: 842条
  2026-05-22: 842条
  2026-05-25: 842条
  2026-05-26: 842条
  2026-05-27: 842条
  2026-05-28: 842条
  2026-06-01: 842条
  2026-06-02: 842条
  2026-06-03: 842条
  2026-06-04: 842条
  2026-06-05: 842条
  2026-06-08: 842条
  2026-06-09: 842条
  2026-06-10: 842条
  2026-06-11: 842条
  2026-06-12: 842条
  2026-06-15: 842条
  2026-06-16: 842条
  2026-06-17: 842条
  2026-06-18: 842条
  2026-06-19: 842条
  2026-06-22: 842条
  2026-06-23: 842条
  2026-06-24: 842条
  2026-06-25: 842条
  2026-06-26: 842条
  2026-06-29: 842条
  2026-06-30: 842条
  2026-07-01: 842条
  2026-07-02: 842条
  2026-07-03: 842条

加载K线数据...
K线数据: 5538只股票
待计算收益: 13604条
已更新 5052 条, 耗时 4.8s

📊 Tide评分回测结果:
                      R5%       R10%       R20%
       买入(≥60)       1.47%       2.96%       4.88%
       观望(<60)       0.59%       0.82%       0.77%

📊 评分分档收益:
        分档     次数      R5%     R10%     R20%
  --------------------------------------------
     A:80+   2726     1.92     3.25     7.19
   B:60-79  25638     1.42     2.93     4.63
   C:40-59  14379     0.61     0.85     0.77
     D:<40     87    -1.91    -3.66     0.47

已写入 28364 条买入信号到 tide_backtest_result (run_id=hist_20260704_172849)
[2026-07-04 17:28:52] 2026-05-28 未来收益计算完成
[2026-07-04 17:28:52] [42/42] 2026-05-29 开始...
[2026-07-04 17:29:36]   2026-05-29: 200/842 计算完成, 失败0
[2026-07-04 17:30:16]   2026-05-29: 400/842 计算完成, 失败0
[2026-07-04 17:30:56]   2026-05-29: 600/842 计算完成, 失败0
[2026-07-04 17:31:40]   2026-05-29: 800/842 计算完成, 失败0
[2026-07-04 17:32:38] 2026-05-29 完成! 226s, 写入842只, 失败0
共 56434 条评分记录
已有评分日期:
  2026-04-01: 20条
  2026-04-02: 842条
  2026-04-03: 842条
  2026-04-06: 842条
  2026-04-07: 842条
  2026-04-08: 842条
  2026-04-09: 842条
  2026-04-10: 842条
  2026-04-13: 842条
  2026-04-14: 842条
  2026-04-15: 842条
  2026-04-16: 842条
  2026-04-17: 842条
  2026-04-20: 842条
  2026-04-21: 842条
  2026-04-22: 842条
  2026-04-23: 842条
  2026-04-24: 842条
  2026-04-27: 842条
  2026-04-28: 842条
  2026-04-29: 842条
  2026-04-30: 842条
  2026-05-01: 842条
  2026-05-04: 842条
  2026-05-05: 842条
  2026-05-06: 842条
  2026-05-07: 842条
  2026-05-08: 842条
  2026-05-11: 842条
  2026-05-12: 842条
  2026-05-13: 842条
  2026-05-14: 842条
  2026-05-15: 842条
  2026-05-18: 842条
  2026-05-19: 842条
  2026-05-20: 842条
  2026-05-21: 842条
  2026-05-22: 842条
  2026-05-25: 842条
  2026-05-26: 842条
  2026-05-27: 842条
  2026-05-28: 842条
  2026-05-29: 842条
  2026-06-01: 842条
  2026-06-02: 842条
  2026-06-03: 842条
  2026-06-04: 842条
  2026-06-05: 842条
  2026-06-08: 842条
  2026-06-09: 842条
  2026-06-10: 842条
  2026-06-11: 842条
  2026-06-12: 842条
  2026-06-15: 842条
  2026-06-16: 842条
  2026-06-17: 842条
  2026-06-18: 842条
  2026-06-19: 842条
  2026-06-22: 842条
  2026-06-23: 842条
  2026-06-24: 842条
  2026-06-25: 842条
  2026-06-26: 842条
  2026-06-29: 842条
  2026-06-30: 842条
  2026-07-01: 842条
  2026-07-02: 842条
  2026-07-03: 842条

加载K线数据...
K线数据: 5538只股票
待计算收益: 13604条
已更新 5052 条, 耗时 4.7s

📊 Tide评分回测结果:
                      R5%       R10%       R20%
       买入(≥60)       1.43%       2.85%       4.85%
       观望(<60)       0.54%       0.72%       0.68%

📊 评分分档收益:
        分档     次数      R5%     R10%     R20%
  --------------------------------------------
     A:80+   2791     1.92     3.18     7.23
   B:60-79  26103     1.38     2.82     4.59
   C:40-59  14691     0.55     0.75     0.68
     D:<40     87    -1.91    -3.66     0.47

已写入 28894 条买入信号到 tide_backtest_result (run_id=hist_20260704_173300)
[2026-07-04 17:33:02] 2026-05-29 未来收益计算完成
[2026-07-04 17:33:02] 全部完成！
